TN:
SF:src\constants\Colors.ts
FN:169,(anonymous_0)
FNF:1
FNH:0
FNDA:0,(anonymous_0)
DA:7,0
DA:169,0
DA:171,0
DA:172,0
DA:173,0
DA:174,0
DA:175,0
DA:176,0
DA:180,0
DA:181,0
DA:185,0
DA:186,0
DA:189,0
LF:13
LH:0
BRDA:171,0,0,0
BRDA:171,0,1,0
BRDA:180,1,0,0
BRDA:180,1,1,0
BRDA:185,2,0,0
BRDA:185,2,1,0
BRF:6
BRH:0
end_of_record
TN:
SF:src\constants\ServerData.ts
FNF:0
FNH:0
DA:1,0
LF:1
LH:0
BRF:0
BRH:0
end_of_record
TN:
SF:src\constants\Styles.ts
FN:112,(anonymous_0)
FN:116,(anonymous_1)
FN:192,(anonymous_2)
FN:458,(anonymous_3)
FNF:4
FNH:0
FNDA:0,(anonymous_0)
FNDA:0,(anonymous_1)
FNDA:0,(anonymous_2)
FNDA:0,(anonymous_3)
DA:7,0
DA:8,0
DA:10,0
DA:13,0
DA:71,0
DA:96,0
DA:111,0
DA:112,0
DA:116,0
DA:123,0
DA:132,0
DA:155,0
DA:177,0
DA:190,0
DA:192,0
DA:456,0
DA:458,0
DA:459,0
DA:460,0
DA:464,0
LF:20
LH:0
BRDA:112,0,0,0
BRDA:116,1,0,0
BRF:2
BRH:0
end_of_record
TN:
SF:src\hooks\useCalendar-fixed.ts
FN:21,useCalendar
FN:34,(anonymous_10)
FN:35,(anonymous_11)
FN:38,(anonymous_12)
FN:40,(anonymous_13)
FN:44,(anonymous_14)
FN:62,(anonymous_15)
FN:74,(anonymous_16)
FN:93,useCalendarData
FN:102,(anonymous_18)
FN:110,(anonymous_19)
FNF:11
FNH:0
FNDA:0,useCalendar
FNDA:0,(anonymous_10)
FNDA:0,(anonymous_11)
FNDA:0,(anonymous_12)
FNDA:0,(anonymous_13)
FNDA:0,(anonymous_14)
FNDA:0,(anonymous_15)
FNDA:0,(anonymous_16)
FNDA:0,useCalendarData
FNDA:0,(anonymous_18)
FNDA:0,(anonymous_19)
DA:1,0
DA:2,0
DA:21,0
DA:22,0
DA:29,0
DA:34,0
DA:35,0
DA:38,0
DA:39,0
DA:40,0
DA:42,0
DA:44,0
DA:51,0
DA:54,0
DA:56,0
DA:57,0
DA:58,0
DA:59,0
DA:62,0
DA:68,0
DA:69,0
DA:74,0
DA:75,0
DA:76,0
DA:80,0
DA:93,0
DA:98,0
DA:99,0
DA:102,0
DA:103,0
DA:104,0
DA:105,0
DA:110,0
DA:111,0
DA:112,0
DA:116,0
LF:36
LH:0
BRDA:56,0,0,0
BRDA:56,0,1,0
BRDA:58,1,0,0
BRDA:58,1,1,0
BRDA:68,2,0,0
BRDA:68,2,1,0
BRDA:75,3,0,0
BRDA:75,3,1,0
BRDA:96,4,0,0
BRDA:103,5,0,0
BRDA:103,5,1,0
BRDA:103,6,0,0
BRDA:103,6,1,0
BRDA:111,7,0,0
BRDA:111,7,1,0
BRDA:111,8,0,0
BRDA:111,8,1,0
BRF:17
BRH:0
end_of_record
TN:
SF:src\hooks\useCalendar.ts
FN:22,useCalendar
FN:35,(anonymous_10)
FN:36,(anonymous_11)
FN:39,(anonymous_12)
FN:45,(anonymous_13)
FN:49,(anonymous_14)
FN:67,(anonymous_15)
FN:79,(anonymous_16)
FN:100,useCalendarData
FN:115,(anonymous_18)
FNF:10
FNH:0
FNDA:0,useCalendar
FNDA:0,(anonymous_10)
FNDA:0,(anonymous_11)
FNDA:0,(anonymous_12)
FNDA:0,(anonymous_13)
FNDA:0,(anonymous_14)
FNDA:0,(anonymous_15)
FNDA:0,(anonymous_16)
FNDA:0,useCalendarData
FNDA:0,(anonymous_18)
DA:1,0
DA:2,0
DA:22,0
DA:23,0
DA:30,0
DA:35,0
DA:36,0
DA:39,0
DA:41,0
DA:42,0
DA:44,0
DA:45,0
DA:47,0
DA:49,0
DA:56,0
DA:59,0
DA:61,0
DA:62,0
DA:63,0
DA:64,0
DA:67,0
DA:73,0
DA:74,0
DA:79,0
DA:80,0
DA:81,0
DA:85,0
DA:100,0
DA:105,0
DA:106,0
DA:110,0
DA:111,0
DA:115,0
DA:116,0
DA:117,0
DA:118,0
DA:122,0
LF:37
LH:0
BRDA:41,0,0,0
BRDA:41,0,1,0
BRDA:61,1,0,0
BRDA:61,1,1,0
BRDA:63,2,0,0
BRDA:63,2,1,0
BRDA:73,3,0,0
BRDA:73,3,1,0
BRDA:80,4,0,0
BRDA:80,4,1,0
BRDA:103,5,0,0
BRDA:110,6,0,0
BRDA:110,6,1,0
BRDA:110,7,0,0
BRDA:110,7,1,0
BRDA:116,8,0,0
BRDA:116,8,1,0
BRDA:116,9,0,0
BRDA:116,9,1,0
BRF:19
BRH:0
end_of_record
TN:
SF:src\hooks\useClients.ts
FN:16,(anonymous_0)
FN:21,(anonymous_1)
FN:55,(anonymous_2)
FN:59,(anonymous_3)
FN:65,(anonymous_4)
FNF:5
FNH:0
FNDA:0,(anonymous_0)
FNDA:0,(anonymous_1)
FNDA:0,(anonymous_2)
FNDA:0,(anonymous_3)
FNDA:0,(anonymous_4)
DA:2,0
DA:3,0
DA:4,0
DA:16,0
DA:17,0
DA:18,0
DA:19,0
DA:21,0
DA:22,0
DA:23,0
DA:24,0
DA:27,0
DA:28,0
DA:29,0
DA:30,0
DA:31,0
DA:35,0
DA:36,0
DA:39,0
DA:40,0
DA:42,0
DA:43,0
DA:44,0
DA:45,0
DA:47,0
DA:49,0
DA:51,0
DA:55,0
DA:56,0
DA:59,0
DA:60,0
DA:64,0
DA:65,0
DA:66,0
DA:68,0
LF:35
LH:0
BRDA:28,0,0,0
BRDA:28,0,1,0
BRDA:40,1,0,0
BRDA:40,1,1,0
BRDA:42,2,0,0
BRDA:42,2,1,0
BRDA:42,3,0,0
BRDA:42,3,1,0
BRDA:44,4,0,0
BRDA:44,4,1,0
BRDA:44,5,0,0
BRDA:44,5,1,0
BRF:12
BRH:0
end_of_record
TN:
SF:src\hooks\useGamification.ts
FN:54,(anonymous_0)
FN:73,(anonymous_1)
FN:77,(anonymous_2)
FN:91,(anonymous_3)
FN:101,(anonymous_4)
FN:114,(anonymous_5)
FN:121,(anonymous_6)
FN:133,(anonymous_7)
FN:158,(anonymous_8)
FN:173,(anonymous_9)
FNF:10
FNH:0
FNDA:0,(anonymous_0)
FNDA:0,(anonymous_1)
FNDA:0,(anonymous_2)
FNDA:0,(anonymous_3)
FNDA:0,(anonymous_4)
FNDA:0,(anonymous_5)
FNDA:0,(anonymous_6)
FNDA:0,(anonymous_7)
FNDA:0,(anonymous_8)
FNDA:0,(anonymous_9)
DA:5,0
DA:28,0
DA:31,0
DA:54,0
DA:55,0
DA:56,0
DA:57,0
DA:60,0
DA:73,0
DA:74,0
DA:77,0
DA:78,0
DA:79,0
DA:81,0
DA:83,0
DA:84,0
DA:85,0
DA:87,0
DA:91,0
DA:92,0
DA:94,0
DA:96,0
DA:97,0
DA:101,0
DA:102,0
DA:103,0
DA:105,0
DA:106,0
DA:107,0
DA:108,0
DA:109,0
DA:114,0
DA:115,0
DA:116,0
DA:118,0
DA:119,0
DA:120,0
DA:121,0
DA:122,0
DA:125,0
DA:133,0
DA:134,0
DA:136,0
DA:137,0
DA:139,0
DA:150,0
DA:151,0
DA:152,0
DA:155,0
DA:158,0
DA:159,0
DA:161,0
DA:162,0
DA:170,0
DA:173,0
DA:174,0
DA:176,0
DA:181,0
DA:184,0
LF:59
LH:0
BRDA:106,0,0,0
BRDA:106,0,1,0
BRDA:118,1,0,0
BRDA:118,1,1,0
BRDA:121,2,0,0
BRDA:121,2,1,0
BRDA:134,3,0,0
BRDA:134,3,1,0
BRDA:151,4,0,0
BRDA:151,4,1,0
BRDA:159,5,0,0
BRDA:159,5,1,0
BRDA:174,6,0,0
BRDA:174,6,1,0
BRF:14
BRH:0
end_of_record
TN:
SF:src\hooks\useGamificationFixed.ts
FN:51,(anonymous_0)
FN:69,(anonymous_1)
FN:82,(anonymous_2)
FN:89,(anonymous_3)
FN:101,(anonymous_4)
FN:127,(anonymous_5)
FN:142,(anonymous_6)
FNF:7
FNH:0
FNDA:0,(anonymous_0)
FNDA:0,(anonymous_1)
FNDA:0,(anonymous_2)
FNDA:0,(anonymous_3)
FNDA:0,(anonymous_4)
FNDA:0,(anonymous_5)
FNDA:0,(anonymous_6)
DA:4,0
DA:28,0
DA:51,0
DA:53,0
DA:65,0
DA:66,0
DA:67,0
DA:69,0
DA:70,0
DA:71,0
DA:73,0
DA:74,0
DA:75,0
DA:76,0
DA:77,0
DA:82,0
DA:83,0
DA:84,0
DA:86,0
DA:87,0
DA:88,0
DA:89,0
DA:90,0
DA:93,0
DA:101,0
DA:102,0
DA:104,0
DA:105,0
DA:107,0
DA:118,0
DA:119,0
DA:120,0
DA:123,0
DA:124,0
DA:127,0
DA:128,0
DA:130,0
DA:131,0
DA:139,0
DA:142,0
DA:143,0
DA:145,0
DA:150,0
DA:153,0
LF:44
LH:0
BRDA:74,0,0,0
BRDA:74,0,1,0
BRDA:86,1,0,0
BRDA:86,1,1,0
BRDA:89,2,0,0
BRDA:89,2,1,0
BRDA:102,3,0,0
BRDA:102,3,1,0
BRDA:119,4,0,0
BRDA:119,4,1,0
BRDA:128,5,0,0
BRDA:128,5,1,0
BRDA:143,6,0,0
BRDA:143,6,1,0
BRF:14
BRH:0
end_of_record
TN:
SF:src\hooks\useJobNotes.ts
FN:15,(anonymous_0)
FN:20,(anonymous_1)
FN:60,(anonymous_2)
FN:64,(anonymous_3)
FN:71,(anonymous_4)
FN:82,(anonymous_5)
FNF:6
FNH:0
FNDA:0,(anonymous_0)
FNDA:0,(anonymous_1)
FNDA:0,(anonymous_2)
FNDA:0,(anonymous_3)
FNDA:0,(anonymous_4)
FNDA:0,(anonymous_5)
DA:2,0
DA:3,0
DA:4,0
DA:15,0
DA:16,0
DA:17,0
DA:18,0
DA:20,0
DA:21,0
DA:22,0
DA:23,0
DA:24,0
DA:27,0
DA:28,0
DA:29,0
DA:32,0
DA:33,0
DA:34,0
DA:35,0
DA:36,0
DA:40,0
DA:41,0
DA:44,0
DA:45,0
DA:47,0
DA:48,0
DA:49,0
DA:50,0
DA:52,0
DA:54,0
DA:56,0
DA:60,0
DA:61,0
DA:64,0
DA:65,0
DA:67,0
DA:68,0
DA:71,0
DA:73,0
DA:75,0
DA:76,0
DA:77,0
DA:78,0
DA:82,0
DA:83,0
DA:87,0
DA:89,0
LF:47
LH:0
BRDA:21,0,0,0
BRDA:21,0,1,0
BRDA:33,1,0,0
BRDA:33,1,1,0
BRDA:45,2,0,0
BRDA:45,2,1,0
BRDA:47,3,0,0
BRDA:47,3,1,0
BRDA:47,4,0,0
BRDA:47,4,1,0
BRDA:49,5,0,0
BRDA:49,5,1,0
BRDA:49,6,0,0
BRDA:49,6,1,0
BRDA:65,7,0,0
BRDA:65,7,1,0
BRDA:76,8,0,0
BRDA:76,8,1,0
BRF:18
BRH:0
end_of_record
TN:
SF:src\hooks\useJobsForDay.ts
FN:57,convertAPIJobToLocal
FN:121,mapApiStatus
FN:132,generateAddress
FN:141,generateCity
FN:146,generatePostalCode
FN:150,generateLicensePlate
FN:156,generateTruckName
FN:161,calculateDuration
FN:171,(anonymous_8)
FN:183,(anonymous_9)
FN:339,(anonymous_10)
FN:349,(anonymous_11)
FN:407,(anonymous_12)
FN:411,(anonymous_13)
FN:417,(anonymous_14)
FN:418,(anonymous_15)
FN:434,(anonymous_16)
FN:435,(anonymous_17)
FNF:18
FNH:0
FNDA:0,convertAPIJobToLocal
FNDA:0,mapApiStatus
FNDA:0,generateAddress
FNDA:0,generateCity
FNDA:0,generatePostalCode
FNDA:0,generateLicensePlate
FNDA:0,generateTruckName
FNDA:0,calculateDuration
FNDA:0,(anonymous_8)
FNDA:0,(anonymous_9)
FNDA:0,(anonymous_10)
FNDA:0,(anonymous_11)
FNDA:0,(anonymous_12)
FNDA:0,(anonymous_13)
FNDA:0,(anonymous_14)
FNDA:0,(anonymous_15)
FNDA:0,(anonymous_16)
FNDA:0,(anonymous_17)
DA:1,0
DA:2,0
DA:3,0
DA:58,0
DA:61,0
DA:62,0
DA:63,0
DA:66,0
DA:68,0
DA:116,0
DA:117,0
DA:122,0
DA:129,0
DA:133,0
DA:137,0
DA:138,0
DA:142,0
DA:143,0
DA:147,0
DA:151,0
DA:152,0
DA:153,0
DA:157,0
DA:158,0
DA:162,0
DA:164,0
DA:165,0
DA:166,0
DA:168,0
DA:171,0
DA:178,0
DA:179,0
DA:180,0
DA:183,0
DA:184,0
DA:333,0
DA:336,0
DA:339,0
DA:340,0
DA:341,0
DA:342,0
DA:345,0
DA:346,0
DA:348,0
DA:349,0
DA:350,0
DA:351,0
DA:352,0
DA:356,0
DA:357,0
DA:359,0
DA:361,0
DA:364,0
DA:365,0
DA:366,0
DA:367,0
DA:370,0
DA:371,0
DA:372,0
DA:376,0
DA:378,0
DA:379,0
DA:381,0
DA:383,0
DA:386,0
DA:389,0
DA:390,0
DA:391,0
DA:392,0
DA:393,0
DA:394,0
DA:395,0
DA:396,0
DA:397,0
DA:399,0
DA:400,0
DA:403,0
DA:407,0
DA:408,0
DA:411,0
DA:412,0
DA:416,0
DA:417,0
DA:419,0
DA:421,0
DA:423,0
DA:424,0
DA:426,0
DA:427,0
DA:429,0
DA:433,0
DA:434,0
DA:435,0
DA:437,0
LF:94
LH:0
BRDA:61,0,0,0
BRDA:61,0,1,0
BRDA:62,1,0,0
BRDA:62,1,1,0
BRDA:63,2,0,0
BRDA:63,2,1,0
BRDA:66,3,0,0
BRDA:66,3,1,0
BRDA:72,4,0,0
BRDA:72,4,1,0
BRDA:76,5,0,0
BRDA:76,5,1,0
BRDA:77,6,0,0
BRDA:77,6,1,0
BRDA:82,7,0,0
BRDA:82,7,1,0
BRDA:83,8,0,0
BRDA:83,8,1,0
BRDA:103,9,0,0
BRDA:103,9,1,0
BRDA:104,10,0,0
BRDA:104,10,1,0
BRDA:105,11,0,0
BRDA:105,11,1,0
BRDA:105,11,2,0
BRDA:106,12,0,0
BRDA:106,12,1,0
BRDA:106,12,2,0
BRDA:113,13,0,0
BRDA:113,13,1,0
BRDA:129,14,0,0
BRDA:129,14,1,0
BRDA:162,15,0,0
BRDA:162,15,1,0
BRDA:162,16,0,0
BRDA:162,16,1,0
BRDA:333,17,0,0
BRDA:333,17,1,0
BRDA:346,18,0,0
BRDA:346,18,1,0
BRDA:370,19,0,0
BRDA:370,19,1,0
BRDA:386,20,0,0
BRDA:386,20,1,0
BRDA:389,21,0,0
BRDA:389,21,1,0
BRDA:389,22,0,0
BRDA:389,22,1,0
BRDA:389,22,2,0
BRDA:392,23,0,0
BRDA:392,23,1,0
BRDA:395,24,0,0
BRDA:395,24,1,0
BRDA:395,25,0,0
BRDA:395,25,1,0
BRDA:417,26,0,0
BRDA:417,26,1,0
BRDA:419,27,0,0
BRDA:419,27,1,0
BRDA:419,27,2,0
BRDA:419,27,3,0
BRDA:435,28,0,0
BRDA:435,28,1,0
BRF:63
BRH:0
end_of_record
TN:
SF:src\hooks\useJobsForMonth.ts
FN:12,(anonymous_0)
FN:17,(anonymous_1)
FN:23,(anonymous_2)
FN:80,(anonymous_3)
FN:84,(anonymous_4)
FNF:5
FNH:0
FNDA:0,(anonymous_0)
FNDA:0,(anonymous_1)
FNDA:0,(anonymous_2)
FNDA:0,(anonymous_3)
FNDA:0,(anonymous_4)
DA:2,0
DA:3,0
DA:12,0
DA:13,0
DA:14,0
DA:15,0
DA:17,0
DA:18,0
DA:19,0
DA:20,0
DA:23,0
DA:26,0
DA:27,0
DA:29,0
DA:31,0
DA:34,0
DA:35,0
DA:36,0
DA:37,0
DA:39,0
DA:40,0
DA:41,0
DA:42,0
DA:46,0
DA:47,0
DA:48,0
DA:49,0
DA:52,0
DA:53,0
DA:54,0
DA:57,0
DA:59,0
DA:60,0
DA:62,0
DA:63,0
DA:64,0
DA:65,0
DA:66,0
DA:67,0
DA:69,0
DA:73,0
DA:74,0
DA:76,0
DA:80,0
DA:81,0
DA:84,0
DA:85,0
DA:87,0
DA:88,0
DA:89,0
DA:91,0
DA:92,0
DA:96,0
LF:53
LH:0
BRDA:39,0,0,0
BRDA:39,0,1,0
BRDA:39,1,0,0
BRDA:39,1,1,0
BRDA:46,2,0,0
BRDA:46,2,1,0
BRDA:46,3,0,0
BRDA:46,3,1,0
BRDA:59,4,0,0
BRDA:59,4,1,0
BRDA:62,5,0,0
BRDA:62,5,1,0
BRDA:62,6,0,0
BRDA:62,6,1,0
BRDA:64,7,0,0
BRDA:64,7,1,0
BRDA:66,8,0,0
BRDA:66,8,1,0
BRDA:87,9,0,0
BRDA:87,9,1,0
BRDA:87,10,0,0
BRDA:87,10,1,0
BRDA:87,10,2,0
BRDA:87,10,3,0
BRF:24
BRH:0
end_of_record
TN:
SF:src\hooks\useJobsForYear.ts
FN:17,(anonymous_0)
FN:23,(anonymous_1)
FN:47,(anonymous_2)
FN:75,(anonymous_3)
FN:79,(anonymous_4)
FNF:5
FNH:0
FNDA:0,(anonymous_0)
FNDA:0,(anonymous_1)
FNDA:0,(anonymous_2)
FNDA:0,(anonymous_3)
FNDA:0,(anonymous_4)
DA:2,0
DA:3,0
DA:17,0
DA:18,0
DA:19,0
DA:20,0
DA:21,0
DA:23,0
DA:24,0
DA:25,0
DA:26,0
DA:28,0
DA:29,0
DA:31,0
DA:33,0
DA:35,0
DA:36,0
DA:37,0
DA:38,0
DA:39,0
DA:44,0
DA:45,0
DA:47,0
DA:48,0
DA:49,0
DA:51,0
DA:52,0
DA:55,0
DA:56,0
DA:59,0
DA:61,0
DA:62,0
DA:65,0
DA:66,0
DA:67,0
DA:68,0
DA:69,0
DA:71,0
DA:75,0
DA:76,0
DA:79,0
DA:80,0
DA:81,0
DA:83,0
DA:84,0
DA:88,0
LF:46
LH:0
BRDA:35,0,0,0
BRDA:35,0,1,0
BRDA:35,1,0,0
BRDA:35,1,1,0
BRDA:51,2,0,0
BRDA:51,2,1,0
BRDA:65,3,0,0
BRDA:65,3,1,0
BRDA:80,4,0,0
BRDA:80,4,1,0
BRDA:80,5,0,0
BRDA:80,5,1,0
BRDA:80,5,2,0
BRF:13
BRH:0
end_of_record
TN:
SF:src\hooks\useSession-fixed.ts
FN:15,useSession
FN:24,(anonymous_1)
FN:26,(anonymous_2)
FN:61,(anonymous_3)
FN:66,(anonymous_4)
FN:80,useAuthGuard
FN:83,(anonymous_6)
FNF:7
FNH:0
FNDA:0,useSession
FNDA:0,(anonymous_1)
FNDA:0,(anonymous_2)
FNDA:0,(anonymous_3)
FNDA:0,(anonymous_4)
FNDA:0,useAuthGuard
FNDA:0,(anonymous_6)
DA:1,0
DA:2,0
DA:15,0
DA:16,0
DA:24,0
DA:25,0
DA:26,0
DA:28,0
DA:30,0
DA:31,0
DA:38,0
DA:46,0
DA:47,0
DA:54,0
DA:55,0
DA:61,0
DA:62,0
DA:66,0
DA:67,0
DA:70,0
DA:80,0
DA:81,0
DA:83,0
DA:85,0
DA:86,0
DA:90,0
LF:26
LH:0
BRDA:30,0,0,0
BRDA:30,0,1,0
BRDA:30,1,0,0
BRDA:30,1,1,0
BRDA:46,2,0,0
BRDA:46,2,1,0
BRDA:54,3,0,0
BRDA:54,3,1,0
BRDA:85,4,0,0
BRDA:85,4,1,0
BRDA:85,5,0,0
BRDA:85,5,1,0
BRF:12
BRH:0
end_of_record
TN:
SF:src\hooks\useSession.ts
FN:15,useSession
FN:23,(anonymous_1)
FN:28,(anonymous_2)
FN:62,(anonymous_3)
FN:101,useAuthGuard
FN:105,(anonymous_5)
FNF:6
FNH:0
FNDA:0,useSession
FNDA:0,(anonymous_1)
FNDA:0,(anonymous_2)
FNDA:0,(anonymous_3)
FNDA:0,useAuthGuard
FNDA:0,(anonymous_5)
DA:1,0
DA:2,0
DA:15,0
DA:16,0
DA:17,0
DA:18,0
DA:19,0
DA:20,0
DA:23,0
DA:24,0
DA:26,0
DA:28,0
DA:29,0
DA:30,0
DA:31,0
DA:33,0
DA:35,0
DA:36,0
DA:37,0
DA:38,0
DA:40,0
DA:41,0
DA:42,0
DA:45,0
DA:46,0
DA:47,0
DA:48,0
DA:50,0
DA:51,0
DA:54,0
DA:58,0
DA:62,0
DA:63,0
DA:64,0
DA:65,0
DA:67,0
DA:69,0
DA:70,0
DA:71,0
DA:72,0
DA:74,0
DA:75,0
DA:76,0
DA:79,0
DA:80,0
DA:81,0
DA:82,0
DA:84,0
DA:88,0
DA:101,0
DA:102,0
DA:103,0
DA:105,0
DA:107,0
DA:108,0
DA:112,0
DA:115,0
DA:116,0
DA:120,0
LF:59
LH:0
BRDA:24,0,0,0
BRDA:24,0,1,0
BRDA:35,1,0,0
BRDA:35,1,1,0
BRDA:35,2,0,0
BRDA:35,2,1,0
BRDA:45,3,0,0
BRDA:45,3,1,0
BRDA:50,4,0,0
BRDA:50,4,1,0
BRDA:69,5,0,0
BRDA:69,5,1,0
BRDA:69,6,0,0
BRDA:69,6,1,0
BRDA:79,7,0,0
BRDA:79,7,1,0
BRDA:107,8,0,0
BRDA:107,8,1,0
BRDA:112,9,0,0
BRDA:112,9,1,0
BRDA:112,10,0,0
BRDA:112,10,1,0
BRDA:112,10,2,0
BRF:23
BRH:0
end_of_record
TN:
SF:src\hooks\useUserProfile.ts
FN:21,(anonymous_0)
FN:30,(anonymous_1)
FN:39,(anonymous_2)
FN:50,(anonymous_3)
FN:78,(anonymous_4)
FN:124,(anonymous_5)
FN:130,(anonymous_6)
FN:175,(anonymous_7)
FN:213,(anonymous_8)
FNF:9
FNH:0
FNDA:0,(anonymous_0)
FNDA:0,(anonymous_1)
FNDA:0,(anonymous_2)
FNDA:0,(anonymous_3)
FNDA:0,(anonymous_4)
FNDA:0,(anonymous_5)
FNDA:0,(anonymous_6)
FNDA:0,(anonymous_7)
FNDA:0,(anonymous_8)
DA:2,0
DA:3,0
DA:4,0
DA:5,0
DA:6,0
DA:9,0
DA:21,0
DA:22,0
DA:23,0
DA:24,0
DA:25,0
DA:26,0
DA:27,0
DA:30,0
DA:31,0
DA:33,0
DA:40,0
DA:50,0
DA:51,0
DA:52,0
DA:53,0
DA:54,0
DA:55,0
DA:57,0
DA:61,0
DA:62,0
DA:64,0
DA:65,0
DA:67,0
DA:68,0
DA:76,0
DA:78,0
DA:79,0
DA:81,0
DA:82,0
DA:83,0
DA:84,0
DA:93,0
DA:94,0
DA:95,0
DA:98,0
DA:100,0
DA:101,0
DA:104,0
DA:105,0
DA:106,0
DA:109,0
DA:110,0
DA:111,0
DA:112,0
DA:114,0
DA:118,0
DA:120,0
DA:124,0
DA:126,0
DA:127,0
DA:130,0
DA:131,0
DA:132,0
DA:133,0
DA:134,0
DA:135,0
DA:137,0
DA:138,0
DA:145,0
DA:149,0
DA:150,0
DA:152,0
DA:153,0
DA:154,0
DA:157,0
DA:158,0
DA:167,0
DA:173,0
DA:175,0
DA:176,0
DA:178,0
DA:179,0
DA:180,0
DA:181,0
DA:184,0
DA:185,0
DA:186,0
DA:188,0
DA:191,0
DA:193,0
DA:194,0
DA:197,0
DA:198,0
DA:199,0
DA:202,0
DA:205,0
DA:206,0
DA:209,0
DA:213,0
DA:214,0
DA:217,0
LF:97
LH:0
BRDA:61,0,0,0
BRDA:61,0,1,0
BRDA:64,1,0,0
BRDA:64,1,1,0
BRDA:100,2,0,0
BRDA:100,2,1,0
BRDA:104,3,0,0
BRDA:104,3,1,0
BRDA:109,4,0,0
BRDA:109,4,1,0
BRDA:109,5,0,0
BRDA:109,5,1,0
BRDA:111,6,0,0
BRDA:111,6,1,0
BRDA:138,7,0,0
BRDA:138,7,1,0
BRDA:149,8,0,0
BRDA:149,8,1,0
BRDA:152,9,0,0
BRDA:152,9,1,0
BRDA:161,10,0,0
BRDA:161,10,1,0
BRDA:193,11,0,0
BRDA:193,11,1,0
BRDA:197,12,0,0
BRDA:197,12,1,0
BRF:26
BRH:0
end_of_record
TN:
SF:src\services\calendar.ts
FN:49,fetchCalendarOverview
FN:61,(anonymous_1)
FN:72,fetchJobsForDate
FN:84,(anonymous_3)
FN:95,fetchCalendarMonth
FN:107,(anonymous_5)
FNF:6
FNH:0
FNDA:0,fetchCalendarOverview
FNDA:0,(anonymous_1)
FNDA:0,fetchJobsForDate
FNDA:0,(anonymous_3)
FNDA:0,fetchCalendarMonth
FNDA:0,(anonymous_5)
DA:2,0
DA:3,0
DA:5,0
DA:49,0
DA:50,0
DA:52,0
DA:60,0
DA:61,0
DA:62,0
DA:65,0
DA:66,0
DA:72,0
DA:73,0
DA:75,0
DA:83,0
DA:84,0
DA:85,0
DA:88,0
DA:89,0
DA:95,0
DA:96,0
DA:98,0
DA:106,0
DA:107,0
DA:108,0
DA:111,0
DA:112,0
LF:27
LH:0
BRDA:60,0,0,0
BRDA:60,0,1,0
BRDA:62,1,0,0
BRDA:62,1,1,0
BRDA:66,2,0,0
BRDA:66,2,1,0
BRDA:83,3,0,0
BRDA:83,3,1,0
BRDA:85,4,0,0
BRDA:85,4,1,0
BRDA:89,5,0,0
BRDA:89,5,1,0
BRDA:106,6,0,0
BRDA:106,6,1,0
BRDA:108,7,0,0
BRDA:108,7,1,0
BRDA:112,8,0,0
BRDA:112,8,1,0
BRF:18
BRH:0
end_of_record
TN:
SF:src\services\clients.ts
FN:59,fetchClients
FN:71,(anonymous_1)
FN:82,fetchClientById
FN:94,(anonymous_3)
FN:105,createClient
FN:118,(anonymous_5)
FN:129,updateClient
FN:142,(anonymous_7)
FN:153,deleteClient
FN:165,(anonymous_9)
FN:173,archiveClient
FN:185,(anonymous_11)
FN:196,unarchiveClient
FN:208,(anonymous_13)
FNF:14
FNH:0
FNDA:0,fetchClients
FNDA:0,(anonymous_1)
FNDA:0,fetchClientById
FNDA:0,(anonymous_3)
FNDA:0,createClient
FNDA:0,(anonymous_5)
FNDA:0,updateClient
FNDA:0,(anonymous_7)
FNDA:0,deleteClient
FNDA:0,(anonymous_9)
FNDA:0,archiveClient
FNDA:0,(anonymous_11)
FNDA:0,unarchiveClient
FNDA:0,(anonymous_13)
DA:2,0
DA:3,0
DA:5,0
DA:59,0
DA:60,0
DA:62,0
DA:70,0
DA:71,0
DA:72,0
DA:75,0
DA:76,0
DA:82,0
DA:83,0
DA:85,0
DA:93,0
DA:94,0
DA:95,0
DA:98,0
DA:99,0
DA:105,0
DA:106,0
DA:108,0
DA:117,0
DA:118,0
DA:119,0
DA:122,0
DA:123,0
DA:129,0
DA:130,0
DA:132,0
DA:141,0
DA:142,0
DA:143,0
DA:146,0
DA:147,0
DA:153,0
DA:154,0
DA:156,0
DA:164,0
DA:165,0
DA:166,0
DA:173,0
DA:174,0
DA:176,0
DA:184,0
DA:185,0
DA:186,0
DA:189,0
DA:190,0
DA:196,0
DA:197,0
DA:199,0
DA:207,0
DA:208,0
DA:209,0
DA:212,0
DA:213,0
LF:57
LH:0
BRDA:70,0,0,0
BRDA:70,0,1,0
BRDA:72,1,0,0
BRDA:72,1,1,0
BRDA:76,2,0,0
BRDA:76,2,1,0
BRDA:76,2,2,0
BRDA:93,3,0,0
BRDA:93,3,1,0
BRDA:95,4,0,0
BRDA:95,4,1,0
BRDA:99,5,0,0
BRDA:99,5,1,0
BRDA:117,6,0,0
BRDA:117,6,1,0
BRDA:119,7,0,0
BRDA:119,7,1,0
BRDA:123,8,0,0
BRDA:123,8,1,0
BRDA:141,9,0,0
BRDA:141,9,1,0
BRDA:143,10,0,0
BRDA:143,10,1,0
BRDA:147,11,0,0
BRDA:147,11,1,0
BRDA:164,12,0,0
BRDA:164,12,1,0
BRDA:166,13,0,0
BRDA:166,13,1,0
BRDA:184,14,0,0
BRDA:184,14,1,0
BRDA:186,15,0,0
BRDA:186,15,1,0
BRDA:190,16,0,0
BRDA:190,16,1,0
BRDA:207,17,0,0
BRDA:207,17,1,0
BRDA:209,18,0,0
BRDA:209,18,1,0
BRDA:213,19,0,0
BRDA:213,19,1,0
BRF:41
BRH:0
end_of_record
TN:
SF:src\services\contactLink.tsx
FN:6,(anonymous_9)
FNF:1
FNH:0
FNDA:0,(anonymous_9)
DA:4,0
DA:6,0
DA:7,0
DA:8,0
DA:9,0
DA:10,0
DA:11,0
DA:13,0
DA:16,0
DA:20,0
LF:10
LH:0
BRDA:10,0,0,0
BRDA:10,0,1,0
BRF:2
BRH:0
end_of_record
TN:
SF:src\services\copyToClipBoard.tsx
FN:4,(anonymous_9)
FNF:1
FNH:0
FNDA:0,(anonymous_9)
DA:3,0
DA:4,0
DA:5,0
DA:6,0
DA:7,0
DA:9,0
DA:13,0
LF:7
LH:0
BRF:0
BRH:0
end_of_record
TN:
SF:src\services\jobDetails.ts
FN:279,fetchJobDetails
FN:307,(anonymous_1)
FN:337,(anonymous_2)
FN:372,normalizeJobInfo
FN:407,normalizeClientInfo
FN:431,getDefaultClient
FN:450,normalizeCrewMember
FN:469,normalizeTruckInfo
FN:489,normalizeJobItem
FN:514,normalizeJobNote
FN:533,normalizeTimelineEvent
FN:549,normalizeJobMedia
FN:569,normalizeJobAddress
FN:587,updateJobInfo
FN:608,addJobNote
FN:629,performJobAction
FN:646,fetchJobDetailsClassic
FN:681,(anonymous_17)
FNF:18
FNH:0
FNDA:0,fetchJobDetails
FNDA:0,(anonymous_1)
FNDA:0,(anonymous_2)
FNDA:0,normalizeJobInfo
FNDA:0,normalizeClientInfo
FNDA:0,getDefaultClient
FNDA:0,normalizeCrewMember
FNDA:0,normalizeTruckInfo
FNDA:0,normalizeJobItem
FNDA:0,normalizeJobNote
FNDA:0,normalizeTimelineEvent
FNDA:0,normalizeJobMedia
FNDA:0,normalizeJobAddress
FNDA:0,updateJobInfo
FNDA:0,addJobNote
FNDA:0,performJobAction
FNDA:0,fetchJobDetailsClassic
FNDA:0,(anonymous_17)
DA:2,0
DA:3,0
DA:4,0
DA:6,0
DA:9,0
DA:279,0
DA:280,0
DA:281,0
DA:282,0
DA:285,0
DA:286,0
DA:287,0
DA:290,0
DA:291,0
DA:294,0
DA:296,0
DA:297,0
DA:300,0
DA:301,0
DA:304,0
DA:307,0
DA:308,0
DA:309,0
DA:310,0
DA:311,0
DA:314,0
DA:319,0
DA:321,0
DA:326,0
DA:327,0
DA:328,0
DA:331,0
DA:332,0
DA:334,0
DA:337,0
DA:339,0
DA:340,0
DA:341,0
DA:344,0
DA:345,0
DA:348,0
DA:360,0
DA:361,0
DA:364,0
DA:365,0
DA:366,0
DA:373,0
DA:408,0
DA:432,0
DA:451,0
DA:470,0
DA:490,0
DA:515,0
DA:534,0
DA:550,0
DA:570,0
DA:587,0
DA:588,0
DA:590,0
DA:595,0
DA:596,0
DA:599,0
DA:600,0
DA:602,0
DA:608,0
DA:609,0
DA:611,0
DA:616,0
DA:617,0
DA:620,0
DA:621,0
DA:623,0
DA:629,0
DA:630,0
DA:632,0
DA:636,0
DA:637,0
DA:640,0
DA:647,0
DA:649,0
DA:651,0
DA:661,0
DA:681,0
DA:684,0
DA:687,0
DA:688,0
DA:691,0
DA:692,0
DA:695,0
DA:696,0
DA:697,0
DA:698,0
DA:699,0
DA:700,0
DA:701,0
DA:706,0
DA:715,0
DA:716,0
DA:728,0
DA:740,0
DA:741,0
DA:743,0
DA:744,0
LF:103
LH:0
BRDA:285,0,0,0
BRDA:285,0,1,0
BRDA:296,1,0,0
BRDA:296,1,1,0
BRDA:304,2,0,0
BRDA:304,2,1,0
BRDA:304,2,2,0
BRDA:326,3,0,0
BRDA:326,3,1,0
BRDA:332,4,0,0
BRDA:332,4,1,0
BRDA:332,4,2,0
BRDA:337,5,0,0
BRDA:337,5,1,0
BRDA:339,6,0,0
BRDA:339,6,1,0
BRDA:344,7,0,0
BRDA:344,7,1,0
BRDA:350,8,0,0
BRDA:350,8,1,0
BRDA:350,9,0,0
BRDA:350,9,1,0
BRDA:351,10,0,0
BRDA:351,10,1,0
BRDA:352,11,0,0
BRDA:352,11,1,0
BRDA:353,12,0,0
BRDA:353,12,1,0
BRDA:354,13,0,0
BRDA:354,13,1,0
BRDA:355,14,0,0
BRDA:355,14,1,0
BRDA:356,15,0,0
BRDA:356,15,1,0
BRDA:357,16,0,0
BRDA:357,16,1,0
BRDA:374,17,0,0
BRDA:374,17,1,0
BRDA:375,18,0,0
BRDA:375,18,1,0
BRDA:375,18,2,0
BRDA:376,19,0,0
BRDA:376,19,1,0
BRDA:377,20,0,0
BRDA:377,20,1,0
BRDA:378,21,0,0
BRDA:378,21,1,0
BRDA:380,22,0,0
BRDA:380,22,1,0
BRDA:380,22,2,0
BRDA:381,23,0,0
BRDA:381,23,1,0
BRDA:381,23,2,0
BRDA:382,24,0,0
BRDA:382,24,1,0
BRDA:382,24,2,0
BRDA:383,25,0,0
BRDA:383,25,1,0
BRDA:384,26,0,0
BRDA:384,26,1,0
BRDA:386,27,0,0
BRDA:386,27,1,0
BRDA:386,27,2,0
BRDA:387,28,0,0
BRDA:387,28,1,0
BRDA:387,28,2,0
BRDA:389,29,0,0
BRDA:389,29,1,0
BRDA:389,29,2,0
BRDA:390,30,0,0
BRDA:390,30,1,0
BRDA:391,31,0,0
BRDA:391,31,1,0
BRDA:391,31,2,0
BRDA:392,32,0,0
BRDA:392,32,1,0
BRDA:394,33,0,0
BRDA:394,33,1,0
BRDA:394,33,2,0
BRDA:395,34,0,0
BRDA:395,34,1,0
BRDA:395,34,2,0
BRDA:396,35,0,0
BRDA:396,35,1,0
BRDA:398,36,0,0
BRDA:398,36,1,0
BRDA:398,36,2,0
BRDA:399,37,0,0
BRDA:399,37,1,0
BRDA:399,37,2,0
BRDA:400,38,0,0
BRDA:400,38,1,0
BRDA:400,38,2,0
BRDA:402,39,0,0
BRDA:402,39,1,0
BRDA:403,40,0,0
BRDA:403,40,1,0
BRDA:409,41,0,0
BRDA:409,41,1,0
BRDA:410,42,0,0
BRDA:410,42,1,0
BRDA:410,42,2,0
BRDA:411,43,0,0
BRDA:411,43,1,0
BRDA:412,44,0,0
BRDA:412,44,1,0
BRDA:413,45,0,0
BRDA:413,45,1,0
BRDA:414,46,0,0
BRDA:414,46,1,0
BRDA:415,47,0,0
BRDA:415,47,1,0
BRDA:415,47,2,0
BRDA:416,48,0,0
BRDA:416,48,1,0
BRDA:418,49,0,0
BRDA:418,49,1,0
BRDA:419,50,0,0
BRDA:419,50,1,0
BRDA:420,51,0,0
BRDA:420,51,1,0
BRDA:420,51,2,0
BRDA:422,52,0,0
BRDA:422,52,1,0
BRDA:422,52,2,0
BRDA:423,53,0,0
BRDA:423,53,1,0
BRDA:423,53,2,0
BRDA:424,54,0,0
BRDA:424,54,1,0
BRDA:424,54,2,0
BRDA:427,55,0,0
BRDA:427,55,1,0
BRDA:427,55,2,0
BRDA:452,56,0,0
BRDA:452,56,1,0
BRDA:453,57,0,0
BRDA:453,57,1,0
BRDA:453,57,2,0
BRDA:454,58,0,0
BRDA:454,58,1,0
BRDA:454,58,2,0
BRDA:455,59,0,0
BRDA:455,59,1,0
BRDA:456,60,0,0
BRDA:456,60,1,0
BRDA:457,61,0,0
BRDA:457,61,1,0
BRDA:459,62,0,0
BRDA:459,62,1,0
BRDA:459,62,2,0
BRDA:460,63,0,0
BRDA:460,63,1,0
BRDA:460,63,2,0
BRDA:461,64,0,0
BRDA:461,64,1,0
BRDA:463,65,0,0
BRDA:463,65,1,0
BRDA:464,66,0,0
BRDA:464,66,1,0
BRDA:465,67,0,0
BRDA:465,67,1,0
BRDA:471,68,0,0
BRDA:471,68,1,0
BRDA:472,69,0,0
BRDA:472,69,1,0
BRDA:472,70,0,0
BRDA:472,70,1,0
BRDA:473,71,0,0
BRDA:473,71,1,0
BRDA:473,71,2,0
BRDA:474,72,0,0
BRDA:474,72,1,0
BRDA:475,73,0,0
BRDA:475,73,1,0
BRDA:477,74,0,0
BRDA:477,74,1,0
BRDA:477,74,2,0
BRDA:478,75,0,0
BRDA:478,75,1,0
BRDA:480,76,0,0
BRDA:480,76,1,0
BRDA:482,77,0,0
BRDA:482,77,1,0
BRDA:485,78,0,0
BRDA:485,78,1,0
BRDA:491,79,0,0
BRDA:491,79,1,0
BRDA:492,80,0,0
BRDA:492,80,1,0
BRDA:493,81,0,0
BRDA:493,81,1,0
BRDA:494,82,0,0
BRDA:494,82,1,0
BRDA:496,83,0,0
BRDA:496,83,1,0
BRDA:497,84,0,0
BRDA:497,84,1,0
BRDA:501,85,0,0
BRDA:501,85,1,0
BRDA:503,86,0,0
BRDA:503,86,1,0
BRDA:503,86,2,0
BRDA:504,87,0,0
BRDA:504,87,1,0
BRDA:504,87,2,0
BRDA:507,88,0,0
BRDA:507,88,1,0
BRDA:509,89,0,0
BRDA:509,89,1,0
BRDA:509,89,2,0
BRDA:509,89,3,0
BRDA:510,90,0,0
BRDA:510,90,1,0
BRDA:510,90,2,0
BRDA:516,91,0,0
BRDA:516,91,1,0
BRDA:517,92,0,0
BRDA:517,92,1,0
BRDA:517,92,2,0
BRDA:518,93,0,0
BRDA:518,93,1,0
BRDA:520,94,0,0
BRDA:520,94,1,0
BRDA:520,94,2,0
BRDA:520,94,3,0
BRDA:521,95,0,0
BRDA:521,95,1,0
BRDA:521,95,2,0
BRDA:521,95,3,0
BRDA:523,96,0,0
BRDA:523,96,1,0
BRDA:523,96,2,0
BRDA:524,97,0,0
BRDA:524,97,1,0
BRDA:526,98,0,0
BRDA:526,98,1,0
BRDA:526,98,2,0
BRDA:527,99,0,0
BRDA:527,99,1,0
BRDA:527,99,2,0
BRDA:529,100,0,0
BRDA:529,100,1,0
BRDA:535,101,0,0
BRDA:535,101,1,0
BRDA:536,102,0,0
BRDA:536,102,1,0
BRDA:536,102,2,0
BRDA:537,103,0,0
BRDA:537,103,1,0
BRDA:537,103,2,0
BRDA:538,104,0,0
BRDA:538,104,1,0
BRDA:538,104,2,0
BRDA:540,105,0,0
BRDA:540,105,1,0
BRDA:540,105,2,0
BRDA:540,105,3,0
BRDA:542,106,0,0
BRDA:542,106,1,0
BRDA:542,106,2,0
BRDA:543,107,0,0
BRDA:543,107,1,0
BRDA:543,107,2,0
BRDA:545,108,0,0
BRDA:545,108,1,0
BRDA:551,109,0,0
BRDA:551,109,1,0
BRDA:552,110,0,0
BRDA:552,110,1,0
BRDA:552,110,2,0
BRDA:553,111,0,0
BRDA:553,111,1,0
BRDA:553,111,2,0
BRDA:553,111,3,0
BRDA:554,112,0,0
BRDA:554,112,1,0
BRDA:554,112,2,0
BRDA:555,113,0,0
BRDA:555,113,1,0
BRDA:555,113,2,0
BRDA:557,114,0,0
BRDA:557,114,1,0
BRDA:557,114,2,0
BRDA:558,115,0,0
BRDA:558,115,1,0
BRDA:558,115,2,0
BRDA:559,116,0,0
BRDA:559,116,1,0
BRDA:559,116,2,0
BRDA:564,117,0,0
BRDA:564,117,1,0
BRDA:571,118,0,0
BRDA:571,118,1,0
BRDA:572,119,0,0
BRDA:572,119,1,0
BRDA:573,120,0,0
BRDA:573,120,1,0
BRDA:573,120,2,0
BRDA:574,121,0,0
BRDA:574,121,1,0
BRDA:575,122,0,0
BRDA:575,122,1,0
BRDA:576,123,0,0
BRDA:576,123,1,0
BRDA:576,123,2,0
BRDA:576,123,3,0
BRDA:577,124,0,0
BRDA:577,124,1,0
BRDA:577,125,0,0
BRDA:577,125,1,0
BRDA:577,126,0,0
BRDA:577,126,1,0
BRDA:595,127,0,0
BRDA:595,127,1,0
BRDA:608,128,0,0
BRDA:616,129,0,0
BRDA:616,129,1,0
BRDA:636,130,0,0
BRDA:636,130,1,0
BRDA:687,131,0,0
BRDA:687,131,1,0
BRDA:696,132,0,0
BRDA:696,132,1,0
BRDA:699,133,0,0
BRDA:699,133,1,0
BRDA:707,134,0,0
BRDA:707,134,1,0
BRDA:708,135,0,0
BRDA:708,135,1,0
BRDA:709,136,0,0
BRDA:709,136,1,0
BRDA:710,137,0,0
BRDA:710,137,1,0
BRDA:711,138,0,0
BRDA:711,138,1,0
BRDA:712,139,0,0
BRDA:712,139,1,0
BRDA:718,140,0,0
BRDA:718,140,1,0
BRDA:719,141,0,0
BRDA:719,141,1,0
BRDA:720,142,0,0
BRDA:720,142,1,0
BRDA:721,143,0,0
BRDA:721,143,1,0
BRDA:722,144,0,0
BRDA:722,144,1,0
BRDA:723,145,0,0
BRDA:723,145,1,0
BRDA:724,146,0,0
BRDA:724,146,1,0
BRDA:730,147,0,0
BRDA:730,147,1,0
BRDA:731,148,0,0
BRDA:731,148,1,0
BRDA:732,149,0,0
BRDA:732,149,1,0
BRDA:733,150,0,0
BRDA:733,150,1,0
BRDA:734,151,0,0
BRDA:734,151,1,0
BRDA:735,152,0,0
BRDA:735,152,1,0
BRDA:736,153,0,0
BRDA:736,153,1,0
BRDA:737,154,0,0
BRDA:737,154,1,0
BRF:368
BRH:0
end_of_record
TN:
SF:src\services\jobNotes.ts
FN:33,fetchJobNotes
FN:45,(anonymous_1)
FN:56,fetchJobNoteById
FN:68,(anonymous_3)
FN:79,addJobNote
FN:92,(anonymous_5)
FN:103,updateJobNote
FN:116,(anonymous_7)
FN:127,deleteJobNote
FN:139,(anonymous_9)
FN:147,createStandaloneNote
FN:160,(anonymous_11)
FNF:12
FNH:0
FNDA:0,fetchJobNotes
FNDA:0,(anonymous_1)
FNDA:0,fetchJobNoteById
FNDA:0,(anonymous_3)
FNDA:0,addJobNote
FNDA:0,(anonymous_5)
FNDA:0,updateJobNote
FNDA:0,(anonymous_7)
FNDA:0,deleteJobNote
FNDA:0,(anonymous_9)
FNDA:0,createStandaloneNote
FNDA:0,(anonymous_11)
DA:2,0
DA:3,0
DA:5,0
DA:33,0
DA:34,0
DA:36,0
DA:44,0
DA:45,0
DA:46,0
DA:49,0
DA:50,0
DA:56,0
DA:57,0
DA:59,0
DA:67,0
DA:68,0
DA:69,0
DA:72,0
DA:73,0
DA:79,0
DA:80,0
DA:82,0
DA:91,0
DA:92,0
DA:93,0
DA:96,0
DA:97,0
DA:103,0
DA:104,0
DA:106,0
DA:115,0
DA:116,0
DA:117,0
DA:120,0
DA:121,0
DA:127,0
DA:128,0
DA:130,0
DA:138,0
DA:139,0
DA:140,0
DA:147,0
DA:148,0
DA:150,0
DA:159,0
DA:160,0
DA:161,0
DA:164,0
DA:165,0
LF:49
LH:0
BRDA:44,0,0,0
BRDA:44,0,1,0
BRDA:46,1,0,0
BRDA:46,1,1,0
BRDA:50,2,0,0
BRDA:50,2,1,0
BRDA:50,2,2,0
BRDA:67,3,0,0
BRDA:67,3,1,0
BRDA:69,4,0,0
BRDA:69,4,1,0
BRDA:73,5,0,0
BRDA:73,5,1,0
BRDA:91,6,0,0
BRDA:91,6,1,0
BRDA:93,7,0,0
BRDA:93,7,1,0
BRDA:97,8,0,0
BRDA:97,8,1,0
BRDA:115,9,0,0
BRDA:115,9,1,0
BRDA:117,10,0,0
BRDA:117,10,1,0
BRDA:121,11,0,0
BRDA:121,11,1,0
BRDA:138,12,0,0
BRDA:138,12,1,0
BRDA:140,13,0,0
BRDA:140,13,1,0
BRDA:159,14,0,0
BRDA:159,14,1,0
BRDA:161,15,0,0
BRDA:161,15,1,0
BRDA:165,16,0,0
BRDA:165,16,1,0
BRF:35
BRH:0
end_of_record
TN:
SF:src\services\jobs.ts
FN:72,authenticatedFetch
FN:91,(anonymous_10)
FN:100,(anonymous_11)
FN:115,fetchJobs
FN:118,(anonymous_13)
FN:178,fetchJobById
FN:204,createJob
FN:231,updateJob
FN:258,deleteJob
FN:281,startJob
FN:307,pauseJob
FN:333,resumeJob
FN:359,completeJob
FN:387,getJobDetails
FN:426,(anonymous_23)
FN:467,addJobNote
FN:490,fetchJobTimeline
FN:512,addJobItem
FN:571,getJobWithItems
FN:587,(anonymous_28)
FN:607,updateJobItem
FNF:21
FNH:0
FNDA:0,authenticatedFetch
FNDA:0,(anonymous_10)
FNDA:0,(anonymous_11)
FNDA:0,fetchJobs
FNDA:0,(anonymous_13)
FNDA:0,fetchJobById
FNDA:0,createJob
FNDA:0,updateJob
FNDA:0,deleteJob
FNDA:0,startJob
FNDA:0,pauseJob
FNDA:0,resumeJob
FNDA:0,completeJob
FNDA:0,getJobDetails
FNDA:0,(anonymous_23)
FNDA:0,addJobNote
FNDA:0,fetchJobTimeline
FNDA:0,addJobItem
FNDA:0,getJobWithItems
FNDA:0,(anonymous_28)
FNDA:0,updateJobItem
DA:2,0
DA:3,0
DA:5,0
DA:73,0
DA:75,0
DA:85,0
DA:88,0
DA:89,0
DA:91,0
DA:92,0
DA:94,0
DA:95,0
DA:97,0
DA:99,0
DA:100,0
DA:101,0
DA:108,0
DA:115,0
DA:116,0
DA:118,0
DA:119,0
DA:120,0
DA:121,0
DA:122,0
DA:126,0
DA:127,0
DA:128,0
DA:130,0
DA:131,0
DA:133,0
DA:135,0
DA:143,0
DA:144,0
DA:145,0
DA:148,0
DA:151,0
DA:152,0
DA:155,0
DA:157,0
DA:158,0
DA:159,0
DA:160,0
DA:161,0
DA:162,0
DA:164,0
DA:165,0
DA:168,0
DA:170,0
DA:171,0
DA:178,0
DA:179,0
DA:180,0
DA:182,0
DA:186,0
DA:187,0
DA:188,0
DA:191,0
DA:192,0
DA:194,0
DA:196,0
DA:197,0
DA:204,0
DA:205,0
DA:206,0
DA:208,0
DA:213,0
DA:214,0
DA:215,0
DA:218,0
DA:219,0
DA:221,0
DA:223,0
DA:224,0
DA:231,0
DA:232,0
DA:233,0
DA:235,0
DA:240,0
DA:241,0
DA:242,0
DA:245,0
DA:246,0
DA:248,0
DA:250,0
DA:251,0
DA:258,0
DA:259,0
DA:260,0
DA:262,0
DA:266,0
DA:267,0
DA:268,0
DA:271,0
DA:273,0
DA:274,0
DA:281,0
DA:282,0
DA:283,0
DA:285,0
DA:289,0
DA:290,0
DA:291,0
DA:294,0
DA:295,0
DA:297,0
DA:299,0
DA:300,0
DA:307,0
DA:308,0
DA:309,0
DA:311,0
DA:315,0
DA:316,0
DA:317,0
DA:320,0
DA:321,0
DA:323,0
DA:325,0
DA:326,0
DA:333,0
DA:334,0
DA:335,0
DA:337,0
DA:341,0
DA:342,0
DA:343,0
DA:346,0
DA:347,0
DA:349,0
DA:351,0
DA:352,0
DA:359,0
DA:360,0
DA:361,0
DA:363,0
DA:367,0
DA:368,0
DA:369,0
DA:372,0
DA:373,0
DA:375,0
DA:377,0
DA:378,0
DA:387,0
DA:388,0
DA:390,0
DA:392,0
DA:393,0
DA:394,0
DA:396,0
DA:400,0
DA:401,0
DA:402,0
DA:403,0
DA:406,0
DA:407,0
DA:409,0
DA:410,0
DA:413,0
DA:414,0
DA:417,0
DA:420,0
DA:427,0
DA:433,0
DA:434,0
DA:441,0
DA:454,0
DA:456,0
DA:459,0
DA:460,0
DA:467,0
DA:468,0
DA:470,0
DA:479,0
DA:480,0
DA:483,0
DA:484,0
DA:490,0
DA:491,0
DA:493,0
DA:501,0
DA:502,0
DA:505,0
DA:506,0
DA:512,0
DA:513,0
DA:515,0
DA:518,0
DA:527,0
DA:528,0
DA:530,0
DA:531,0
DA:533,0
DA:534,0
DA:543,0
DA:545,0
DA:546,0
DA:547,0
DA:548,0
DA:549,0
DA:551,0
DA:552,0
DA:555,0
DA:560,0
DA:571,0
DA:572,0
DA:574,0
DA:576,0
DA:577,0
DA:582,0
DA:583,0
DA:584,0
DA:586,0
DA:587,0
DA:595,0
DA:597,0
DA:598,0
DA:599,0
DA:602,0
DA:603,0
DA:607,0
DA:613,0
DA:615,0
DA:619,0
DA:622,0
DA:623,0
DA:624,0
DA:625,0
DA:627,0
DA:629,0
DA:630,0
DA:639,0
DA:641,0
DA:642,0
DA:643,0
DA:644,0
DA:646,0
DA:647,0
DA:648,0
DA:651,0
DA:652,0
LF:241
LH:0
BRDA:72,0,0,0
BRDA:72,1,0,0
BRDA:85,2,0,0
BRDA:85,2,1,0
BRDA:88,3,0,0
BRDA:88,3,1,0
BRDA:88,4,0,0
BRDA:88,4,1,0
BRDA:88,4,2,0
BRDA:94,5,0,0
BRDA:94,5,1,0
BRDA:127,6,0,0
BRDA:127,6,1,0
BRDA:128,7,0,0
BRDA:128,7,1,0
BRDA:143,8,0,0
BRDA:143,8,1,0
BRDA:157,9,0,0
BRDA:157,9,1,0
BRDA:160,10,0,0
BRDA:160,10,1,0
BRDA:160,11,0,0
BRDA:160,11,1,0
BRDA:160,11,2,0
BRDA:186,12,0,0
BRDA:186,12,1,0
BRDA:213,13,0,0
BRDA:213,13,1,0
BRDA:240,14,0,0
BRDA:240,14,1,0
BRDA:266,15,0,0
BRDA:266,15,1,0
BRDA:289,16,0,0
BRDA:289,16,1,0
BRDA:315,17,0,0
BRDA:315,17,1,0
BRDA:341,18,0,0
BRDA:341,18,1,0
BRDA:367,19,0,0
BRDA:367,19,1,0
BRDA:400,20,0,0
BRDA:400,20,1,0
BRDA:413,21,0,0
BRDA:413,21,1,0
BRDA:413,22,0,0
BRDA:413,22,1,0
BRDA:424,23,0,0
BRDA:424,23,1,0
BRDA:425,24,0,0
BRDA:425,24,1,0
BRDA:426,25,0,0
BRDA:426,25,1,0
BRDA:429,26,0,0
BRDA:429,26,1,0
BRDA:429,26,2,0
BRDA:430,27,0,0
BRDA:430,27,1,0
BRDA:430,27,2,0
BRDA:431,28,0,0
BRDA:431,28,1,0
BRDA:431,28,2,0
BRDA:436,29,0,0
BRDA:436,29,1,0
BRDA:437,30,0,0
BRDA:437,30,1,0
BRDA:438,31,0,0
BRDA:438,31,1,0
BRDA:446,32,0,0
BRDA:446,32,1,0
BRDA:446,33,0,0
BRDA:446,33,1,0
BRDA:479,34,0,0
BRDA:479,34,1,0
BRDA:501,35,0,0
BRDA:501,35,1,0
BRDA:545,36,0,0
BRDA:545,36,1,0
BRDA:549,37,0,0
BRDA:549,37,1,0
BRDA:582,38,0,0
BRDA:582,38,1,0
BRDA:586,39,0,0
BRDA:586,39,1,0
BRDA:623,40,0,0
BRDA:623,40,1,0
BRDA:624,41,0,0
BRDA:624,41,1,0
BRDA:625,42,0,0
BRDA:625,42,1,0
BRDA:641,43,0,0
BRDA:641,43,1,0
BRF:91
BRH:0
end_of_record
TN:
SF:src\services\user.ts
FN:86,fetchUserProfile
FN:100,(anonymous_1)
FN:159,updateUserProfile
FN:170,(anonymous_3)
FN:198,normalizeUserProfile
FN:243,fetchUserStats
FN:253,(anonymous_6)
FNF:7
FNH:0
FNDA:0,fetchUserProfile
FNDA:0,(anonymous_1)
FNDA:0,updateUserProfile
FNDA:0,(anonymous_3)
FNDA:0,normalizeUserProfile
FNDA:0,fetchUserStats
FNDA:0,(anonymous_6)
DA:2,0
DA:3,0
DA:5,0
DA:86,0
DA:87,0
DA:88,0
DA:89,0
DA:92,0
DA:96,0
DA:98,0
DA:99,0
DA:100,0
DA:101,0
DA:104,0
DA:105,0
DA:106,0
DA:107,0
DA:108,0
DA:109,0
DA:112,0
DA:115,0
DA:117,0
DA:118,0
DA:119,0
DA:120,0
DA:122,0
DA:123,0
DA:127,0
DA:128,0
DA:129,0
DA:132,0
DA:133,0
DA:134,0
DA:138,0
DA:139,0
DA:140,0
DA:143,0
DA:145,0
DA:146,0
DA:153,0
DA:159,0
DA:160,0
DA:163,0
DA:168,0
DA:169,0
DA:170,0
DA:171,0
DA:174,0
DA:175,0
DA:176,0
DA:177,0
DA:178,0
DA:179,0
DA:182,0
DA:185,0
DA:186,0
DA:188,0
DA:189,0
DA:192,0
DA:199,0
DA:243,0
DA:244,0
DA:247,0
DA:251,0
DA:252,0
DA:253,0
DA:254,0
DA:256,0
DA:257,0
DA:258,0
DA:259,0
DA:262,0
DA:265,0
DA:266,0
DA:268,0
DA:269,0
DA:272,0
LF:77
LH:0
BRDA:98,0,0,0
BRDA:98,0,1,0
BRDA:104,1,0,0
BRDA:104,1,1,0
BRDA:106,2,0,0
BRDA:106,2,1,0
BRDA:108,3,0,0
BRDA:108,3,1,0
BRDA:112,4,0,0
BRDA:112,4,1,0
BRDA:132,5,0,0
BRDA:132,5,1,0
BRDA:138,6,0,0
BRDA:138,6,1,0
BRDA:138,7,0,0
BRDA:138,7,1,0
BRDA:168,8,0,0
BRDA:168,8,1,0
BRDA:174,9,0,0
BRDA:174,9,1,0
BRDA:176,10,0,0
BRDA:176,10,1,0
BRDA:178,11,0,0
BRDA:178,11,1,0
BRDA:182,12,0,0
BRDA:182,12,1,0
BRDA:188,13,0,0
BRDA:188,13,1,0
BRDA:188,14,0,0
BRDA:188,14,1,0
BRDA:200,15,0,0
BRDA:200,15,1,0
BRDA:201,16,0,0
BRDA:201,16,1,0
BRDA:201,16,2,0
BRDA:202,17,0,0
BRDA:202,17,1,0
BRDA:202,17,2,0
BRDA:203,18,0,0
BRDA:203,18,1,0
BRDA:204,19,0,0
BRDA:204,19,1,0
BRDA:205,20,0,0
BRDA:205,20,1,0
BRDA:206,21,0,0
BRDA:206,21,1,0
BRDA:206,21,2,0
BRDA:209,22,0,0
BRDA:209,22,1,0
BRDA:210,23,0,0
BRDA:210,23,1,0
BRDA:211,24,0,0
BRDA:211,24,1,0
BRDA:211,24,2,0
BRDA:212,25,0,0
BRDA:212,25,1,0
BRDA:215,26,0,0
BRDA:215,26,1,0
BRDA:215,26,2,0
BRDA:216,27,0,0
BRDA:216,27,1,0
BRDA:217,28,0,0
BRDA:217,28,1,0
BRDA:217,28,2,0
BRDA:220,29,0,0
BRDA:220,29,1,0
BRDA:220,29,2,0
BRDA:220,29,3,0
BRDA:221,30,0,0
BRDA:221,30,1,0
BRDA:221,30,2,0
BRDA:222,31,0,0
BRDA:222,31,1,0
BRDA:222,31,2,0
BRDA:225,32,0,0
BRDA:225,32,1,0
BRDA:226,33,0,0
BRDA:226,33,1,0
BRDA:227,34,0,0
BRDA:227,34,1,0
BRDA:227,34,2,0
BRDA:228,35,0,0
BRDA:228,35,1,0
BRDA:231,36,0,0
BRDA:231,36,1,0
BRDA:232,37,0,0
BRDA:232,37,1,0
BRDA:235,38,0,0
BRDA:235,38,1,0
BRDA:251,39,0,0
BRDA:251,39,1,0
BRDA:256,40,0,0
BRDA:256,40,1,0
BRDA:258,41,0,0
BRDA:258,41,1,0
BRDA:262,42,0,0
BRDA:262,42,1,0
BRDA:268,43,0,0
BRDA:268,43,1,0
BRDA:268,44,0,0
BRDA:268,44,1,0
BRF:101
BRH:0
end_of_record
TN:
SF:src\services\userMockData.ts
FN:85,(anonymous_0)
FNF:1
FNH:0
FNDA:0,(anonymous_0)
DA:4,0
DA:44,0
DA:85,0
DA:86,0
LF:4
LH:0
BRDA:86,0,0,0
BRDA:86,0,1,0
BRF:2
BRH:0
end_of_record
TN:
SF:src\services\calendar\loadCalendarDays.ts
FN:28,(anonymous_0)
FN:43,formatDateForApi
FN:56,validateDateRange
FN:73,(anonymous_3)
FN:185,(anonymous_4)
FN:195,(anonymous_5)
FN:204,(anonymous_6)
FNF:7
FNH:0
FNDA:0,(anonymous_0)
FNDA:0,formatDateForApi
FNDA:0,validateDateRange
FNDA:0,(anonymous_3)
FNDA:0,(anonymous_4)
FNDA:0,(anonymous_5)
FNDA:0,(anonymous_6)
DA:1,0
DA:2,0
DA:27,0
DA:30,0
DA:31,0
DA:33,0
DA:34,0
DA:44,0
DA:45,0
DA:46,0
DA:48,0
DA:57,0
DA:58,0
DA:61,0
DA:62,0
DA:63,0
DA:73,0
DA:78,0
DA:80,0
DA:82,0
DA:83,0
DA:86,0
DA:88,0
DA:91,0
DA:92,0
DA:94,0
DA:95,0
DA:99,0
DA:104,0
DA:105,0
DA:109,0
DA:119,0
DA:120,0
DA:121,0
DA:128,0
DA:131,0
DA:132,0
DA:138,0
DA:139,0
DA:142,0
DA:143,0
DA:146,0
DA:150,0
DA:151,0
DA:155,0
DA:156,0
DA:164,0
DA:165,0
DA:173,0
DA:174,0
DA:178,0
DA:181,0
DA:186,0
DA:187,0
DA:188,0
DA:189,0
DA:196,0
DA:197,0
DA:198,0
DA:205,0
DA:206,0
DA:207,0
DA:209,0
DA:210,0
DA:212,0
LF:65
LH:0
BRDA:57,0,0,0
BRDA:57,0,1,0
BRDA:62,1,0,0
BRDA:62,1,1,0
BRDA:82,2,0,0
BRDA:82,2,1,0
BRDA:94,3,0,0
BRDA:94,3,1,0
BRDA:104,4,0,0
BRDA:104,4,1,0
BRDA:104,5,0,0
BRDA:104,5,1,0
BRDA:119,6,0,0
BRDA:119,6,1,0
BRDA:131,7,0,0
BRDA:131,7,1,0
BRDA:133,8,0,0
BRDA:133,8,1,0
BRDA:138,9,0,0
BRDA:138,9,1,0
BRDA:142,10,0,0
BRDA:142,10,1,0
BRDA:150,11,0,0
BRDA:150,11,1,0
BRDA:155,12,0,0
BRDA:155,12,1,0
BRDA:155,13,0,0
BRDA:155,13,1,0
BRDA:164,14,0,0
BRDA:164,14,1,0
BRDA:173,15,0,0
BRDA:173,15,1,0
BRDA:204,16,0,0
BRDA:204,17,0,0
BRF:34
BRH:0
end_of_record
TN:
SF:src\services\calendar\loadCalendarDays_Old.tsx
FN:4,(anonymous_0)
FNF:1
FNH:0
FNDA:0,(anonymous_0)
DA:1,0
DA:2,0
DA:4,0
DA:5,0
DA:7,0
DA:8,0
DA:11,0
DA:12,0
DA:14,0
DA:16,0
DA:28,0
DA:29,0
DA:32,0
DA:33,0
DA:34,0
DA:37,0
DA:39,0
DA:41,0
DA:42,0
DA:46,0
LF:20
LH:0
BRDA:28,0,0,0
BRDA:28,0,1,0
BRDA:33,1,0,0
BRDA:33,1,1,0
BRDA:34,2,0,0
BRDA:34,2,1,0
BRF:6
BRH:0
end_of_record
TN:
SF:src\utils\auth.ts
FN:8,login
FN:25,(anonymous_10)
FN:56,getAuthHeaders
FN:69,isLoggedIn
FN:74,refreshToken
FN:146,clearSession
FN:154,authenticatedFetch
FNF:7
FNH:0
FNDA:0,login
FNDA:0,(anonymous_10)
FNDA:0,getAuthHeaders
FNDA:0,isLoggedIn
FNDA:0,refreshToken
FNDA:0,clearSession
FNDA:0,authenticatedFetch
DA:2,0
DA:3,0
DA:4,0
DA:6,0
DA:8,0
DA:9,0
DA:11,0
DA:13,0
DA:24,0
DA:25,0
DA:26,0
DA:28,0
DA:29,0
DA:30,0
DA:31,0
DA:32,0
DA:33,0
DA:34,0
DA:37,0
DA:40,0
DA:41,0
DA:43,0
DA:45,0
DA:47,0
DA:49,0
DA:50,0
DA:53,0
DA:56,0
DA:57,0
DA:59,0
DA:60,0
DA:61,0
DA:62,0
DA:64,0
DA:65,0
DA:69,0
DA:70,0
DA:71,0
DA:74,0
DA:75,0
DA:76,0
DA:78,0
DA:79,0
DA:80,0
DA:82,0
DA:83,0
DA:84,0
DA:87,0
DA:88,0
DA:90,0
DA:101,0
DA:103,0
DA:104,0
DA:105,0
DA:106,0
DA:109,0
DA:110,0
DA:111,0
DA:116,0
DA:118,0
DA:120,0
DA:121,0
DA:122,0
DA:123,0
DA:126,0
DA:128,0
DA:129,0
DA:131,0
DA:132,0
DA:133,0
DA:136,0
DA:137,0
DA:140,0
DA:141,0
DA:142,0
DA:146,0
DA:147,0
DA:148,0
DA:154,0
DA:155,0
DA:156,0
DA:157,0
DA:160,0
DA:161,0
DA:163,0
DA:172,0
DA:173,0
DA:174,0
DA:177,0
DA:178,0
DA:179,0
DA:181,0
DA:182,0
DA:184,0
DA:185,0
DA:186,0
DA:189,0
DA:190,0
DA:191,0
DA:197,0
DA:198,0
DA:199,0
DA:201,0
DA:203,0
DA:204,0
DA:205,0
DA:206,0
DA:210,0
DA:211,0
DA:212,0
DA:213,0
DA:217,0
DA:218,0
LF:113
LH:0
BRDA:11,0,0,0
BRDA:11,0,1,0
BRDA:24,1,0,0
BRDA:24,1,1,0
BRDA:29,2,0,0
BRDA:29,2,1,0
BRDA:30,3,0,0
BRDA:30,3,1,0
BRDA:31,4,0,0
BRDA:31,4,1,0
BRDA:33,5,0,0
BRDA:33,5,1,0
BRDA:45,6,0,0
BRDA:45,6,1,0
BRDA:45,7,0,0
BRDA:45,7,1,0
BRDA:49,8,0,0
BRDA:49,8,1,0
BRDA:59,9,0,0
BRDA:59,9,1,0
BRDA:82,10,0,0
BRDA:82,10,1,0
BRDA:103,11,0,0
BRDA:103,11,1,0
BRDA:120,12,0,0
BRDA:120,12,1,0
BRDA:120,13,0,0
BRDA:120,13,1,0
BRDA:131,14,0,0
BRDA:131,14,1,0
BRDA:154,15,0,0
BRDA:177,16,0,0
BRDA:177,16,1,0
BRDA:184,17,0,0
BRDA:184,17,1,0
BRDA:201,18,0,0
BRDA:201,18,1,0
BRF:37
BRH:0
end_of_record
TN:
SF:src\utils\businessUtils.ts
FN:6,(anonymous_0)
FN:12,(anonymous_1)
FN:17,(anonymous_2)
FNF:3
FNH:3
FNDA:7,(anonymous_0)
FNDA:6,(anonymous_1)
FNDA:8,(anonymous_2)
DA:6,1
DA:7,7
DA:8,7
DA:12,1
DA:13,6
DA:17,1
DA:18,8
DA:19,7
LF:8
LH:8
BRDA:18,0,0,1
BRDA:18,0,1,7
BRF:2
BRH:2
end_of_record
TN:
SF:src\utils\dateUtils.ts
FN:15,getCalendarDateRange
FN:32,getMonthDateRange
FN:42,getYearDateRange
FN:52,formatDisplayDate
FN:63,isSameDay
FN:72,getDaysBetween
FNF:6
FNH:3
FNDA:0,getCalendarDateRange
FNDA:0,getMonthDateRange
FNDA:0,getYearDateRange
FNDA:1,formatDisplayDate
FNDA:2,isSameDay
FNDA:2,getDaysBetween
DA:15,1
DA:16,0
DA:17,0
DA:18,0
DA:19,0
DA:21,0
DA:22,0
DA:23,0
DA:24,0
DA:26,0
DA:32,1
DA:33,0
DA:34,0
DA:36,0
DA:42,1
DA:43,0
DA:44,0
DA:46,0
DA:52,1
DA:53,1
DA:63,1
DA:64,2
DA:72,1
DA:73,2
DA:74,2
LF:25
LH:10
BRDA:64,0,0,2
BRDA:64,0,1,2
BRDA:64,0,2,2
BRF:3
BRH:3
end_of_record
TN:
SF:src\utils\device.ts
FN:15,getOrCreateLocalDeviceKey
FN:20,(anonymous_10)
FN:27,collectDevicePayload
FNF:3
FNH:0
FNDA:0,getOrCreateLocalDeviceKey
FNDA:0,(anonymous_10)
FNDA:0,collectDevicePayload
DA:2,0
DA:3,0
DA:4,0
DA:5,0
DA:6,0
DA:9,0
DA:15,0
DA:16,0
DA:17,0
DA:19,0
DA:20,0
DA:22,0
DA:24,0
DA:27,0
DA:28,0
DA:30,0
DA:32,0
DA:40,0
DA:46,0
DA:50,0
DA:52,0
LF:21
LH:0
BRDA:17,0,0,0
BRDA:17,0,1,0
BRDA:46,1,0,0
BRDA:46,1,1,0
BRDA:46,1,2,0
BRDA:50,2,0,0
BRDA:50,2,1,0
BRDA:50,3,0,0
BRDA:50,3,1,0
BRDA:50,4,0,0
BRDA:50,4,1,0
BRDA:50,5,0,0
BRDA:50,5,1,0
BRF:13
BRH:0
end_of_record
TN:
SF:src\utils\profileTest.ts
FN:40,calculateXPPercentage
FNF:1
FNH:0
FNDA:0,calculateXPPercentage
DA:2,0
DA:5,0
DA:8,0
DA:9,0
DA:10,0
DA:11,0
DA:12,0
DA:13,0
DA:14,0
DA:15,0
DA:16,0
DA:19,0
DA:20,0
DA:21,0
DA:22,0
DA:23,0
DA:24,0
DA:25,0
DA:26,0
DA:27,0
DA:28,0
DA:29,0
DA:32,0
DA:33,0
DA:34,0
DA:35,0
DA:36,0
DA:39,0
DA:41,0
DA:44,0
DA:45,0
DA:47,0
LF:32
LH:0
BRDA:15,0,0,0
BRDA:15,0,1,0
BRDA:16,1,0,0
BRDA:16,1,1,0
BRDA:26,2,0,0
BRDA:26,2,1,0
BRDA:27,3,0,0
BRDA:27,3,1,0
BRDA:35,4,0,0
BRDA:35,4,1,0
BRDA:36,5,0,0
BRDA:36,5,1,0
BRDA:44,6,0,0
BRDA:44,6,1,0
BRDA:44,7,0,0
BRDA:44,7,1,0
BRDA:45,8,0,0
BRDA:45,8,1,0
BRDA:45,9,0,0
BRDA:45,9,1,0
BRF:20
BRH:0
end_of_record
