TN:
SF:src\app.tsx
FN:10,App
FNF:1
FNH:0
FNDA:0,App
DA:11,0
LF:1
LH:0
BRF:0
BRH:0
end_of_record
TN:
SF:src\components\CardForm.tsx
FN:22,(anonymous_0)
FN:40,(anonymous_1)
FN:72,(anonymous_2)
FN:79,(anonymous_3)
FN:88,(anonymous_4)
FN:97,(anonymous_5)
FN:105,(anonymous_6)
FN:117,(anonymous_7)
FN:123,(anonymous_8)
FN:133,(anonymous_9)
FN:154,(anonymous_10)
FN:168,(anonymous_11)
FN:173,(anonymous_12)
FN:184,(anonymous_13)
FN:189,(anonymous_14)
FN:194,(anonymous_15)
FNF:16
FNH:0
FNDA:0,(anonymous_0)
FNDA:0,(anonymous_1)
FNDA:0,(anonymous_2)
FNDA:0,(anonymous_3)
FNDA:0,(anonymous_4)
FNDA:0,(anonymous_5)
FNDA:0,(anonymous_6)
FNDA:0,(anonymous_7)
FNDA:0,(anonymous_8)
FNDA:0,(anonymous_9)
FNDA:0,(anonymous_10)
FNDA:0,(anonymous_11)
FNDA:0,(anonymous_12)
FNDA:0,(anonymous_13)
FNDA:0,(anonymous_14)
FNDA:0,(anonymous_15)
DA:22,0
DA:24,0
DA:25,0
DA:26,0
DA:27,0
DA:30,0
DA:40,0
DA:41,0
DA:49,0
DA:57,0
DA:58,0
DA:60,0
DA:61,0
DA:63,0
DA:64,0
DA:66,0
DA:67,0
DA:72,0
DA:73,0
DA:74,0
DA:75,0
DA:79,0
DA:80,0
DA:81,0
DA:82,0
DA:84,0
DA:88,0
DA:89,0
DA:90,0
DA:91,0
DA:92,0
DA:93,0
DA:94,0
DA:97,0
DA:98,0
DA:99,0
DA:100,0
DA:101,0
DA:102,0
DA:105,0
DA:106,0
DA:107,0
DA:108,0
DA:109,0
DA:110,0
DA:111,0
DA:112,0
DA:113,0
DA:114,0
DA:117,0
DA:118,0
DA:119,0
DA:123,0
DA:124,0
DA:133,0
DA:134,0
DA:135,0
DA:136,0
DA:137,0
DA:140,0
DA:141,0
DA:154,0
DA:155,0
DA:156,0
DA:159,0
DA:160,0
DA:161,0
DA:168,0
DA:169,0
DA:170,0
DA:173,0
DA:174,0
DA:175,0
DA:178,0
DA:179,0
DA:180,0
DA:184,0
DA:185,0
DA:186,0
DA:189,0
DA:190,0
DA:194,0
DA:195,0
DA:196,0
DA:199,0
LF:85
LH:0
BRDA:31,0,0,0
BRDA:31,0,1,0
BRDA:32,1,0,0
BRDA:32,1,1,0
BRDA:33,2,0,0
BRDA:33,2,1,0
BRDA:34,3,0,0
BRDA:34,3,1,0
BRDA:42,4,0,0
BRDA:42,4,1,0
BRDA:43,5,0,0
BRDA:43,5,1,0
BRDA:44,6,0,0
BRDA:44,6,1,0
BRDA:45,7,0,0
BRDA:45,7,1,0
BRDA:50,8,0,0
BRDA:50,8,1,0
BRDA:51,9,0,0
BRDA:51,9,1,0
BRDA:52,10,0,0
BRDA:52,10,1,0
BRDA:53,11,0,0
BRDA:53,11,1,0
BRDA:57,12,0,0
BRDA:57,12,1,0
BRDA:60,13,0,0
BRDA:60,13,1,0
BRDA:63,14,0,0
BRDA:63,14,1,0
BRDA:66,15,0,0
BRDA:66,15,1,0
BRDA:75,16,0,0
BRDA:75,16,1,0
BRDA:81,17,0,0
BRDA:81,17,1,0
BRDA:82,18,0,0
BRDA:82,18,1,0
BRDA:90,19,0,0
BRDA:90,19,1,0
BRDA:91,20,0,0
BRDA:91,20,1,0
BRDA:92,21,0,0
BRDA:92,21,1,0
BRDA:93,22,0,0
BRDA:93,22,1,0
BRDA:99,23,0,0
BRDA:99,23,1,0
BRDA:100,24,0,0
BRDA:100,24,1,0
BRDA:101,25,0,0
BRDA:101,25,1,0
BRDA:107,26,0,0
BRDA:107,26,1,0
BRDA:110,27,0,0
BRDA:110,27,1,0
BRDA:110,28,0,0
BRDA:110,28,1,0
BRDA:114,29,0,0
BRDA:114,29,1,0
BRDA:114,29,2,0
BRDA:118,30,0,0
BRDA:118,30,1,0
BRDA:140,31,0,0
BRDA:140,31,1,0
BRDA:160,32,0,0
BRDA:160,32,1,0
BRDA:179,33,0,0
BRDA:179,33,1,0
BRF:69
BRH:0
end_of_record
TN:
SF:src\components\jobMenu.tsx
FN:21,(anonymous_0)
FN:28,(anonymous_1)
FN:59,(anonymous_2)
FN:63,(anonymous_3)
FN:102,(anonymous_4)
FN:107,(anonymous_5)
FNF:6
FNH:0
FNDA:0,(anonymous_0)
FNDA:0,(anonymous_1)
FNDA:0,(anonymous_2)
FNDA:0,(anonymous_3)
FNDA:0,(anonymous_4)
FNDA:0,(anonymous_5)
DA:21,0
DA:22,0
DA:24,0
DA:28,0
DA:59,0
DA:60,0
DA:61,0
DA:63,0
DA:64,0
DA:65,0
DA:69,0
DA:77,0
DA:103,0
DA:107,0
LF:14
LH:0
BRDA:34,0,0,0
BRDA:34,0,1,0
BRDA:47,1,0,0
BRDA:47,1,1,0
BRDA:64,2,0,0
BRDA:64,2,1,0
BRF:6
BRH:0
end_of_record
TN:
SF:src\components\signingBloc.tsx
FN:32,(anonymous_0)
FN:53,(anonymous_1)
FN:103,(anonymous_2)
FN:354,(anonymous_3)
FN:362,(anonymous_4)
FN:368,(anonymous_5)
FN:379,(anonymous_6)
FN:402,(anonymous_7)
FN:407,(anonymous_8)
FN:428,(anonymous_9)
FN:574,(anonymous_10)
FN:575,(anonymous_11)
FN:576,(anonymous_12)
FN:578,(anonymous_13)
FN:614,(anonymous_14)
FNF:15
FNH:0
FNDA:0,(anonymous_0)
FNDA:0,(anonymous_1)
FNDA:0,(anonymous_2)
FNDA:0,(anonymous_3)
FNDA:0,(anonymous_4)
FNDA:0,(anonymous_5)
FNDA:0,(anonymous_6)
FNDA:0,(anonymous_7)
FNDA:0,(anonymous_8)
FNDA:0,(anonymous_9)
FNDA:0,(anonymous_10)
FNDA:0,(anonymous_11)
FNDA:0,(anonymous_12)
FNDA:0,(anonymous_13)
FNDA:0,(anonymous_14)
DA:12,0
DA:32,0
DA:39,0
DA:40,0
DA:41,0
DA:42,0
DA:43,0
DA:44,0
DA:47,0
DA:48,0
DA:49,0
DA:50,0
DA:53,0
DA:54,0
DA:56,0
DA:57,0
DA:58,0
DA:61,0
DA:82,0
DA:103,0
DA:104,0
DA:105,0
DA:120,0
DA:121,0
DA:125,0
DA:354,0
DA:355,0
DA:356,0
DA:357,0
DA:358,0
DA:362,0
DA:363,0
DA:364,0
DA:365,0
DA:368,0
DA:375,0
DA:376,0
DA:379,0
DA:380,0
DA:384,0
DA:390,0
DA:391,0
DA:397,0
DA:402,0
DA:403,0
DA:404,0
DA:407,0
DA:408,0
DA:409,0
DA:412,0
DA:430,0
DA:434,0
DA:574,0
DA:575,0
DA:576,0
DA:578,0
DA:614,0
LF:57
LH:0
BRDA:54,0,0,0
BRDA:54,0,1,0
BRDA:104,1,0,0
BRDA:104,1,1,0
BRDA:144,2,0,0
BRDA:144,2,1,0
BRDA:403,3,0,0
BRDA:403,3,1,0
BRDA:408,4,0,0
BRDA:408,4,1,0
BRDA:494,5,0,0
BRDA:494,5,1,0
BRDA:528,6,0,0
BRDA:528,6,1,0
BRDA:559,7,0,0
BRDA:559,7,1,0
BRDA:571,8,0,0
BRDA:571,8,1,0
BRDA:592,9,0,0
BRDA:592,9,1,0
BRDA:599,10,0,0
BRDA:599,10,1,0
BRDA:615,11,0,0
BRDA:615,11,1,0
BRDA:624,12,0,0
BRDA:624,12,1,0
BRDA:627,13,0,0
BRDA:627,13,1,0
BRDA:633,14,0,0
BRDA:633,14,1,0
BRDA:639,15,0,0
BRDA:639,15,1,0
BRF:32
BRH:0
end_of_record
TN:
SF:src\components\business\BusinessHeader.tsx
FN:24,(anonymous_0)
FN:44,(anonymous_1)
FN:141,(anonymous_2)
FN:142,(anonymous_3)
FN:161,(anonymous_4)
FNF:5
FNH:0
FNDA:0,(anonymous_0)
FNDA:0,(anonymous_1)
FNDA:0,(anonymous_2)
FNDA:0,(anonymous_3)
FNDA:0,(anonymous_4)
DA:24,0
DA:32,0
DA:33,0
DA:34,0
DA:35,0
DA:36,0
DA:39,0
DA:41,0
DA:42,0
DA:44,0
DA:45,0
DA:46,0
DA:49,0
DA:53,0
DA:113,0
DA:141,0
DA:142,0
DA:161,0
LF:18
LH:0
BRDA:26,0,0,0
BRDA:29,1,0,0
BRDA:39,2,0,0
BRDA:39,2,1,0
BRDA:45,3,0,0
BRDA:45,3,1,0
BRDA:117,4,0,0
BRDA:117,4,1,0
BRDA:139,5,0,0
BRDA:139,5,1,0
BRDA:144,6,0,0
BRDA:144,6,1,0
BRDA:154,7,0,0
BRDA:154,7,1,0
BRF:14
BRH:0
end_of_record
TN:
SF:src\components\business\BusinessTabMenu.test.tsx
FN:15,(anonymous_0)
FN:16,(anonymous_1)
FN:17,(anonymous_2)
FN:35,(anonymous_3)
FN:36,(anonymous_4)
FN:40,(anonymous_5)
FN:48,(anonymous_6)
FN:49,(anonymous_7)
FN:53,(anonymous_8)
FN:70,(anonymous_9)
FN:94,(anonymous_10)
FN:108,(anonymous_11)
FN:113,(anonymous_12)
FN:131,(anonymous_13)
FNF:14
FNH:0
FNDA:0,(anonymous_0)
FNDA:0,(anonymous_1)
FNDA:0,(anonymous_2)
FNDA:0,(anonymous_3)
FNDA:0,(anonymous_4)
FNDA:0,(anonymous_5)
FNDA:0,(anonymous_6)
FNDA:0,(anonymous_7)
FNDA:0,(anonymous_8)
FNDA:0,(anonymous_9)
FNDA:0,(anonymous_10)
FNDA:0,(anonymous_11)
FNDA:0,(anonymous_12)
FNDA:0,(anonymous_13)
DA:15,0
DA:16,0
DA:18,0
DA:24,0
DA:29,0
DA:32,0
DA:33,0
DA:35,0
DA:40,0
DA:41,0
DA:48,0
DA:49,0
DA:50,0
DA:53,0
DA:54,0
DA:64,0
DA:65,0
DA:66,0
DA:67,0
DA:70,0
DA:71,0
DA:80,0
DA:81,0
DA:84,0
DA:89,0
DA:94,0
DA:95,0
DA:96,0
DA:105,0
DA:106,0
DA:108,0
DA:109,0
DA:113,0
DA:114,0
DA:115,0
DA:124,0
DA:125,0
DA:128,0
DA:131,0
DA:132,0
DA:141,0
DA:142,0
DA:143,0
DA:144,0
LF:44
LH:0
BRDA:24,0,0,0
BRDA:24,0,1,0
BRDA:40,1,0,0
BRF:3
BRH:0
end_of_record
TN:
SF:src\components\business\BusinessTabMenu.tsx
FN:31,(anonymous_0)
FN:62,(anonymous_1)
FN:123,(anonymous_2)
FN:134,(anonymous_3)
FNF:4
FNH:0
FNDA:0,(anonymous_0)
FNDA:0,(anonymous_1)
FNDA:0,(anonymous_2)
FNDA:0,(anonymous_3)
DA:31,0
DA:62,0
DA:67,0
DA:68,0
DA:70,0
DA:72,0
DA:121,0
DA:124,0
DA:126,0
DA:136,0
DA:137,0
LF:11
LH:0
BRDA:132,0,0,0
BRDA:132,0,1,0
BRDA:136,1,0,0
BRDA:136,1,1,0
BRDA:149,2,0,0
BRDA:149,2,1,0
BRDA:155,3,0,0
BRDA:155,3,1,0
BRF:8
BRH:0
end_of_record
TN:
SF:src\components\business\modals\AddContractorModal.tsx
FN:30,AddContractorModal
FN:46,(anonymous_1)
FN:68,(anonymous_2)
FN:73,(anonymous_3)
FN:82,(anonymous_4)
FN:92,(anonymous_5)
FN:101,(anonymous_6)
FN:224,(anonymous_7)
FN:227,(anonymous_8)
FN:247,(anonymous_9)
FN:251,(anonymous_10)
FN:325,(anonymous_11)
FN:328,(anonymous_12)
FN:383,(anonymous_13)
FN:387,(anonymous_14)
FN:442,(anonymous_15)
FNF:16
FNH:15
FNDA:95,AddContractorModal
FNDA:22,(anonymous_1)
FNDA:10,(anonymous_2)
FNDA:4,(anonymous_3)
FNDA:9,(anonymous_4)
FNDA:2,(anonymous_5)
FNDA:56,(anonymous_6)
FNDA:20,(anonymous_7)
FNDA:2,(anonymous_8)
FNDA:37,(anonymous_9)
FNDA:10,(anonymous_10)
FNDA:19,(anonymous_11)
FNDA:1,(anonymous_12)
FNDA:76,(anonymous_13)
FNDA:2,(anonymous_14)
FNDA:0,(anonymous_15)
DA:31,95
DA:32,95
DA:33,95
DA:34,95
DA:35,95
DA:36,95
DA:37,95
DA:39,95
DA:46,95
DA:47,22
DA:48,1
DA:49,1
DA:52,21
DA:53,21
DA:54,21
DA:55,20
DA:56,20
DA:58,20
DA:59,2
DA:62,1
DA:64,21
DA:68,95
DA:69,10
DA:70,10
DA:73,95
DA:74,4
DA:76,4
DA:77,4
DA:78,4
DA:80,3
DA:82,9
DA:86,1
DA:88,4
DA:92,95
DA:93,2
DA:94,2
DA:95,2
DA:96,2
DA:97,2
DA:98,2
DA:101,95
DA:102,56
DA:224,95
DA:225,20
DA:227,2
DA:248,37
DA:251,10
DA:325,95
DA:326,19
DA:328,1
DA:384,76
DA:387,2
DA:442,0
DA:481,95
LF:54
LH:53
BRDA:47,0,0,1
BRDA:47,0,1,21
BRDA:58,1,0,2
BRDA:58,1,1,18
BRDA:74,2,0,0
BRDA:74,2,1,4
BRDA:209,3,0,2
BRDA:209,3,1,54
BRDA:212,4,0,2
BRDA:212,4,1,54
BRDA:272,5,0,37
BRDA:272,5,1,18
BRDA:307,6,0,19
BRDA:307,6,1,18
BRDA:346,7,0,19
BRDA:346,7,1,19
BRDA:373,8,0,19
BRDA:373,8,1,0
BRDA:389,9,0,19
BRDA:389,9,1,57
BRDA:392,10,0,19
BRDA:392,10,1,57
BRDA:393,11,0,19
BRDA:393,11,1,57
BRDA:403,12,0,19
BRDA:403,12,1,57
BRDA:408,13,0,76
BRDA:408,13,1,19
BRDA:466,14,0,4
BRDA:466,14,1,15
BRDA:469,15,0,4
BRDA:469,15,1,15
BRDA:497,16,0,95
BRDA:497,16,1,56
BRDA:498,17,0,95
BRDA:498,17,1,20
BRDA:499,18,0,95
BRDA:499,18,1,19
BRF:38
BRH:36
end_of_record
TN:
SF:src\components\business\modals\AddJobTemplateModal.tsx
FN:132,(anonymous_0)
FN:416,(anonymous_1)
FN:417,(anonymous_2)
FN:421,(anonymous_3)
FN:426,(anonymous_4)
FN:427,(anonymous_5)
FN:433,(anonymous_6)
FN:434,(anonymous_7)
FN:441,(anonymous_8)
FN:462,(anonymous_9)
FN:464,(anonymous_10)
FN:472,(anonymous_11)
FN:474,(anonymous_12)
FN:481,(anonymous_13)
FN:486,(anonymous_14)
FN:488,(anonymous_15)
FN:496,(anonymous_16)
FN:497,(anonymous_17)
FN:499,(anonymous_18)
FN:504,(anonymous_19)
FN:505,(anonymous_20)
FN:510,(anonymous_21)
FN:516,(anonymous_22)
FN:517,(anonymous_23)
FN:522,(anonymous_24)
FN:529,(anonymous_25)
FN:582,(anonymous_26)
FN:634,(anonymous_27)
FN:689,(anonymous_28)
FN:696,(anonymous_29)
FN:727,(anonymous_30)
FN:764,(anonymous_31)
FN:780,(anonymous_32)
FN:800,(anonymous_33)
FN:807,(anonymous_34)
FN:832,(anonymous_35)
FN:850,(anonymous_36)
FN:875,(anonymous_37)
FN:888,(anonymous_38)
FN:892,(anonymous_39)
FN:910,(anonymous_40)
FN:914,(anonymous_41)
FN:940,(anonymous_42)
FN:945,(anonymous_43)
FNF:44
FNH:0
FNDA:0,(anonymous_0)
FNDA:0,(anonymous_1)
FNDA:0,(anonymous_2)
FNDA:0,(anonymous_3)
FNDA:0,(anonymous_4)
FNDA:0,(anonymous_5)
FNDA:0,(anonymous_6)
FNDA:0,(anonymous_7)
FNDA:0,(anonymous_8)
FNDA:0,(anonymous_9)
FNDA:0,(anonymous_10)
FNDA:0,(anonymous_11)
FNDA:0,(anonymous_12)
FNDA:0,(anonymous_13)
FNDA:0,(anonymous_14)
FNDA:0,(anonymous_15)
FNDA:0,(anonymous_16)
FNDA:0,(anonymous_17)
FNDA:0,(anonymous_18)
FNDA:0,(anonymous_19)
FNDA:0,(anonymous_20)
FNDA:0,(anonymous_21)
FNDA:0,(anonymous_22)
FNDA:0,(anonymous_23)
FNDA:0,(anonymous_24)
FNDA:0,(anonymous_25)
FNDA:0,(anonymous_26)
FNDA:0,(anonymous_27)
FNDA:0,(anonymous_28)
FNDA:0,(anonymous_29)
FNDA:0,(anonymous_30)
FNDA:0,(anonymous_31)
FNDA:0,(anonymous_32)
FNDA:0,(anonymous_33)
FNDA:0,(anonymous_34)
FNDA:0,(anonymous_35)
FNDA:0,(anonymous_36)
FNDA:0,(anonymous_37)
FNDA:0,(anonymous_38)
FNDA:0,(anonymous_39)
FNDA:0,(anonymous_40)
FNDA:0,(anonymous_41)
FNDA:0,(anonymous_42)
FNDA:0,(anonymous_43)
DA:53,0
DA:98,0
DA:104,0
DA:112,0
DA:123,0
DA:132,0
DA:137,0
DA:140,0
DA:160,0
DA:161,0
DA:162,0
DA:165,0
DA:416,0
DA:417,0
DA:420,0
DA:421,0
DA:426,0
DA:427,0
DA:433,0
DA:434,0
DA:441,0
DA:442,0
DA:451,0
DA:453,0
DA:454,0
DA:455,0
DA:458,0
DA:462,0
DA:463,0
DA:464,0
DA:472,0
DA:473,0
DA:474,0
DA:480,0
DA:481,0
DA:486,0
DA:487,0
DA:488,0
DA:492,0
DA:496,0
DA:497,0
DA:499,0
DA:504,0
DA:505,0
DA:510,0
DA:516,0
DA:517,0
DA:522,0
DA:529,0
DA:530,0
DA:533,0
DA:534,0
DA:537,0
DA:538,0
DA:541,0
DA:542,0
DA:544,0
DA:545,0
DA:546,0
DA:550,0
DA:551,0
DA:553,0
DA:554,0
DA:555,0
DA:559,0
DA:560,0
DA:562,0
DA:563,0
DA:564,0
DA:568,0
DA:569,0
DA:570,0
DA:573,0
DA:574,0
DA:577,0
DA:578,0
DA:582,0
DA:583,0
DA:584,0
DA:587,0
DA:589,0
DA:591,0
DA:601,0
DA:604,0
DA:623,0
DA:625,0
DA:627,0
DA:629,0
DA:634,0
DA:635,0
DA:653,0
DA:654,0
DA:655,0
DA:658,0
DA:690,0
DA:696,0
DA:727,0
DA:764,0
DA:780,0
DA:801,0
DA:807,0
DA:832,0
DA:850,0
DA:875,0
DA:889,0
DA:892,0
DA:911,0
DA:914,0
DA:941,0
DA:945,0
LF:110
LH:0
BRDA:214,0,0,0
BRDA:214,0,1,0
BRDA:231,1,0,0
BRDA:231,1,1,0
BRDA:235,2,0,0
BRDA:235,2,1,0
BRDA:353,3,0,0
BRDA:353,3,1,0
BRDA:420,4,0,0
BRDA:420,4,1,0
BRDA:451,5,0,0
BRDA:451,5,1,0
BRDA:453,6,0,0
BRDA:453,6,1,0
BRDA:480,7,0,0
BRDA:480,7,1,0
BRDA:487,8,0,0
BRDA:487,8,1,0
BRDA:509,9,0,0
BRDA:509,9,1,0
BRDA:521,10,0,0
BRDA:521,10,1,0
BRDA:533,11,0,0
BRDA:533,11,1,0
BRDA:537,12,0,0
BRDA:537,12,1,0
BRDA:541,13,0,0
BRDA:541,13,1,0
BRDA:545,14,0,0
BRDA:545,14,1,0
BRDA:545,15,0,0
BRDA:545,15,1,0
BRDA:550,16,0,0
BRDA:550,16,1,0
BRDA:554,17,0,0
BRDA:554,17,1,0
BRDA:554,18,0,0
BRDA:554,18,1,0
BRDA:559,19,0,0
BRDA:559,19,1,0
BRDA:560,20,0,0
BRDA:560,20,1,0
BRDA:563,21,0,0
BRDA:563,21,1,0
BRDA:563,22,0,0
BRDA:563,22,1,0
BRDA:564,23,0,0
BRDA:564,23,1,0
BRDA:569,24,0,0
BRDA:569,24,1,0
BRDA:569,25,0,0
BRDA:569,25,1,0
BRDA:573,26,0,0
BRDA:573,26,1,0
BRDA:574,27,0,0
BRDA:574,27,1,0
BRDA:583,28,0,0
BRDA:583,28,1,0
BRDA:666,29,0,0
BRDA:666,29,1,0
BRDA:694,30,0,0
BRDA:694,30,1,0
BRDA:701,31,0,0
BRDA:701,31,1,0
BRDA:742,32,0,0
BRDA:742,32,1,0
BRDA:750,33,0,0
BRDA:750,33,1,0
BRDA:762,34,0,0
BRDA:762,34,1,0
BRDA:768,35,0,0
BRDA:768,35,1,0
BRDA:778,36,0,0
BRDA:778,36,1,0
BRDA:785,37,0,0
BRDA:785,37,1,0
BRDA:805,38,0,0
BRDA:805,38,1,0
BRDA:811,39,0,0
BRDA:811,39,1,0
BRDA:830,40,0,0
BRDA:830,40,1,0
BRDA:833,41,0,0
BRDA:833,41,1,0
BRDA:838,42,0,0
BRDA:838,42,1,0
BRDA:839,43,0,0
BRDA:839,43,1,0
BRDA:848,44,0,0
BRDA:848,44,1,0
BRDA:858,45,0,0
BRDA:858,45,1,0
BRDA:873,46,0,0
BRDA:873,46,1,0
BRDA:896,47,0,0
BRDA:896,47,1,0
BRDA:898,48,0,0
BRDA:898,48,1,0
BRDA:918,49,0,0
BRDA:918,49,1,0
BRDA:920,50,0,0
BRDA:920,50,1,0
BRDA:929,51,0,0
BRDA:929,51,1,0
BRDA:990,52,0,0
BRDA:990,52,1,0
BRDA:996,53,0,0
BRDA:996,53,1,0
BRF:108
BRH:0
end_of_record
TN:
SF:src\components\business\modals\AddStaffModal.tsx
FN:65,(anonymous_0)
FN:72,(anonymous_1)
FN:78,(anonymous_2)
FN:84,(anonymous_3)
FN:263,(anonymous_4)
FN:264,(anonymous_5)
FN:268,(anonymous_6)
FN:273,(anonymous_7)
FN:309,(anonymous_8)
FN:349,(anonymous_9)
FN:395,(anonymous_10)
FN:411,(anonymous_11)
FN:429,(anonymous_12)
FN:452,(anonymous_13)
FN:459,(anonymous_14)
FN:485,(anonymous_15)
FN:492,(anonymous_16)
FN:514,(anonymous_17)
FN:534,(anonymous_18)
FN:553,(anonymous_19)
FNF:20
FNH:0
FNDA:0,(anonymous_0)
FNDA:0,(anonymous_1)
FNDA:0,(anonymous_2)
FNDA:0,(anonymous_3)
FNDA:0,(anonymous_4)
FNDA:0,(anonymous_5)
FNDA:0,(anonymous_6)
FNDA:0,(anonymous_7)
FNDA:0,(anonymous_8)
FNDA:0,(anonymous_9)
FNDA:0,(anonymous_10)
FNDA:0,(anonymous_11)
FNDA:0,(anonymous_12)
FNDA:0,(anonymous_13)
FNDA:0,(anonymous_14)
FNDA:0,(anonymous_15)
FNDA:0,(anonymous_16)
FNDA:0,(anonymous_17)
FNDA:0,(anonymous_18)
FNDA:0,(anonymous_19)
DA:45,0
DA:55,0
DA:65,0
DA:67,0
DA:68,0
DA:72,0
DA:73,0
DA:74,0
DA:78,0
DA:80,0
DA:81,0
DA:84,0
DA:89,0
DA:92,0
DA:104,0
DA:105,0
DA:108,0
DA:263,0
DA:264,0
DA:267,0
DA:268,0
DA:273,0
DA:274,0
DA:277,0
DA:278,0
DA:280,0
DA:281,0
DA:283,0
DA:284,0
DA:285,0
DA:286,0
DA:288,0
DA:289,0
DA:290,0
DA:291,0
DA:293,0
DA:294,0
DA:295,0
DA:296,0
DA:298,0
DA:299,0
DA:300,0
DA:301,0
DA:304,0
DA:305,0
DA:309,0
DA:310,0
DA:311,0
DA:314,0
DA:316,0
DA:318,0
DA:324,0
DA:327,0
DA:338,0
DA:340,0
DA:342,0
DA:344,0
DA:349,0
DA:350,0
DA:360,0
DA:361,0
DA:364,0
DA:395,0
DA:411,0
DA:429,0
DA:453,0
DA:459,0
DA:486,0
DA:492,0
DA:514,0
DA:534,0
DA:553,0
LF:72
LH:0
BRDA:148,0,0,0
BRDA:148,0,1,0
BRDA:161,1,0,0
BRDA:161,1,1,0
BRDA:165,2,0,0
BRDA:165,2,1,0
BRDA:267,3,0,0
BRDA:267,3,1,0
BRDA:277,4,0,0
BRDA:277,4,1,0
BRDA:280,5,0,0
BRDA:280,5,1,0
BRDA:283,6,0,0
BRDA:283,6,1,0
BRDA:285,7,0,0
BRDA:285,7,1,0
BRDA:288,8,0,0
BRDA:288,8,1,0
BRDA:290,9,0,0
BRDA:290,9,1,0
BRDA:293,10,0,0
BRDA:293,10,1,0
BRDA:295,11,0,0
BRDA:295,11,1,0
BRDA:298,12,0,0
BRDA:298,12,1,0
BRDA:300,13,0,0
BRDA:300,13,1,0
BRDA:300,14,0,0
BRDA:300,14,1,0
BRDA:310,15,0,0
BRDA:310,15,1,0
BRDA:372,16,0,0
BRDA:372,16,1,0
BRDA:393,17,0,0
BRDA:393,17,1,0
BRDA:399,18,0,0
BRDA:399,18,1,0
BRDA:409,19,0,0
BRDA:409,19,1,0
BRDA:415,20,0,0
BRDA:415,20,1,0
BRDA:427,21,0,0
BRDA:427,21,1,0
BRDA:438,22,0,0
BRDA:438,22,1,0
BRDA:457,23,0,0
BRDA:457,23,1,0
BRDA:463,24,0,0
BRDA:463,24,1,0
BRDA:490,25,0,0
BRDA:490,25,1,0
BRDA:496,26,0,0
BRDA:496,26,1,0
BRDA:512,27,0,0
BRDA:512,27,1,0
BRDA:522,28,0,0
BRDA:522,28,1,0
BRDA:532,29,0,0
BRDA:532,29,1,0
BRDA:540,30,0,0
BRDA:540,30,1,0
BRDA:551,31,0,0
BRDA:551,31,1,0
BRDA:561,32,0,0
BRDA:561,32,1,0
BRDA:583,33,0,0
BRDA:583,33,1,0
BRDA:589,34,0,0
BRDA:589,34,1,0
BRF:70
BRH:0
end_of_record
TN:
SF:src\components\business\modals\AddVehicleModal.tsx
FN:69,(anonymous_0)
FN:74,(anonymous_1)
FN:277,(anonymous_2)
FN:278,(anonymous_3)
FN:282,(anonymous_4)
FN:287,(anonymous_5)
FN:307,(anonymous_6)
FN:309,(anonymous_7)
FN:316,(anonymous_8)
FN:320,(anonymous_9)
FN:322,(anonymous_10)
FN:329,(anonymous_11)
FN:331,(anonymous_12)
FN:338,(anonymous_13)
FN:343,(anonymous_14)
FN:374,(anonymous_15)
FN:415,(anonymous_16)
FN:462,(anonymous_17)
FN:469,(anonymous_18)
FN:493,(anonymous_19)
FN:510,(anonymous_20)
FN:532,(anonymous_21)
FN:539,(anonymous_22)
FN:578,(anonymous_23)
FN:598,(anonymous_24)
FN:614,(anonymous_25)
FN:621,(anonymous_26)
FNF:27
FNH:0
FNDA:0,(anonymous_0)
FNDA:0,(anonymous_1)
FNDA:0,(anonymous_2)
FNDA:0,(anonymous_3)
FNDA:0,(anonymous_4)
FNDA:0,(anonymous_5)
FNDA:0,(anonymous_6)
FNDA:0,(anonymous_7)
FNDA:0,(anonymous_8)
FNDA:0,(anonymous_9)
FNDA:0,(anonymous_10)
FNDA:0,(anonymous_11)
FNDA:0,(anonymous_12)
FNDA:0,(anonymous_13)
FNDA:0,(anonymous_14)
FNDA:0,(anonymous_15)
FNDA:0,(anonymous_16)
FNDA:0,(anonymous_17)
FNDA:0,(anonymous_18)
FNDA:0,(anonymous_19)
FNDA:0,(anonymous_20)
FNDA:0,(anonymous_21)
FNDA:0,(anonymous_22)
FNDA:0,(anonymous_23)
FNDA:0,(anonymous_24)
FNDA:0,(anonymous_25)
FNDA:0,(anonymous_26)
DA:45,0
DA:54,0
DA:58,0
DA:69,0
DA:70,0
DA:71,0
DA:74,0
DA:79,0
DA:82,0
DA:94,0
DA:95,0
DA:98,0
DA:277,0
DA:278,0
DA:281,0
DA:282,0
DA:287,0
DA:288,0
DA:297,0
DA:298,0
DA:299,0
DA:300,0
DA:302,0
DA:307,0
DA:308,0
DA:309,0
DA:315,0
DA:316,0
DA:320,0
DA:321,0
DA:322,0
DA:329,0
DA:330,0
DA:331,0
DA:337,0
DA:338,0
DA:343,0
DA:344,0
DA:347,0
DA:348,0
DA:349,0
DA:350,0
DA:353,0
DA:354,0
DA:357,0
DA:358,0
DA:359,0
DA:360,0
DA:361,0
DA:362,0
DA:365,0
DA:366,0
DA:369,0
DA:370,0
DA:374,0
DA:375,0
DA:376,0
DA:379,0
DA:381,0
DA:383,0
DA:389,0
DA:392,0
DA:393,0
DA:404,0
DA:406,0
DA:408,0
DA:410,0
DA:415,0
DA:416,0
DA:417,0
DA:427,0
DA:428,0
DA:431,0
DA:463,0
DA:469,0
DA:493,0
DA:510,0
DA:533,0
DA:539,0
DA:578,0
DA:598,0
DA:615,0
DA:621,0
LF:83
LH:0
BRDA:138,0,0,0
BRDA:138,0,1,0
BRDA:151,1,0,0
BRDA:151,1,1,0
BRDA:155,2,0,0
BRDA:155,2,1,0
BRDA:281,3,0,0
BRDA:281,3,1,0
BRDA:297,4,0,0
BRDA:297,4,1,0
BRDA:297,5,0,0
BRDA:297,5,1,0
BRDA:299,6,0,0
BRDA:299,6,1,0
BRDA:302,7,0,0
BRDA:302,7,1,0
BRDA:315,8,0,0
BRDA:315,8,1,0
BRDA:337,9,0,0
BRDA:337,9,1,0
BRDA:347,10,0,0
BRDA:347,10,1,0
BRDA:349,11,0,0
BRDA:349,11,1,0
BRDA:353,12,0,0
BRDA:353,12,1,0
BRDA:359,13,0,0
BRDA:359,13,1,0
BRDA:361,14,0,0
BRDA:361,14,1,0
BRDA:361,15,0,0
BRDA:361,15,1,0
BRDA:361,15,2,0
BRDA:365,16,0,0
BRDA:365,16,1,0
BRDA:375,17,0,0
BRDA:375,17,1,0
BRDA:439,18,0,0
BRDA:439,18,1,0
BRDA:467,19,0,0
BRDA:467,19,1,0
BRDA:474,20,0,0
BRDA:474,20,1,0
BRDA:508,21,0,0
BRDA:508,21,1,0
BRDA:518,22,0,0
BRDA:518,22,1,0
BRDA:537,23,0,0
BRDA:537,23,1,0
BRDA:543,24,0,0
BRDA:543,24,1,0
BRDA:560,25,0,0
BRDA:560,25,1,0
BRDA:566,26,0,0
BRDA:566,26,1,0
BRDA:576,27,0,0
BRDA:576,27,1,0
BRDA:584,28,0,0
BRDA:584,28,1,0
BRDA:596,29,0,0
BRDA:596,29,1,0
BRDA:605,30,0,0
BRDA:605,30,1,0
BRDA:619,31,0,0
BRDA:619,31,1,0
BRDA:625,32,0,0
BRDA:625,32,1,0
BRDA:651,33,0,0
BRDA:651,33,1,0
BRDA:657,34,0,0
BRDA:657,34,1,0
BRF:71
BRH:0
end_of_record
TN:
SF:src\components\business\modals\CreateInvoiceModal.tsx
FN:96,(anonymous_0)
FN:112,(anonymous_1)
FN:127,(anonymous_2)
FN:128,(anonymous_3)
FN:465,(anonymous_4)
FN:466,(anonymous_5)
FN:470,(anonymous_6)
FN:475,(anonymous_7)
FN:476,(anonymous_8)
FN:478,(anonymous_9)
FN:494,(anonymous_10)
FN:503,(anonymous_11)
FN:513,(anonymous_12)
FN:514,(anonymous_13)
FN:516,(anonymous_14)
FN:521,(anonymous_15)
FN:559,(anonymous_16)
FN:578,(anonymous_17)
FN:598,(anonymous_18)
FN:607,(anonymous_19)
FN:652,(anonymous_20)
FN:668,(anonymous_21)
FN:684,(anonymous_22)
FN:706,(anonymous_23)
FN:713,(anonymous_24)
FN:736,(anonymous_25)
FN:753,(anonymous_26)
FN:769,(anonymous_27)
FN:794,(anonymous_28)
FN:799,(anonymous_29)
FN:807,(anonymous_30)
FN:816,(anonymous_31)
FN:828,(anonymous_32)
FN:845,(anonymous_33)
FN:873,(anonymous_34)
FN:880,(anonymous_35)
FN:902,(anonymous_36)
FN:945,(anonymous_37)
FN:949,(anonymous_38)
FN:957,(anonymous_39)
FN:968,(anonymous_40)
FNF:41
FNH:0
FNDA:0,(anonymous_0)
FNDA:0,(anonymous_1)
FNDA:0,(anonymous_2)
FNDA:0,(anonymous_3)
FNDA:0,(anonymous_4)
FNDA:0,(anonymous_5)
FNDA:0,(anonymous_6)
FNDA:0,(anonymous_7)
FNDA:0,(anonymous_8)
FNDA:0,(anonymous_9)
FNDA:0,(anonymous_10)
FNDA:0,(anonymous_11)
FNDA:0,(anonymous_12)
FNDA:0,(anonymous_13)
FNDA:0,(anonymous_14)
FNDA:0,(anonymous_15)
FNDA:0,(anonymous_16)
FNDA:0,(anonymous_17)
FNDA:0,(anonymous_18)
FNDA:0,(anonymous_19)
FNDA:0,(anonymous_20)
FNDA:0,(anonymous_21)
FNDA:0,(anonymous_22)
FNDA:0,(anonymous_23)
FNDA:0,(anonymous_24)
FNDA:0,(anonymous_25)
FNDA:0,(anonymous_26)
FNDA:0,(anonymous_27)
FNDA:0,(anonymous_28)
FNDA:0,(anonymous_29)
FNDA:0,(anonymous_30)
FNDA:0,(anonymous_31)
FNDA:0,(anonymous_32)
FNDA:0,(anonymous_33)
FNDA:0,(anonymous_34)
FNDA:0,(anonymous_35)
FNDA:0,(anonymous_36)
FNDA:0,(anonymous_37)
FNDA:0,(anonymous_38)
FNDA:0,(anonymous_39)
FNDA:0,(anonymous_40)
DA:56,0
DA:65,0
DA:72,0
DA:78,0
DA:94,0
DA:96,0
DA:101,0
DA:104,0
DA:112,0
DA:122,0
DA:123,0
DA:124,0
DA:127,0
DA:128,0
DA:129,0
DA:130,0
DA:132,0
DA:140,0
DA:465,0
DA:466,0
DA:469,0
DA:470,0
DA:475,0
DA:476,0
DA:479,0
DA:480,0
DA:483,0
DA:484,0
DA:487,0
DA:489,0
DA:494,0
DA:495,0
DA:503,0
DA:508,0
DA:509,0
DA:513,0
DA:514,0
DA:516,0
DA:521,0
DA:522,0
DA:525,0
DA:526,0
DA:529,0
DA:530,0
DA:532,0
DA:533,0
DA:534,0
DA:538,0
DA:539,0
DA:542,0
DA:543,0
DA:546,0
DA:547,0
DA:550,0
DA:551,0
DA:554,0
DA:555,0
DA:559,0
DA:560,0
DA:561,0
DA:564,0
DA:566,0
DA:567,0
DA:570,0
DA:578,0
DA:587,0
DA:589,0
DA:591,0
DA:593,0
DA:598,0
DA:599,0
DA:607,0
DA:615,0
DA:616,0
DA:619,0
DA:652,0
DA:668,0
DA:684,0
DA:707,0
DA:713,0
DA:736,0
DA:753,0
DA:769,0
DA:795,0
DA:799,0
DA:807,0
DA:816,0
DA:828,0
DA:845,0
DA:874,0
DA:880,0
DA:902,0
DA:946,0
DA:949,0
DA:957,0
DA:968,0
LF:96
LH:0
BRDA:189,0,0,0
BRDA:189,0,1,0
BRDA:206,1,0,0
BRDA:206,1,1,0
BRDA:210,2,0,0
BRDA:210,2,1,0
BRDA:326,3,0,0
BRDA:326,3,1,0
BRDA:469,4,0,0
BRDA:469,4,1,0
BRDA:479,5,0,0
BRDA:479,5,1,0
BRDA:483,6,0,0
BRDA:483,6,1,0
BRDA:483,7,0,0
BRDA:483,7,1,0
BRDA:497,8,0,0
BRDA:497,8,1,0
BRDA:499,9,0,0
BRDA:499,9,1,0
BRDA:500,10,0,0
BRDA:500,10,1,0
BRDA:508,11,0,0
BRDA:508,11,1,0
BRDA:525,12,0,0
BRDA:525,12,1,0
BRDA:529,13,0,0
BRDA:529,13,1,0
BRDA:533,14,0,0
BRDA:533,14,1,0
BRDA:538,15,0,0
BRDA:538,15,1,0
BRDA:542,16,0,0
BRDA:542,16,1,0
BRDA:546,17,0,0
BRDA:546,17,1,0
BRDA:550,18,0,0
BRDA:550,18,1,0
BRDA:560,19,0,0
BRDA:560,19,1,0
BRDA:627,20,0,0
BRDA:627,20,1,0
BRDA:650,21,0,0
BRDA:650,21,1,0
BRDA:656,22,0,0
BRDA:656,22,1,0
BRDA:666,23,0,0
BRDA:666,23,1,0
BRDA:674,24,0,0
BRDA:674,24,1,0
BRDA:711,25,0,0
BRDA:711,25,1,0
BRDA:718,26,0,0
BRDA:718,26,1,0
BRDA:734,27,0,0
BRDA:734,27,1,0
BRDA:740,28,0,0
BRDA:740,28,1,0
BRDA:751,29,0,0
BRDA:751,29,1,0
BRDA:757,30,0,0
BRDA:757,30,1,0
BRDA:767,31,0,0
BRDA:767,31,1,0
BRDA:773,32,0,0
BRDA:773,32,1,0
BRDA:807,33,0,0
BRDA:807,33,1,0
BRDA:816,34,0,0
BRDA:816,34,1,0
BRDA:833,35,0,0
BRDA:833,35,1,0
BRDA:878,36,0,0
BRDA:878,36,1,0
BRDA:884,37,0,0
BRDA:884,37,1,0
BRDA:927,38,0,0
BRDA:927,38,1,0
BRDA:933,39,0,0
BRDA:933,39,1,0
BRDA:940,40,0,0
BRDA:940,40,1,0
BRF:82
BRH:0
end_of_record
TN:
SF:src\components\business\modals\InviteEmployeeModal.tsx
FN:37,InviteEmployeeModal
FN:43,(anonymous_1)
FN:68,(anonymous_2)
FN:100,(anonymous_3)
FN:179,(anonymous_4)
FN:179,(anonymous_5)
FN:199,(anonymous_6)
FN:199,(anonymous_7)
FN:220,(anonymous_8)
FN:220,(anonymous_9)
FN:242,(anonymous_10)
FN:242,(anonymous_11)
FN:255,(anonymous_12)
FN:259,(anonymous_13)
FN:259,(anonymous_14)
FN:286,(anonymous_15)
FN:290,(anonymous_16)
FN:290,(anonymous_17)
FN:325,(anonymous_18)
FN:325,(anonymous_19)
FNF:20
FNH:20
FNDA:87,InviteEmployeeModal
FNDA:23,(anonymous_1)
FNDA:8,(anonymous_2)
FNDA:8,(anonymous_3)
FNDA:9,(anonymous_4)
FNDA:9,(anonymous_5)
FNDA:9,(anonymous_6)
FNDA:9,(anonymous_7)
FNDA:8,(anonymous_8)
FNDA:8,(anonymous_9)
FNDA:7,(anonymous_10)
FNDA:7,(anonymous_11)
FNDA:609,(anonymous_12)
FNDA:8,(anonymous_13)
FNDA:8,(anonymous_14)
FNDA:522,(anonymous_15)
FNDA:8,(anonymous_16)
FNDA:8,(anonymous_17)
FNDA:8,(anonymous_18)
FNDA:8,(anonymous_19)
DA:27,1
DA:38,87
DA:39,87
DA:40,87
DA:43,87
DA:44,23
DA:45,2
DA:49,87
DA:59,87
DA:68,87
DA:69,8
DA:70,1
DA:71,1
DA:73,7
DA:74,0
DA:75,0
DA:77,7
DA:78,1
DA:79,1
DA:81,6
DA:82,0
DA:83,0
DA:85,6
DA:86,0
DA:87,0
DA:89,6
DA:90,0
DA:91,0
DA:93,6
DA:94,1
DA:95,1
DA:97,5
DA:100,87
DA:101,8
DA:103,5
DA:104,5
DA:105,5
DA:107,3
DA:114,3
DA:116,1
DA:118,4
DA:122,87
DA:179,9
DA:199,9
DA:220,8
DA:242,7
DA:256,609
DA:259,8
DA:287,522
DA:290,8
DA:325,8
LF:51
LH:43
BRDA:44,0,0,2
BRDA:44,0,1,21
BRDA:69,1,0,1
BRDA:69,1,1,7
BRDA:73,2,0,0
BRDA:73,2,1,7
BRDA:77,3,0,1
BRDA:77,3,1,6
BRDA:77,4,0,7
BRDA:77,4,1,7
BRDA:81,5,0,0
BRDA:81,5,1,6
BRDA:85,6,0,0
BRDA:85,6,1,6
BRDA:89,7,0,0
BRDA:89,7,1,6
BRDA:93,8,0,1
BRDA:93,8,1,5
BRDA:101,9,0,3
BRDA:101,9,1,5
BRDA:261,10,0,25
BRDA:261,10,1,584
BRDA:268,11,0,25
BRDA:268,11,1,584
BRDA:270,12,0,25
BRDA:270,12,1,584
BRDA:292,13,0,18
BRDA:292,13,1,504
BRDA:299,14,0,18
BRDA:299,14,1,504
BRDA:301,15,0,18
BRDA:301,15,1,504
BRDA:325,16,0,8
BRDA:325,16,1,0
BRDA:361,17,0,2
BRDA:361,17,1,85
BRDA:364,18,0,2
BRDA:364,18,1,85
BRF:38
BRH:33
end_of_record
TN:
SF:src\components\calendar\DayScreenComponents.tsx
FN:9,(anonymous_0)
FN:12,(anonymous_1)
FN:93,(anonymous_2)
FN:146,(anonymous_3)
FN:179,(anonymous_4)
FN:231,(anonymous_5)
FNF:6
FNH:0
FNDA:0,(anonymous_0)
FNDA:0,(anonymous_1)
FNDA:0,(anonymous_2)
FNDA:0,(anonymous_3)
FNDA:0,(anonymous_4)
FNDA:0,(anonymous_5)
DA:9,0
DA:10,0
DA:12,0
DA:13,0
DA:78,0
DA:93,0
DA:94,0
DA:95,0
DA:97,0
DA:146,0
DA:179,0
DA:180,0
DA:181,0
DA:183,0
DA:231,0
LF:15
LH:0
BRDA:147,0,0,0
BRDA:147,0,1,0
BRDA:153,1,0,0
BRDA:153,1,1,0
BRDA:232,2,0,0
BRDA:232,2,1,0
BRDA:238,3,0,0
BRDA:238,3,1,0
BRF:8
BRH:0
end_of_record
TN:
SF:src\components\calendar\LanguageButton.tsx
FN:16,(anonymous_0)
FN:22,(anonymous_1)
FN:31,(anonymous_2)
FN:32,(anonymous_3)
FN:63,(anonymous_4)
FN:72,(anonymous_5)
FN:93,(anonymous_6)
FN:96,(anonymous_7)
FN:100,(anonymous_8)
FN:148,(anonymous_9)
FNF:10
FNH:0
FNDA:0,(anonymous_0)
FNDA:0,(anonymous_1)
FNDA:0,(anonymous_2)
FNDA:0,(anonymous_3)
FNDA:0,(anonymous_4)
FNDA:0,(anonymous_5)
FNDA:0,(anonymous_6)
FNDA:0,(anonymous_7)
FNDA:0,(anonymous_8)
FNDA:0,(anonymous_9)
DA:16,0
DA:17,0
DA:18,0
DA:19,0
DA:20,0
DA:22,0
DA:23,0
DA:24,0
DA:27,0
DA:31,0
DA:32,0
DA:63,0
DA:72,0
DA:94,0
DA:97,0
DA:98,0
DA:100,0
DA:148,0
LF:18
LH:0
BRDA:24,0,0,0
BRDA:24,0,1,0
BRDA:35,1,0,0
BRDA:35,1,1,0
BRDA:106,2,0,0
BRDA:106,2,1,0
BRDA:108,3,0,0
BRDA:108,3,1,0
BRDA:123,4,0,0
BRDA:123,4,1,0
BRDA:124,5,0,0
BRDA:124,5,1,0
BRDA:137,6,0,0
BRDA:137,6,1,0
BRF:14
BRH:0
end_of_record
TN:
SF:src\components\calendar\jobBox.tsx
FN:19,(anonymous_0)
FN:24,(anonymous_1)
FN:65,(anonymous_2)
FN:81,(anonymous_3)
FN:238,(anonymous_4)
FN:316,(anonymous_5)
FN:320,(anonymous_6)
FNF:7
FNH:0
FNDA:0,(anonymous_0)
FNDA:0,(anonymous_1)
FNDA:0,(anonymous_2)
FNDA:0,(anonymous_3)
FNDA:0,(anonymous_4)
FNDA:0,(anonymous_5)
FNDA:0,(anonymous_6)
DA:19,0
DA:20,0
DA:21,0
DA:24,0
DA:25,0
DA:27,0
DA:34,0
DA:41,0
DA:48,0
DA:55,0
DA:65,0
DA:66,0
DA:68,0
DA:70,0
DA:72,0
DA:74,0
DA:76,0
DA:81,0
DA:82,0
DA:89,0
DA:90,0
DA:92,0
DA:236,0
DA:238,0
DA:316,0
DA:320,0
LF:26
LH:0
BRDA:25,0,0,0
BRDA:25,0,1,0
BRDA:25,0,2,0
BRDA:25,0,3,0
BRDA:25,0,4,0
BRDA:66,1,0,0
BRDA:66,1,1,0
BRDA:66,1,2,0
BRDA:66,1,3,0
BRDA:66,1,4,0
BRDA:240,2,0,0
BRDA:240,2,1,0
BRDA:241,3,0,0
BRDA:241,3,1,0
BRDA:262,4,0,0
BRDA:262,4,1,0
BRDA:262,4,2,0
BRDA:280,5,0,0
BRDA:280,5,1,0
BRDA:297,6,0,0
BRDA:297,6,1,0
BRDA:318,7,0,0
BRDA:318,7,1,0
BRF:23
BRH:0
end_of_record
TN:
SF:src\components\calendar\modernJobBox.tsx
FN:19,(anonymous_0)
FN:24,(anonymous_1)
FN:65,(anonymous_2)
FN:81,(anonymous_3)
FN:324,(anonymous_4)
FN:401,(anonymous_5)
FN:405,(anonymous_6)
FNF:7
FNH:0
FNDA:0,(anonymous_0)
FNDA:0,(anonymous_1)
FNDA:0,(anonymous_2)
FNDA:0,(anonymous_3)
FNDA:0,(anonymous_4)
FNDA:0,(anonymous_5)
FNDA:0,(anonymous_6)
DA:19,0
DA:20,0
DA:21,0
DA:24,0
DA:25,0
DA:27,0
DA:34,0
DA:41,0
DA:48,0
DA:55,0
DA:65,0
DA:66,0
DA:68,0
DA:70,0
DA:72,0
DA:74,0
DA:76,0
DA:81,0
DA:82,0
DA:89,0
DA:90,0
DA:92,0
DA:322,0
DA:324,0
DA:401,0
DA:405,0
LF:26
LH:0
BRDA:25,0,0,0
BRDA:25,0,1,0
BRDA:25,0,2,0
BRDA:25,0,3,0
BRDA:25,0,4,0
BRDA:66,1,0,0
BRDA:66,1,1,0
BRDA:66,1,2,0
BRDA:66,1,3,0
BRDA:66,1,4,0
BRDA:326,2,0,0
BRDA:326,2,1,0
BRDA:327,3,0,0
BRDA:327,3,1,0
BRDA:334,4,0,0
BRDA:334,4,1,0
BRDA:367,5,0,0
BRDA:367,5,1,0
BRDA:403,6,0,0
BRDA:403,6,1,0
BRF:20
BRH:0
end_of_record
TN:
SF:src\components\home\NotificationsPanel.tsx
FN:24,(anonymous_0)
FN:32,(anonymous_1)
FN:49,(anonymous_2)
FN:51,(anonymous_3)
FN:52,(anonymous_4)
FN:52,(anonymous_5)
FN:54,(anonymous_6)
FN:58,(anonymous_7)
FN:68,(anonymous_8)
FN:69,(anonymous_9)
FN:69,(anonymous_10)
FN:128,(anonymous_11)
FN:146,(anonymous_12)
FNF:13
FNH:0
FNDA:0,(anonymous_0)
FNDA:0,(anonymous_1)
FNDA:0,(anonymous_2)
FNDA:0,(anonymous_3)
FNDA:0,(anonymous_4)
FNDA:0,(anonymous_5)
FNDA:0,(anonymous_6)
FNDA:0,(anonymous_7)
FNDA:0,(anonymous_8)
FNDA:0,(anonymous_9)
FNDA:0,(anonymous_10)
FNDA:0,(anonymous_11)
FNDA:0,(anonymous_12)
DA:9,0
DA:24,0
DA:29,0
DA:30,0
DA:32,0
DA:33,0
DA:34,0
DA:40,0
DA:49,0
DA:50,0
DA:51,0
DA:52,0
DA:54,0
DA:58,0
DA:59,0
DA:60,0
DA:61,0
DA:62,0
DA:63,0
DA:64,0
DA:68,0
DA:69,0
DA:72,0
DA:129,0
DA:146,0
DA:161,0
LF:26
LH:0
BRDA:33,0,0,0
BRDA:33,0,1,0
BRDA:50,1,0,0
BRDA:50,1,1,0
BRDA:59,2,0,0
BRDA:59,2,1,0
BRDA:59,2,2,0
BRDA:59,2,3,0
BRDA:59,2,4,0
BRDA:123,3,0,0
BRDA:123,3,1,0
BRDA:130,4,0,0
BRDA:130,4,1,0
BRF:13
BRH:0
end_of_record
TN:
SF:src\components\home\ProfileHeader.tsx
FN:30,(anonymous_0)
FN:72,(anonymous_1)
FN:84,(anonymous_2)
FN:141,(anonymous_3)
FN:150,(anonymous_4)
FN:159,(anonymous_5)
FN:286,(anonymous_6)
FN:287,(anonymous_7)
FN:336,(anonymous_8)
FNF:9
FNH:0
FNDA:0,(anonymous_0)
FNDA:0,(anonymous_1)
FNDA:0,(anonymous_2)
FNDA:0,(anonymous_3)
FNDA:0,(anonymous_4)
FNDA:0,(anonymous_5)
FNDA:0,(anonymous_6)
FNDA:0,(anonymous_7)
FNDA:0,(anonymous_8)
DA:28,0
DA:30,0
DA:34,0
DA:35,0
DA:36,0
DA:39,0
DA:49,0
DA:50,0
DA:72,0
DA:73,0
DA:76,0
DA:84,0
DA:85,0
DA:86,0
DA:87,0
DA:88,0
DA:89,0
DA:92,0
DA:95,0
DA:130,0
DA:142,0
DA:144,0
DA:146,0
DA:147,0
DA:150,0
DA:151,0
DA:152,0
DA:157,0
DA:159,0
DA:286,0
DA:287,0
DA:336,0
LF:32
LH:0
BRDA:32,0,0,0
BRDA:39,1,0,0
BRDA:39,1,1,0
BRDA:49,2,0,0
BRDA:49,2,1,0
BRDA:73,3,0,0
BRDA:73,3,1,0
BRDA:74,4,0,0
BRDA:74,4,1,0
BRDA:74,5,0,0
BRDA:74,5,1,0
BRDA:74,6,0,0
BRDA:74,6,1,0
BRDA:84,7,0,0
BRDA:85,8,0,0
BRDA:85,8,1,0
BRDA:86,9,0,0
BRDA:86,9,1,0
BRDA:87,10,0,0
BRDA:87,10,1,0
BRDA:88,11,0,0
BRDA:88,11,1,0
BRDA:144,12,0,0
BRDA:144,12,1,0
BRDA:151,13,0,0
BRDA:151,13,1,0
BRDA:160,14,0,0
BRDA:160,14,1,0
BRDA:161,15,0,0
BRDA:161,15,1,0
BRDA:279,16,0,0
BRDA:279,16,1,0
BRDA:279,17,0,0
BRDA:279,17,1,0
BRDA:279,18,0,0
BRDA:279,18,1,0
BRDA:279,19,0,0
BRDA:279,19,1,0
BRDA:292,20,0,0
BRDA:292,20,1,0
BRDA:307,21,0,0
BRDA:307,21,1,0
BRDA:326,22,0,0
BRDA:326,22,1,0
BRF:44
BRH:0
end_of_record
TN:
SF:src\components\home\ProfileHeaderComplete.tsx
FN:23,(anonymous_0)
FN:89,(anonymous_1)
FN:110,(anonymous_2)
FN:119,(anonymous_3)
FN:214,(anonymous_4)
FN:218,(anonymous_5)
FN:219,(anonymous_6)
FN:235,(anonymous_7)
FN:243,(anonymous_8)
FN:252,(anonymous_9)
FN:388,(anonymous_10)
FN:437,(anonymous_11)
FNF:12
FNH:0
FNDA:0,(anonymous_0)
FNDA:0,(anonymous_1)
FNDA:0,(anonymous_2)
FNDA:0,(anonymous_3)
FNDA:0,(anonymous_4)
FNDA:0,(anonymous_5)
FNDA:0,(anonymous_6)
FNDA:0,(anonymous_7)
FNDA:0,(anonymous_8)
FNDA:0,(anonymous_9)
FNDA:0,(anonymous_10)
FNDA:0,(anonymous_11)
DA:21,0
DA:23,0
DA:27,0
DA:28,0
DA:29,0
DA:30,0
DA:31,0
DA:34,0
DA:54,0
DA:64,0
DA:65,0
DA:89,0
DA:90,0
DA:91,0
DA:92,0
DA:93,0
DA:94,0
DA:99,0
DA:100,0
DA:107,0
DA:110,0
DA:111,0
DA:119,0
DA:120,0
DA:121,0
DA:122,0
DA:123,0
DA:124,0
DA:127,0
DA:130,0
DA:214,0
DA:215,0
DA:218,0
DA:219,0
DA:220,0
DA:224,0
DA:236,0
DA:238,0
DA:240,0
DA:243,0
DA:244,0
DA:245,0
DA:250,0
DA:252,0
DA:388,0
DA:437,0
LF:46
LH:0
BRDA:25,0,0,0
BRDA:34,1,0,0
BRDA:34,1,1,0
BRDA:35,2,0,0
BRDA:35,2,1,0
BRDA:36,3,0,0
BRDA:36,3,1,0
BRDA:37,4,0,0
BRDA:37,4,1,0
BRDA:39,5,0,0
BRDA:39,5,1,0
BRDA:40,6,0,0
BRDA:40,6,1,0
BRDA:41,7,0,0
BRDA:41,7,1,0
BRDA:42,8,0,0
BRDA:42,8,1,0
BRDA:56,9,0,0
BRDA:56,9,1,0
BRDA:57,10,0,0
BRDA:57,10,1,0
BRDA:58,11,0,0
BRDA:58,11,1,0
BRDA:59,12,0,0
BRDA:59,12,1,0
BRDA:60,13,0,0
BRDA:60,13,1,0
BRDA:64,14,0,0
BRDA:64,14,1,0
BRDA:119,15,0,0
BRDA:120,16,0,0
BRDA:120,16,1,0
BRDA:121,17,0,0
BRDA:121,17,1,0
BRDA:122,18,0,0
BRDA:122,18,1,0
BRDA:123,19,0,0
BRDA:123,19,1,0
BRDA:238,20,0,0
BRDA:238,20,1,0
BRDA:244,21,0,0
BRDA:244,21,1,0
BRDA:253,22,0,0
BRDA:253,22,1,0
BRDA:254,23,0,0
BRDA:254,23,1,0
BRDA:393,24,0,0
BRDA:393,24,1,0
BRDA:408,25,0,0
BRDA:408,25,1,0
BRDA:427,26,0,0
BRDA:427,26,1,0
BRF:52
BRH:0
end_of_record
TN:
SF:src\components\home\ProfileHeaderFixed.tsx
FN:20,(anonymous_0)
FN:60,(anonymous_1)
FN:72,(anonymous_2)
FN:91,(anonymous_3)
FN:100,(anonymous_4)
FN:109,(anonymous_5)
FN:215,(anonymous_6)
FN:216,(anonymous_7)
FNF:8
FNH:0
FNDA:0,(anonymous_0)
FNDA:0,(anonymous_1)
FNDA:0,(anonymous_2)
FNDA:0,(anonymous_3)
FNDA:0,(anonymous_4)
FNDA:0,(anonymous_5)
FNDA:0,(anonymous_6)
FNDA:0,(anonymous_7)
DA:18,0
DA:20,0
DA:24,0
DA:25,0
DA:26,0
DA:29,0
DA:39,0
DA:40,0
DA:60,0
DA:61,0
DA:64,0
DA:72,0
DA:73,0
DA:74,0
DA:75,0
DA:76,0
DA:77,0
DA:80,0
DA:82,0
DA:92,0
DA:94,0
DA:96,0
DA:97,0
DA:100,0
DA:101,0
DA:102,0
DA:107,0
DA:109,0
DA:215,0
DA:216,0
LF:30
LH:0
BRDA:22,0,0,0
BRDA:29,1,0,0
BRDA:29,1,1,0
BRDA:39,2,0,0
BRDA:39,2,1,0
BRDA:61,3,0,0
BRDA:61,3,1,0
BRDA:62,4,0,0
BRDA:62,4,1,0
BRDA:62,5,0,0
BRDA:62,5,1,0
BRDA:62,6,0,0
BRDA:62,6,1,0
BRDA:72,7,0,0
BRDA:73,8,0,0
BRDA:73,8,1,0
BRDA:74,9,0,0
BRDA:74,9,1,0
BRDA:75,10,0,0
BRDA:75,10,1,0
BRDA:76,11,0,0
BRDA:76,11,1,0
BRDA:94,12,0,0
BRDA:94,12,1,0
BRDA:101,13,0,0
BRDA:101,13,1,0
BRDA:110,14,0,0
BRDA:110,14,1,0
BRDA:111,15,0,0
BRDA:111,15,1,0
BRDA:208,16,0,0
BRDA:208,16,1,0
BRDA:208,17,0,0
BRDA:208,17,1,0
BRDA:208,18,0,0
BRDA:208,18,1,0
BRDA:208,19,0,0
BRDA:208,19,1,0
BRDA:221,20,0,0
BRDA:221,20,1,0
BRDA:236,21,0,0
BRDA:236,21,1,0
BRDA:255,22,0,0
BRDA:255,22,1,0
BRF:44
BRH:0
end_of_record
TN:
SF:src\components\home\ProfileHeaderNewComplete.tsx
FN:23,(anonymous_0)
FN:50,(anonymous_1)
FN:86,(anonymous_2)
FN:117,(anonymous_3)
FN:119,(anonymous_4)
FN:136,(anonymous_5)
FN:144,(anonymous_6)
FN:153,(anonymous_7)
FN:282,(anonymous_8)
FN:326,(anonymous_9)
FNF:10
FNH:0
FNDA:0,(anonymous_0)
FNDA:0,(anonymous_1)
FNDA:0,(anonymous_2)
FNDA:0,(anonymous_3)
FNDA:0,(anonymous_4)
FNDA:0,(anonymous_5)
FNDA:0,(anonymous_6)
FNDA:0,(anonymous_7)
FNDA:0,(anonymous_8)
FNDA:0,(anonymous_9)
DA:21,0
DA:23,0
DA:27,0
DA:28,0
DA:29,0
DA:30,0
DA:31,0
DA:32,0
DA:35,0
DA:45,0
DA:46,0
DA:47,0
DA:50,0
DA:51,0
DA:52,0
DA:61,0
DA:62,0
DA:86,0
DA:87,0
DA:88,0
DA:89,0
DA:90,0
DA:91,0
DA:94,0
DA:97,0
DA:117,0
DA:118,0
DA:119,0
DA:120,0
DA:124,0
DA:137,0
DA:139,0
DA:141,0
DA:144,0
DA:145,0
DA:146,0
DA:151,0
DA:153,0
DA:282,0
DA:326,0
DA:333,0
DA:335,0
LF:42
LH:0
BRDA:25,0,0,0
BRDA:36,1,0,0
BRDA:36,1,1,0
BRDA:37,2,0,0
BRDA:37,2,1,0
BRDA:38,3,0,0
BRDA:38,3,1,0
BRDA:39,4,0,0
BRDA:39,4,1,0
BRDA:40,5,0,0
BRDA:40,5,1,0
BRDA:41,6,0,0
BRDA:41,6,1,0
BRDA:51,7,0,0
BRDA:51,7,1,0
BRDA:61,8,0,0
BRDA:61,8,1,0
BRDA:87,9,0,0
BRDA:87,9,1,0
BRDA:88,10,0,0
BRDA:88,10,1,0
BRDA:89,11,0,0
BRDA:89,11,1,0
BRDA:90,12,0,0
BRDA:90,12,1,0
BRDA:139,13,0,0
BRDA:139,13,1,0
BRDA:145,14,0,0
BRDA:145,14,1,0
BRDA:159,15,0,0
BRDA:159,15,1,0
BRDA:289,16,0,0
BRDA:289,16,1,0
BRDA:299,17,0,0
BRDA:299,17,1,0
BRDA:316,18,0,0
BRDA:316,18,1,0
BRDA:347,19,0,0
BRDA:347,19,1,0
BRF:39
BRH:0
end_of_record
TN:
SF:src\components\home\ProfileHeaderSimple.tsx
FN:16,(anonymous_0)
FNF:1
FNH:0
FNDA:0,(anonymous_0)
DA:16,0
DA:17,0
DA:18,0
DA:19,0
DA:22,0
DA:23,0
DA:47,0
DA:100,0
DA:103,0
LF:9
LH:0
BRDA:22,0,0,0
BRDA:22,0,1,0
BRDA:64,1,0,0
BRDA:64,1,1,0
BRDA:64,2,0,0
BRDA:64,2,1,0
BRDA:115,3,0,0
BRDA:115,3,1,0
BRF:8
BRH:0
end_of_record
TN:
SF:src\components\jobDetails\JobClock.tsx
FN:17,(anonymous_0)
FN:34,(anonymous_1)
FN:148,(anonymous_2)
FNF:3
FNH:0
FNDA:0,(anonymous_0)
FNDA:0,(anonymous_1)
FNDA:0,(anonymous_2)
DA:17,0
DA:18,0
DA:19,0
DA:20,0
DA:31,0
DA:34,0
DA:35,0
DA:36,0
DA:41,0
DA:42,0
DA:45,0
DA:148,0
LF:12
LH:0
BRDA:19,0,0,0
BRDA:19,0,1,0
BRDA:19,0,2,0
BRDA:20,1,0,0
BRDA:20,1,1,0
BRDA:20,1,2,0
BRDA:35,2,0,0
BRDA:35,2,1,0
BRDA:35,3,0,0
BRDA:35,3,1,0
BRDA:41,4,0,0
BRDA:41,4,1,0
BRDA:47,5,0,0
BRDA:47,5,1,0
BRDA:51,6,0,0
BRDA:51,6,1,0
BRDA:52,7,0,0
BRDA:52,7,1,0
BRDA:67,8,0,0
BRDA:67,8,1,0
BRDA:72,9,0,0
BRDA:72,9,1,0
BRDA:82,10,0,0
BRDA:82,10,1,0
BRDA:116,11,0,0
BRDA:116,11,1,0
BRDA:116,12,0,0
BRDA:116,12,1,0
BRDA:124,13,0,0
BRDA:124,13,1,0
BRDA:124,14,0,0
BRDA:124,14,1,0
BRDA:136,15,0,0
BRDA:136,15,1,0
BRDA:141,16,0,0
BRDA:141,16,1,0
BRDA:147,17,0,0
BRDA:147,17,1,0
BRDA:149,18,0,0
BRDA:149,18,1,0
BRDA:150,19,0,0
BRDA:150,19,1,0
BRDA:151,20,0,0
BRDA:151,20,1,0
BRDA:163,21,0,0
BRDA:163,21,1,0
BRDA:172,22,0,0
BRDA:172,22,1,0
BRF:48
BRH:0
end_of_record
TN:
SF:src\components\jobDetails\JobDetailsHeader.tsx
FN:20,(anonymous_0)
FN:29,(anonymous_1)
FN:33,(anonymous_2)
FNF:3
FNH:0
FNDA:0,(anonymous_0)
FNDA:0,(anonymous_1)
FNDA:0,(anonymous_2)
DA:20,0
DA:26,0
DA:27,0
DA:29,0
DA:30,0
DA:33,0
DA:34,0
DA:35,0
DA:37,0
DA:41,0
LF:10
LH:0
BRDA:34,0,0,0
BRDA:34,0,1,0
BRF:2
BRH:0
end_of_record
TN:
SF:src\components\jobDetails\SectionCard.tsx
FN:17,(anonymous_0)
FN:26,(anonymous_1)
FN:33,(anonymous_2)
FNF:3
FNH:0
FNDA:0,(anonymous_0)
FNDA:0,(anonymous_1)
FNDA:0,(anonymous_2)
DA:17,0
DA:23,0
DA:26,0
DA:27,0
DA:28,0
DA:29,0
DA:30,0
DA:33,0
DA:35,0
DA:36,0
DA:37,0
DA:38,0
DA:41,0
LF:13
LH:0
BRDA:19,0,0,0
BRDA:21,1,0,0
BRDA:27,2,0,0
BRDA:27,2,1,0
BRDA:28,3,0,0
BRDA:28,3,1,0
BRDA:28,4,0,0
BRDA:28,4,1,0
BRDA:29,5,0,0
BRDA:29,5,1,0
BRDA:35,6,0,0
BRDA:35,6,1,0
BRDA:36,7,0,0
BRDA:36,7,1,0
BRDA:37,8,0,0
BRDA:37,8,1,0
BRDA:53,9,0,0
BRDA:53,9,1,0
BRDA:55,10,0,0
BRDA:55,10,1,0
BRDA:56,11,0,0
BRDA:56,11,1,0
BRDA:57,12,0,0
BRDA:57,12,1,0
BRF:24
BRH:0
end_of_record
TN:
SF:src\components\jobDetails\modals\ImprovedNoteModal.tsx
FN:34,(anonymous_0)
FN:78,(anonymous_1)
FN:105,(anonymous_2)
FN:299,(anonymous_3)
FN:320,(anonymous_4)
FN:323,(anonymous_5)
FN:404,(anonymous_6)
FN:415,(anonymous_7)
FNF:8
FNH:0
FNDA:0,(anonymous_0)
FNDA:0,(anonymous_1)
FNDA:0,(anonymous_2)
FNDA:0,(anonymous_3)
FNDA:0,(anonymous_4)
FNDA:0,(anonymous_5)
FNDA:0,(anonymous_6)
FNDA:0,(anonymous_7)
DA:34,0
DA:40,0
DA:41,0
DA:42,0
DA:43,0
DA:44,0
DA:47,0
DA:78,0
DA:79,0
DA:80,0
DA:81,0
DA:84,0
DA:85,0
DA:86,0
DA:87,0
DA:90,0
DA:91,0
DA:92,0
DA:93,0
DA:96,0
DA:98,0
DA:99,0
DA:101,0
DA:105,0
DA:107,0
DA:291,0
DA:299,0
DA:321,0
DA:323,0
DA:404,0
DA:415,0
LF:31
LH:0
BRDA:79,0,0,0
BRDA:79,0,1,0
BRDA:86,1,0,0
BRDA:86,1,1,0
BRDA:326,2,0,0
BRDA:326,2,1,0
BRDA:349,3,0,0
BRDA:349,3,1,0
BRDA:406,4,0,0
BRDA:406,4,1,0
BRDA:417,5,0,0
BRDA:417,5,1,0
BRDA:418,6,0,0
BRDA:418,6,1,0
BRDA:418,6,2,0
BRDA:420,7,0,0
BRDA:420,7,1,0
BRDA:424,8,0,0
BRDA:424,8,1,0
BRDA:424,8,2,0
BRDA:426,9,0,0
BRDA:426,9,1,0
BRF:22
BRH:0
end_of_record
TN:
SF:src\components\jobDetails\modals\JobStepAdvanceModal.tsx
FN:34,(anonymous_0)
FN:49,(anonymous_1)
FN:55,(anonymous_2)
FN:59,(anonymous_3)
FN:72,(anonymous_4)
FN:86,(anonymous_5)
FN:99,(anonymous_6)
FN:269,(anonymous_7)
FN:288,(anonymous_8)
FN:319,(anonymous_9)
FN:328,(anonymous_10)
FN:330,(anonymous_11)
FNF:12
FNH:0
FNDA:0,(anonymous_0)
FNDA:0,(anonymous_1)
FNDA:0,(anonymous_2)
FNDA:0,(anonymous_3)
FNDA:0,(anonymous_4)
FNDA:0,(anonymous_5)
FNDA:0,(anonymous_6)
FNDA:0,(anonymous_7)
FNDA:0,(anonymous_8)
FNDA:0,(anonymous_9)
FNDA:0,(anonymous_10)
FNDA:0,(anonymous_11)
DA:34,0
DA:40,0
DA:41,0
DA:42,0
DA:43,0
DA:46,0
DA:47,0
DA:49,0
DA:50,0
DA:51,0
DA:55,0
DA:56,0
DA:59,0
DA:60,0
DA:62,0
DA:63,0
DA:64,0
DA:66,0
DA:68,0
DA:69,0
DA:72,0
DA:73,0
DA:74,0
DA:78,0
DA:79,0
DA:81,0
DA:82,0
DA:86,0
DA:87,0
DA:89,0
DA:91,0
DA:93,0
DA:95,0
DA:99,0
DA:100,0
DA:102,0
DA:104,0
DA:106,0
DA:108,0
DA:112,0
DA:269,0
DA:270,0
DA:271,0
DA:272,0
DA:273,0
DA:274,0
DA:278,0
DA:280,0
DA:288,0
DA:320,0
DA:321,0
DA:322,0
DA:323,0
DA:325,0
DA:328,0
DA:330,0
LF:56
LH:0
BRDA:50,0,0,0
BRDA:50,0,1,0
BRDA:60,1,0,0
BRDA:60,1,1,0
BRDA:60,2,0,0
BRDA:60,2,1,0
BRDA:87,3,0,0
BRDA:87,3,1,0
BRDA:87,3,2,0
BRDA:87,3,3,0
BRDA:100,4,0,0
BRDA:100,4,1,0
BRDA:100,4,2,0
BRDA:100,4,3,0
BRDA:270,5,0,0
BRDA:270,5,1,0
BRDA:270,5,2,0
BRDA:270,5,3,0
BRDA:309,6,0,0
BRDA:309,6,1,0
BRDA:323,7,0,0
BRDA:323,7,1,0
BRDA:328,8,0,0
BRDA:328,8,1,0
BRDA:329,9,0,0
BRDA:329,9,1,0
BRDA:335,10,0,0
BRDA:335,10,1,0
BRDA:336,11,0,0
BRDA:336,11,1,0
BRDA:336,12,0,0
BRDA:336,12,1,0
BRDA:345,13,0,0
BRDA:345,13,1,0
BRDA:353,14,0,0
BRDA:353,14,1,0
BRDA:380,15,0,0
BRDA:380,15,1,0
BRDA:380,15,2,0
BRDA:384,16,0,0
BRDA:384,16,1,0
BRDA:389,17,0,0
BRDA:389,17,1,0
BRDA:411,18,0,0
BRDA:411,18,1,0
BRF:45
BRH:0
end_of_record
TN:
SF:src\components\jobDetails\modals\PhotoSelectionModal.tsx
FN:25,(anonymous_0)
FN:34,(anonymous_1)
FN:45,(anonymous_2)
FN:76,(anonymous_3)
FN:205,(anonymous_4)
FN:222,(anonymous_5)
FN:241,(anonymous_6)
FN:262,(anonymous_7)
FNF:8
FNH:0
FNDA:0,(anonymous_0)
FNDA:0,(anonymous_1)
FNDA:0,(anonymous_2)
FNDA:0,(anonymous_3)
FNDA:0,(anonymous_4)
FNDA:0,(anonymous_5)
FNDA:0,(anonymous_6)
FNDA:0,(anonymous_7)
DA:25,0
DA:31,0
DA:34,0
DA:35,0
DA:36,0
DA:38,0
DA:45,0
DA:46,0
DA:47,0
DA:49,0
DA:50,0
DA:55,0
DA:58,0
DA:65,0
DA:66,0
DA:67,0
DA:70,0
DA:71,0
DA:76,0
DA:77,0
DA:78,0
DA:80,0
DA:81,0
DA:86,0
DA:89,0
DA:96,0
DA:97,0
DA:98,0
DA:101,0
DA:102,0
DA:106,0
DA:197,0
DA:205,0
DA:222,0
DA:241,0
DA:262,0
LF:36
LH:0
BRDA:49,0,0,0
BRDA:49,0,1,0
BRDA:65,1,0,0
BRDA:65,1,1,0
BRDA:65,2,0,0
BRDA:65,2,1,0
BRDA:80,3,0,0
BRDA:80,3,1,0
BRDA:96,4,0,0
BRDA:96,4,1,0
BRDA:96,5,0,0
BRDA:96,5,1,0
BRDA:224,6,0,0
BRDA:224,6,1,0
BRDA:243,7,0,0
BRDA:243,7,1,0
BRDA:264,8,0,0
BRDA:264,8,1,0
BRF:18
BRH:0
end_of_record
TN:
SF:src\components\jobDetails\sections\AddressesSection.tsx
FN:15,(anonymous_0)
FN:18,(anonymous_1)
FN:27,(anonymous_2)
FN:58,(anonymous_3)
FN:61,(anonymous_4)
FNF:5
FNH:0
FNDA:0,(anonymous_0)
FNDA:0,(anonymous_1)
FNDA:0,(anonymous_2)
FNDA:0,(anonymous_3)
FNDA:0,(anonymous_4)
DA:15,0
DA:16,0
DA:18,0
DA:19,0
DA:20,0
DA:21,0
DA:22,0
DA:23,0
DA:27,0
DA:28,0
DA:29,0
DA:30,0
DA:31,0
DA:32,0
DA:36,0
DA:59,0
DA:61,0
LF:17
LH:0
BRDA:19,0,0,0
BRDA:19,0,1,0
BRDA:19,0,2,0
BRDA:19,0,3,0
BRDA:28,1,0,0
BRDA:28,1,1,0
BRDA:28,1,2,0
BRDA:28,1,3,0
BRDA:56,2,0,0
BRDA:56,2,1,0
BRDA:56,3,0,0
BRDA:56,3,1,0
BRDA:68,4,0,0
BRDA:68,4,1,0
BRF:14
BRH:0
end_of_record
TN:
SF:src\components\jobDetails\sections\ClientDetailsSection.tsx
FN:17,(anonymous_0)
FN:74,(anonymous_1)
FN:97,(anonymous_2)
FNF:3
FNH:0
FNDA:0,(anonymous_0)
FNDA:0,(anonymous_1)
FNDA:0,(anonymous_2)
DA:17,0
DA:18,0
DA:20,0
DA:74,0
DA:97,0
LF:5
LH:0
BRF:0
BRH:0
end_of_record
TN:
SF:src\components\jobDetails\sections\ContactDetailsSection.tsx
FN:17,(anonymous_0)
FN:74,(anonymous_1)
FN:97,(anonymous_2)
FNF:3
FNH:0
FNDA:0,(anonymous_0)
FNDA:0,(anonymous_1)
FNDA:0,(anonymous_2)
DA:17,0
DA:18,0
DA:20,0
DA:74,0
DA:97,0
LF:5
LH:0
BRF:0
BRH:0
end_of_record
TN:
SF:src\components\jobDetails\sections\JobPhotosSection.tsx
FN:46,(anonymous_0)
FN:92,(anonymous_1)
FN:104,(anonymous_2)
FN:110,(anonymous_3)
FN:117,(anonymous_4)
FN:127,(anonymous_5)
FN:190,(anonymous_6)
FN:263,(anonymous_7)
FN:306,(anonymous_8)
FN:355,(anonymous_9)
FN:371,(anonymous_10)
FN:382,(anonymous_11)
FN:387,(anonymous_12)
FN:396,(anonymous_13)
FN:440,(anonymous_14)
FN:444,(anonymous_15)
FN:464,(anonymous_16)
FN:494,(anonymous_17)
FN:503,(anonymous_18)
FNF:19
FNH:0
FNDA:0,(anonymous_0)
FNDA:0,(anonymous_1)
FNDA:0,(anonymous_2)
FNDA:0,(anonymous_3)
FNDA:0,(anonymous_4)
FNDA:0,(anonymous_5)
FNDA:0,(anonymous_6)
FNDA:0,(anonymous_7)
FNDA:0,(anonymous_8)
FNDA:0,(anonymous_9)
FNDA:0,(anonymous_10)
FNDA:0,(anonymous_11)
FNDA:0,(anonymous_12)
FNDA:0,(anonymous_13)
FNDA:0,(anonymous_14)
FNDA:0,(anonymous_15)
FNDA:0,(anonymous_16)
FNDA:0,(anonymous_17)
FNDA:0,(anonymous_18)
DA:46,0
DA:51,0
DA:52,0
DA:92,0
DA:99,0
DA:100,0
DA:101,0
DA:102,0
DA:104,0
DA:105,0
DA:106,0
DA:110,0
DA:111,0
DA:112,0
DA:113,0
DA:117,0
DA:118,0
DA:119,0
DA:128,0
DA:129,0
DA:137,0
DA:139,0
DA:190,0
DA:263,0
DA:306,0
DA:307,0
DA:309,0
DA:355,0
DA:356,0
DA:357,0
DA:358,0
DA:359,0
DA:369,0
DA:371,0
DA:372,0
DA:374,0
DA:375,0
DA:376,0
DA:378,0
DA:382,0
DA:383,0
DA:384,0
DA:387,0
DA:388,0
DA:389,0
DA:390,0
DA:392,0
DA:396,0
DA:397,0
DA:398,0
DA:399,0
DA:401,0
DA:405,0
DA:406,0
DA:409,0
DA:441,0
DA:444,0
DA:464,0
DA:494,0
DA:503,0
LF:60
LH:0
BRDA:72,0,0,0
BRDA:72,0,1,0
BRDA:105,1,0,0
BRDA:105,1,1,0
BRDA:106,2,0,0
BRDA:106,2,1,0
BRDA:111,3,0,0
BRDA:111,3,1,0
BRDA:118,4,0,0
BRDA:118,4,1,0
BRDA:137,5,0,0
BRDA:137,5,1,0
BRDA:222,6,0,0
BRDA:222,6,1,0
BRDA:245,7,0,0
BRDA:245,7,1,0
BRDA:296,8,0,0
BRDA:296,8,1,0
BRDA:327,9,0,0
BRDA:327,9,1,0
BRDA:348,10,0,0
BRDA:348,10,1,0
BRDA:405,11,0,0
BRDA:405,11,1,0
BRDA:405,12,0,0
BRDA:405,12,1,0
BRDA:416,13,0,0
BRDA:416,13,1,0
BRDA:419,14,0,0
BRDA:419,14,1,0
BRDA:419,15,0,0
BRDA:419,15,1,0
BRDA:433,16,0,0
BRDA:433,16,1,0
BRF:34
BRH:0
end_of_record
TN:
SF:src\components\jobDetails\sections\JobProgressSection.tsx
FN:18,(anonymous_0)
FN:23,(anonymous_1)
FNF:2
FNH:0
FNDA:0,(anonymous_0)
FNDA:0,(anonymous_1)
DA:18,0
DA:19,0
DA:20,0
DA:21,0
DA:23,0
DA:24,0
DA:25,0
DA:32,0
DA:38,0
DA:40,0
LF:10
LH:0
BRDA:21,0,0,0
BRDA:21,0,1,0
BRDA:26,1,0,0
BRDA:26,1,1,0
BRDA:49,2,0,0
BRDA:49,2,1,0
BRDA:61,3,0,0
BRDA:61,3,1,0
BRDA:73,4,0,0
BRDA:73,4,1,0
BRDA:92,5,0,0
BRDA:92,5,1,0
BRF:12
BRH:0
end_of_record
TN:
SF:src\components\jobDetails\sections\JobTimeSection.tsx
FN:17,(anonymous_0)
FN:35,(anonymous_1)
FN:229,(anonymous_2)
FN:279,(anonymous_3)
FNF:4
FNH:0
FNDA:0,(anonymous_0)
FNDA:0,(anonymous_1)
FNDA:0,(anonymous_2)
FNDA:0,(anonymous_3)
DA:17,0
DA:18,0
DA:19,0
DA:20,0
DA:32,0
DA:35,0
DA:36,0
DA:37,0
DA:42,0
DA:43,0
DA:88,0
DA:229,0
DA:280,0
LF:13
LH:0
BRDA:19,0,0,0
BRDA:19,0,1,0
BRDA:19,0,2,0
BRDA:20,1,0,0
BRDA:20,1,1,0
BRDA:20,1,2,0
BRDA:36,2,0,0
BRDA:36,2,1,0
BRDA:36,3,0,0
BRDA:36,3,1,0
BRDA:42,4,0,0
BRDA:42,4,1,0
BRDA:42,5,0,0
BRDA:42,5,1,0
BRDA:121,6,0,0
BRDA:121,6,1,0
BRDA:131,7,0,0
BRDA:131,7,1,0
BRDA:156,8,0,0
BRDA:156,8,1,0
BRDA:156,9,0,0
BRDA:156,9,1,0
BRDA:164,10,0,0
BRDA:164,10,1,0
BRDA:164,11,0,0
BRDA:164,11,1,0
BRDA:208,12,0,0
BRDA:208,12,1,0
BRDA:222,13,0,0
BRDA:222,13,1,0
BRDA:228,14,0,0
BRDA:228,14,1,0
BRDA:230,15,0,0
BRDA:230,15,1,0
BRDA:231,16,0,0
BRDA:231,16,1,0
BRDA:232,17,0,0
BRDA:232,17,1,0
BRDA:244,18,0,0
BRDA:244,18,1,0
BRDA:253,19,0,0
BRDA:253,19,1,0
BRDA:287,20,0,0
BRDA:287,20,1,0
BRDA:301,21,0,0
BRDA:301,21,1,0
BRDA:325,22,0,0
BRDA:325,22,1,0
BRDA:328,23,0,0
BRDA:328,23,1,0
BRDA:329,24,0,0
BRDA:329,24,1,0
BRF:52
BRH:0
end_of_record
TN:
SF:src\components\jobDetails\sections\QuickActionsSection.tsx
FN:21,(anonymous_0)
FN:33,(anonymous_1)
FN:44,(anonymous_2)
FN:51,(anonymous_3)
FN:55,(anonymous_4)
FN:68,(anonymous_5)
FN:76,(anonymous_6)
FN:96,(anonymous_7)
FN:97,(anonymous_8)
FN:115,(anonymous_9)
FN:123,(anonymous_10)
FN:134,(anonymous_11)
FN:192,(anonymous_12)
FN:196,(anonymous_13)
FNF:14
FNH:0
FNDA:0,(anonymous_0)
FNDA:0,(anonymous_1)
FNDA:0,(anonymous_2)
FNDA:0,(anonymous_3)
FNDA:0,(anonymous_4)
FNDA:0,(anonymous_5)
FNDA:0,(anonymous_6)
FNDA:0,(anonymous_7)
FNDA:0,(anonymous_8)
FNDA:0,(anonymous_9)
FNDA:0,(anonymous_10)
FNDA:0,(anonymous_11)
FNDA:0,(anonymous_12)
FNDA:0,(anonymous_13)
DA:21,0
DA:30,0
DA:33,0
DA:34,0
DA:35,0
DA:37,0
DA:38,0
DA:40,0
DA:44,0
DA:46,0
DA:47,0
DA:49,0
DA:51,0
DA:52,0
DA:55,0
DA:56,0
DA:59,0
DA:60,0
DA:62,0
DA:64,0
DA:68,0
DA:76,0
DA:78,0
DA:79,0
DA:82,0
DA:83,0
DA:84,0
DA:86,0
DA:87,0
DA:89,0
DA:97,0
DA:104,0
DA:110,0
DA:115,0
DA:117,0
DA:118,0
DA:120,0
DA:124,0
DA:125,0
DA:126,0
DA:134,0
DA:136,0
DA:137,0
DA:139,0
DA:146,0
DA:184,0
DA:193,0
DA:196,0
LF:48
LH:0
BRDA:34,0,0,0
BRDA:34,0,1,0
BRDA:35,1,0,0
BRDA:35,1,1,0
BRDA:46,2,0,0
BRDA:46,2,1,0
BRDA:49,3,0,0
BRDA:49,3,1,0
BRDA:52,4,0,0
BRDA:52,4,1,0
BRDA:56,5,0,0
BRDA:56,5,1,0
BRDA:59,6,0,0
BRDA:59,6,1,0
BRDA:78,7,0,0
BRDA:78,7,1,0
BRDA:82,8,0,0
BRDA:82,8,1,0
BRDA:83,9,0,0
BRDA:83,9,1,0
BRDA:86,10,0,0
BRDA:86,10,1,0
BRDA:87,11,0,0
BRDA:87,11,1,0
BRDA:117,12,0,0
BRDA:117,12,1,0
BRDA:124,13,0,0
BRDA:124,13,1,0
BRDA:124,14,0,0
BRDA:124,14,1,0
BRDA:136,15,0,0
BRDA:136,15,1,0
BRDA:203,16,0,0
BRDA:203,16,1,0
BRDA:206,17,0,0
BRDA:206,17,1,0
BRDA:207,18,0,0
BRDA:207,18,1,0
BRDA:208,19,0,0
BRDA:208,19,1,0
BRF:40
BRH:0
end_of_record
TN:
SF:src\components\jobDetails\sections\SignatureSection.tsx
FN:16,(anonymous_0)
FNF:1
FNH:0
FNDA:0,(anonymous_0)
DA:16,0
DA:17,0
DA:19,0
DA:21,0
LF:4
LH:0
BRDA:19,0,0,0
BRDA:19,0,1,0
BRDA:41,1,0,0
BRDA:41,1,1,0
BRF:4
BRH:0
end_of_record
TN:
SF:src\components\jobDetails\sections\TimeWindowsSection.tsx
FN:14,(anonymous_0)
FN:17,(anonymous_1)
FN:25,(anonymous_2)
FNF:3
FNH:0
FNDA:0,(anonymous_0)
FNDA:0,(anonymous_1)
FNDA:0,(anonymous_2)
DA:14,0
DA:15,0
DA:17,0
DA:18,0
DA:19,0
DA:20,0
DA:21,0
DA:22,0
DA:25,0
DA:26,0
DA:27,0
DA:28,0
DA:29,0
DA:30,0
DA:31,0
DA:32,0
DA:35,0
LF:17
LH:0
BRDA:29,0,0,0
BRDA:29,0,1,0
BRDA:31,1,0,0
BRDA:31,1,1,0
BRDA:79,2,0,0
BRDA:79,2,1,0
BRDA:86,3,0,0
BRDA:86,3,1,0
BRDA:86,4,0,0
BRDA:86,4,1,0
BRDA:113,5,0,0
BRDA:113,5,1,0
BRDA:120,6,0,0
BRDA:120,6,1,0
BRDA:120,7,0,0
BRDA:120,7,1,0
BRF:16
BRH:0
end_of_record
TN:
SF:src\components\jobDetails\sections\TruckDetailsSection.tsx
FN:14,(anonymous_0)
FNF:1
FNH:0
FNDA:0,(anonymous_0)
DA:14,0
DA:15,0
DA:17,0
LF:3
LH:0
BRF:0
BRH:0
end_of_record
TN:
SF:src\components\modals\AddStaffModal.tsx
FN:35,AddStaffModal
FN:62,(anonymous_1)
FN:78,(anonymous_2)
FN:83,(anonymous_3)
FN:92,(anonymous_4)
FN:134,(anonymous_5)
FN:152,(anonymous_6)
FN:160,(anonymous_7)
FN:180,(anonymous_8)
FN:188,(anonymous_9)
FN:197,(anonymous_10)
FN:212,(anonymous_11)
FN:250,(anonymous_12)
FN:286,(anonymous_13)
FN:290,(anonymous_14)
FN:309,(anonymous_15)
FN:319,(anonymous_16)
FN:331,(anonymous_17)
FN:344,(anonymous_18)
FN:356,(anonymous_19)
FN:367,(anonymous_20)
FN:378,(anonymous_21)
FN:407,(anonymous_22)
FN:411,(anonymous_23)
FN:463,(anonymous_24)
FN:467,(anonymous_25)
FN:491,(anonymous_26)
FN:495,(anonymous_27)
FNF:28
FNH:0
FNDA:0,AddStaffModal
FNDA:0,(anonymous_1)
FNDA:0,(anonymous_2)
FNDA:0,(anonymous_3)
FNDA:0,(anonymous_4)
FNDA:0,(anonymous_5)
FNDA:0,(anonymous_6)
FNDA:0,(anonymous_7)
FNDA:0,(anonymous_8)
FNDA:0,(anonymous_9)
FNDA:0,(anonymous_10)
FNDA:0,(anonymous_11)
FNDA:0,(anonymous_12)
FNDA:0,(anonymous_13)
FNDA:0,(anonymous_14)
FNDA:0,(anonymous_15)
FNDA:0,(anonymous_16)
FNDA:0,(anonymous_17)
FNDA:0,(anonymous_18)
FNDA:0,(anonymous_19)
FNDA:0,(anonymous_20)
FNDA:0,(anonymous_21)
FNDA:0,(anonymous_22)
FNDA:0,(anonymous_23)
FNDA:0,(anonymous_24)
FNDA:0,(anonymous_25)
FNDA:0,(anonymous_26)
FNDA:0,(anonymous_27)
DA:42,0
DA:43,0
DA:44,0
DA:45,0
DA:48,0
DA:59,0
DA:60,0
DA:62,0
DA:63,0
DA:64,0
DA:65,0
DA:74,0
DA:75,0
DA:78,0
DA:79,0
DA:80,0
DA:83,0
DA:84,0
DA:85,0
DA:86,0
DA:88,0
DA:92,0
DA:94,0
DA:95,0
DA:96,0
DA:98,0
DA:99,0
DA:100,0
DA:102,0
DA:103,0
DA:104,0
DA:106,0
DA:107,0
DA:108,0
DA:110,0
DA:111,0
DA:112,0
DA:114,0
DA:115,0
DA:116,0
DA:119,0
DA:120,0
DA:121,0
DA:122,0
DA:126,0
DA:128,0
DA:130,0
DA:134,0
DA:135,0
DA:136,0
DA:137,0
DA:140,0
DA:141,0
DA:142,0
DA:143,0
DA:144,0
DA:146,0
DA:148,0
DA:152,0
DA:153,0
DA:161,0
DA:162,0
DA:163,0
DA:164,0
DA:168,0
DA:170,0
DA:172,0
DA:180,0
DA:181,0
DA:190,0
DA:197,0
DA:198,0
DA:212,0
DA:250,0
DA:286,0
DA:287,0
DA:290,0
DA:309,0
DA:319,0
DA:331,0
DA:344,0
DA:356,0
DA:367,0
DA:378,0
DA:407,0
DA:408,0
DA:411,0
DA:463,0
DA:464,0
DA:467,0
DA:492,0
DA:495,0
DA:534,0
DA:565,0
LF:94
LH:0
BRDA:85,0,0,0
BRDA:85,0,1,0
BRDA:94,1,0,0
BRDA:94,1,1,0
BRDA:94,2,0,0
BRDA:94,2,1,0
BRDA:98,3,0,0
BRDA:98,3,1,0
BRDA:102,4,0,0
BRDA:102,4,1,0
BRDA:106,5,0,0
BRDA:106,5,1,0
BRDA:110,6,0,0
BRDA:110,6,1,0
BRDA:114,7,0,0
BRDA:114,7,1,0
BRDA:135,8,0,0
BRDA:135,8,1,0
BRDA:377,9,0,0
BRDA:377,9,1,0
BRDA:378,10,0,0
BRDA:378,10,1,0
BRDA:390,11,0,0
BRDA:390,11,1,0
BRDA:395,12,0,0
BRDA:395,12,1,0
BRDA:437,13,0,0
BRDA:437,13,1,0
BRDA:476,14,0,0
BRDA:476,14,1,0
BRDA:476,15,0,0
BRDA:476,15,1,0
BRDA:479,16,0,0
BRDA:479,16,1,0
BRDA:509,17,0,0
BRDA:509,17,1,0
BRDA:523,18,0,0
BRDA:523,18,1,0
BRDA:543,19,0,0
BRDA:543,19,1,0
BRDA:555,20,0,0
BRDA:555,20,1,0
BRDA:556,21,0,0
BRDA:556,21,1,0
BRDA:557,22,0,0
BRDA:557,22,1,0
BRDA:558,23,0,0
BRDA:558,23,1,0
BRF:48
BRH:0
end_of_record
TN:
SF:src\components\modals\AddVehicleModal.tsx
FN:91,AddVehicleModal
FN:111,(anonymous_1)
FN:126,(anonymous_2)
FN:132,(anonymous_3)
FN:137,(anonymous_4)
FN:142,(anonymous_5)
FN:149,(anonymous_6)
FN:190,(anonymous_7)
FN:208,(anonymous_8)
FN:222,(anonymous_9)
FN:234,(anonymous_10)
FN:254,(anonymous_11)
FN:259,(anonymous_12)
FN:280,(anonymous_13)
FN:290,(anonymous_14)
FN:310,(anonymous_15)
FN:323,(anonymous_16)
FN:334,(anonymous_17)
FN:348,(anonymous_18)
FN:362,(anonymous_19)
FN:372,(anonymous_20)
FN:392,(anonymous_21)
FNF:22
FNH:22
FNDA:214,AddVehicleModal
FNDA:44,(anonymous_1)
FNDA:65,(anonymous_2)
FNDA:4,(anonymous_3)
FNDA:19,(anonymous_4)
FNDA:6,(anonymous_5)
FNDA:11,(anonymous_6)
FNDA:11,(anonymous_7)
FNDA:126,(anonymous_8)
FNDA:756,(anonymous_9)
FNDA:19,(anonymous_10)
FNDA:88,(anonymous_11)
FNDA:1,(anonymous_12)
FNDA:968,(anonymous_13)
FNDA:9,(anonymous_14)
FNDA:9,(anonymous_15)
FNDA:10,(anonymous_16)
FNDA:10,(anonymous_17)
FNDA:7,(anonymous_18)
FNDA:528,(anonymous_19)
FNDA:10,(anonymous_20)
FNDA:9,(anonymous_21)
DA:42,2
DA:81,2
DA:86,2
DA:96,214
DA:97,214
DA:98,214
DA:100,214
DA:111,214
DA:112,44
DA:113,44
DA:126,214
DA:127,65
DA:128,40
DA:132,214
DA:133,4
DA:134,4
DA:137,214
DA:138,19
DA:139,19
DA:142,214
DA:144,6
DA:145,6
DA:146,6
DA:149,214
DA:150,11
DA:151,2
DA:152,2
DA:154,9
DA:155,1
DA:156,1
DA:158,8
DA:159,2
DA:160,2
DA:162,6
DA:163,0
DA:164,0
DA:166,6
DA:167,1
DA:168,1
DA:171,5
DA:172,0
DA:173,0
DA:175,5
DA:176,0
DA:177,0
DA:180,5
DA:181,5
DA:182,5
DA:183,5
DA:184,1
DA:185,1
DA:187,4
DA:190,214
DA:191,11
DA:193,4
DA:194,4
DA:195,4
DA:196,3
DA:200,3
DA:202,0
DA:204,3
DA:208,214
DA:209,126
DA:223,756
DA:234,19
DA:254,214
DA:255,88
DA:259,1
DA:281,968
DA:290,9
DA:310,9
DA:323,10
DA:334,10
DA:348,7
DA:363,528
DA:372,10
DA:392,9
DA:423,214
DA:452,2
LF:79
LH:72
BRDA:127,0,0,40
BRDA:127,0,1,25
BRDA:146,1,0,6
BRDA:146,1,1,1
BRDA:150,2,0,2
BRDA:150,2,1,9
BRDA:154,3,0,1
BRDA:154,3,1,8
BRDA:158,4,0,2
BRDA:158,4,1,6
BRDA:158,5,0,8
BRDA:158,5,1,7
BRDA:162,6,0,0
BRDA:162,6,1,6
BRDA:166,7,0,1
BRDA:166,7,1,5
BRDA:171,8,0,0
BRDA:171,8,1,5
BRDA:175,9,0,0
BRDA:175,9,1,5
BRDA:183,10,0,1
BRDA:183,10,1,4
BRDA:191,11,0,7
BRDA:191,11,1,4
BRDA:228,12,0,756
BRDA:228,12,1,126
BRDA:286,13,0,968
BRDA:286,13,1,59
BRDA:295,14,0,968
BRDA:295,14,1,59
BRDA:323,15,0,10
BRDA:323,15,1,0
BRDA:368,16,0,528
BRDA:368,16,1,15
BRDA:377,17,0,528
BRDA:377,17,1,15
BRDA:406,18,0,88
BRDA:406,18,1,4
BRDA:411,19,0,4
BRDA:411,19,1,84
BRDA:432,20,0,214
BRDA:432,20,1,0
BRDA:444,21,0,214
BRDA:444,21,1,126
BRDA:445,22,0,214
BRDA:445,22,1,88
BRF:46
BRH:41
end_of_record
TN:
SF:src\components\modals\EditVehicleModal.tsx
FN:55,EditVehicleModal
FN:76,(anonymous_1)
FN:89,(anonymous_2)
FN:96,(anonymous_3)
FN:102,(anonymous_4)
FN:132,(anonymous_5)
FN:160,(anonymous_6)
FN:172,(anonymous_7)
FN:230,(anonymous_8)
FN:240,(anonymous_9)
FN:242,(anonymous_10)
FN:280,(anonymous_11)
FN:282,(anonymous_12)
FN:307,(anonymous_13)
FN:309,(anonymous_14)
FN:336,(anonymous_15)
FN:338,(anonymous_16)
FN:387,(anonymous_17)
FN:389,(anonymous_18)
FN:408,(anonymous_19)
FN:418,(anonymous_20)
FN:420,(anonymous_21)
FNF:22
FNH:0
FNDA:0,EditVehicleModal
FNDA:0,(anonymous_1)
FNDA:0,(anonymous_2)
FNDA:0,(anonymous_3)
FNDA:0,(anonymous_4)
FNDA:0,(anonymous_5)
FNDA:0,(anonymous_6)
FNDA:0,(anonymous_7)
FNDA:0,(anonymous_8)
FNDA:0,(anonymous_9)
FNDA:0,(anonymous_10)
FNDA:0,(anonymous_11)
FNDA:0,(anonymous_12)
FNDA:0,(anonymous_13)
FNDA:0,(anonymous_14)
FNDA:0,(anonymous_15)
FNDA:0,(anonymous_16)
FNDA:0,(anonymous_17)
FNDA:0,(anonymous_18)
FNDA:0,(anonymous_19)
FNDA:0,(anonymous_20)
FNDA:0,(anonymous_21)
DA:41,0
DA:46,0
DA:61,0
DA:64,0
DA:65,0
DA:66,0
DA:67,0
DA:68,0
DA:69,0
DA:70,0
DA:72,0
DA:73,0
DA:76,0
DA:77,0
DA:78,0
DA:79,0
DA:80,0
DA:81,0
DA:82,0
DA:83,0
DA:84,0
DA:89,0
DA:90,0
DA:91,0
DA:96,0
DA:97,0
DA:98,0
DA:99,0
DA:102,0
DA:103,0
DA:105,0
DA:106,0
DA:108,0
DA:109,0
DA:110,0
DA:113,0
DA:114,0
DA:115,0
DA:116,0
DA:119,0
DA:120,0
DA:121,0
DA:122,0
DA:126,0
DA:128,0
DA:129,0
DA:132,0
DA:133,0
DA:135,0
DA:136,0
DA:137,0
DA:149,0
DA:150,0
DA:152,0
DA:154,0
DA:158,0
DA:160,0
DA:161,0
DA:169,0
DA:172,0
DA:173,0
DA:181,0
DA:184,0
DA:231,0
DA:241,0
DA:242,0
DA:281,0
DA:282,0
DA:308,0
DA:309,0
DA:337,0
DA:338,0
DA:388,0
DA:389,0
DA:409,0
DA:419,0
DA:420,0
DA:473,0
LF:78
LH:0
BRDA:77,0,0,0
BRDA:77,0,1,0
BRDA:82,1,0,0
BRDA:82,1,1,0
BRDA:90,2,0,0
BRDA:90,2,1,0
BRDA:99,3,0,0
BRDA:99,3,1,0
BRDA:105,4,0,0
BRDA:105,4,1,0
BRDA:106,5,0,0
BRDA:106,5,1,0
BRDA:109,6,0,0
BRDA:109,6,1,0
BRDA:109,7,0,0
BRDA:109,7,1,0
BRDA:109,7,2,0
BRDA:109,7,3,0
BRDA:113,8,0,0
BRDA:113,8,1,0
BRDA:115,9,0,0
BRDA:115,9,1,0
BRDA:119,10,0,0
BRDA:119,10,1,0
BRDA:121,11,0,0
BRDA:121,11,1,0
BRDA:126,12,0,0
BRDA:126,12,1,0
BRDA:133,13,0,0
BRDA:133,13,1,0
BRDA:133,14,0,0
BRDA:133,14,1,0
BRDA:158,15,0,0
BRDA:158,15,1,0
BRDA:169,16,0,0
BRDA:169,16,1,0
BRDA:181,17,0,0
BRDA:181,17,1,0
BRDA:236,18,0,0
BRDA:236,18,1,0
BRDA:249,19,0,0
BRDA:249,19,1,0
BRDA:258,20,0,0
BRDA:258,20,1,0
BRDA:274,21,0,0
BRDA:274,21,1,0
BRDA:285,22,0,0
BRDA:285,22,1,0
BRDA:301,23,0,0
BRDA:301,23,1,0
BRDA:314,24,0,0
BRDA:314,24,1,0
BRDA:330,25,0,0
BRDA:330,25,1,0
BRDA:345,26,0,0
BRDA:345,26,1,0
BRDA:381,27,0,0
BRDA:381,27,1,0
BRDA:392,28,0,0
BRDA:392,28,1,0
BRDA:414,29,0,0
BRDA:414,29,1,0
BRDA:427,30,0,0
BRDA:427,30,1,0
BRDA:436,31,0,0
BRDA:436,31,1,0
BRDA:456,32,0,0
BRDA:456,32,1,0
BRDA:461,33,0,0
BRDA:461,33,1,0
BRF:70
BRH:0
end_of_record
TN:
SF:src\components\primitives\Screen.tsx
FN:19,(anonymous_0)
FNF:1
FNH:0
FNDA:0,(anonymous_0)
DA:19,0
DA:25,0
DA:27,0
DA:33,0
LF:4
LH:0
BRDA:22,0,0,0
BRDA:23,1,0,0
BRDA:29,2,0,0
BRDA:29,2,1,0
BRF:4
BRH:0
end_of_record
TN:
SF:src\components\primitives\Stack.tsx
FN:19,(anonymous_0)
FN:43,(anonymous_1)
FNF:2
FNH:2
FNDA:2123,(anonymous_0)
FNDA:1813,(anonymous_1)
DA:19,4
DA:26,2123
DA:28,2123
DA:43,4
DA:50,1813
DA:52,1813
LF:6
LH:6
BRDA:21,0,0,0
BRDA:22,1,0,2051
BRDA:23,2,0,2123
BRDA:26,3,0,2123
BRDA:26,3,1,0
BRDA:45,4,0,515
BRDA:46,5,0,1025
BRDA:47,6,0,1070
BRDA:50,7,0,1813
BRDA:50,7,1,0
BRF:10
BRH:7
end_of_record
TN:
SF:src\components\top_menu\top_menu.tsx
FN:8,(anonymous_0)
FN:14,(anonymous_1)
FN:22,(anonymous_2)
FNF:3
FNH:0
FNDA:0,(anonymous_0)
FNDA:0,(anonymous_1)
FNDA:0,(anonymous_2)
DA:8,0
DA:9,0
DA:10,0
DA:12,0
DA:14,0
DA:22,0
LF:6
LH:0
BRF:0
BRH:0
end_of_record
TN:
SF:src\components\typography\Typography.tsx
FN:16,(anonymous_0)
FN:29,(anonymous_1)
FN:42,(anonymous_2)
FN:55,(anonymous_3)
FNF:4
FNH:0
FNDA:0,(anonymous_0)
FNDA:0,(anonymous_1)
FNDA:0,(anonymous_2)
FNDA:0,(anonymous_3)
DA:16,0
DA:17,0
DA:18,0
DA:29,0
DA:30,0
DA:31,0
DA:42,0
DA:43,0
DA:44,0
DA:55,0
DA:56,0
DA:57,0
LF:12
LH:0
BRF:0
BRH:0
end_of_record
TN:
SF:src\components\ui\AlertMessage.tsx
FN:20,(anonymous_0)
FN:31,(anonymous_1)
FN:33,(anonymous_2)
FN:37,(anonymous_3)
FN:43,(anonymous_4)
FNF:5
FNH:0
FNDA:0,(anonymous_0)
FNDA:0,(anonymous_1)
FNDA:0,(anonymous_2)
FNDA:0,(anonymous_3)
FNDA:0,(anonymous_4)
DA:20,0
DA:29,0
DA:31,0
DA:32,0
DA:33,0
DA:34,0
DA:37,0
DA:41,0
DA:43,0
DA:44,0
DA:46,0
DA:53,0
DA:60,0
DA:68,0
DA:77,0
DA:79,0
DA:117,0
LF:17
LH:0
BRDA:26,0,0,0
BRDA:27,1,0,0
BRDA:32,2,0,0
BRDA:32,2,1,0
BRDA:32,3,0,0
BRDA:32,3,1,0
BRDA:32,3,2,0
BRDA:41,4,0,0
BRDA:41,4,1,0
BRDA:44,5,0,0
BRDA:44,5,1,0
BRDA:44,5,2,0
BRDA:44,5,3,0
BRDA:44,5,4,0
BRDA:95,6,0,0
BRDA:95,6,1,0
BRDA:106,7,0,0
BRDA:106,7,1,0
BRF:18
BRH:0
end_of_record
TN:
SF:src\components\ui\AnimatedBackground.tsx
FN:19,(anonymous_0)
FN:28,(anonymous_1)
FN:29,(anonymous_2)
FN:65,(anonymous_3)
FN:66,(anonymous_4)
FN:67,(anonymous_5)
FN:74,(anonymous_6)
FN:89,(anonymous_7)
FN:91,(anonymous_8)
FN:103,(anonymous_9)
FNF:10
FNH:0
FNDA:0,(anonymous_0)
FNDA:0,(anonymous_1)
FNDA:0,(anonymous_2)
FNDA:0,(anonymous_3)
FNDA:0,(anonymous_4)
FNDA:0,(anonymous_5)
FNDA:0,(anonymous_6)
FNDA:0,(anonymous_7)
FNDA:0,(anonymous_8)
FNDA:0,(anonymous_9)
DA:19,0
DA:22,0
DA:23,0
DA:26,0
DA:28,0
DA:29,0
DA:30,0
DA:33,0
DA:34,0
DA:37,0
DA:38,0
DA:41,0
DA:42,0
DA:45,0
DA:47,0
DA:59,0
DA:62,0
DA:65,0
DA:66,0
DA:67,0
DA:68,0
DA:70,0
DA:75,0
DA:77,0
DA:83,0
DA:87,0
DA:89,0
DA:91,0
DA:92,0
DA:99,0
DA:104,0
DA:109,0
DA:114,0
DA:139,0
LF:34
LH:0
BRDA:20,0,0,0
BRDA:75,1,0,0
BRDA:75,1,1,0
BRF:3
BRH:0
end_of_record
TN:
SF:src\components\ui\Button.tsx
FN:19,(anonymous_0)
FN:34,(anonymous_1)
FNF:2
FNH:0
FNDA:0,(anonymous_0)
FNDA:0,(anonymous_1)
DA:19,0
DA:27,0
DA:29,0
DA:30,0
DA:32,0
DA:34,0
LF:6
LH:0
BRDA:21,0,0,0
BRDA:24,1,0,0
BRDA:29,2,0,0
BRDA:29,2,1,0
BRDA:30,3,0,0
BRDA:30,3,1,0
BRDA:36,4,0,0
BRDA:36,4,1,0
BRDA:37,5,0,0
BRDA:37,5,1,0
BRF:10
BRH:0
end_of_record
TN:
SF:src\components\ui\Card.tsx
FN:17,(anonymous_0)
FNF:1
FNH:0
FNDA:0,(anonymous_0)
DA:17,0
DA:22,0
DA:24,0
DA:30,0
LF:4
LH:0
BRDA:20,0,0,0
BRDA:26,1,0,0
BRDA:26,1,1,0
BRF:3
BRH:0
end_of_record
TN:
SF:src\components\ui\DevTools.tsx
FN:13,(anonymous_0)
FN:35,(anonymous_1)
FN:87,(anonymous_2)
FN:88,(anonymous_3)
FN:152,(anonymous_4)
FNF:5
FNH:0
FNDA:0,(anonymous_0)
FNDA:0,(anonymous_1)
FNDA:0,(anonymous_2)
FNDA:0,(anonymous_3)
FNDA:0,(anonymous_4)
DA:13,0
DA:14,0
DA:15,0
DA:16,0
DA:17,0
DA:19,0
DA:20,0
DA:23,0
DA:24,0
DA:26,0
DA:35,0
DA:87,0
DA:88,0
DA:152,0
LF:14
LH:0
BRDA:19,0,0,0
BRDA:19,0,1,0
BRDA:51,1,0,0
BRDA:51,1,1,0
BRDA:58,2,0,0
BRDA:58,2,1,0
BRDA:93,3,0,0
BRDA:93,3,1,0
BRF:8
BRH:0
end_of_record
TN:
SF:src\components\ui\Input.tsx
FN:16,(anonymous_0)
FN:30,(anonymous_1)
FN:34,(anonymous_2)
FNF:3
FNH:0
FNDA:0,(anonymous_0)
FNDA:0,(anonymous_1)
FNDA:0,(anonymous_2)
DA:16,0
DA:17,0
DA:18,0
DA:19,0
DA:21,0
DA:31,0
DA:32,0
DA:35,0
DA:36,0
LF:9
LH:0
BRDA:25,0,0,0
BRDA:25,0,1,0
BRF:2
BRH:0
end_of_record
TN:
SF:src\components\ui\LanguageSelector.tsx
FN:28,(anonymous_0)
FN:38,(anonymous_1)
FN:106,(anonymous_2)
FN:118,(anonymous_3)
FN:128,(anonymous_4)
FN:156,(anonymous_5)
FN:223,(anonymous_6)
FN:229,(anonymous_7)
FNF:8
FNH:0
FNDA:0,(anonymous_0)
FNDA:0,(anonymous_1)
FNDA:0,(anonymous_2)
FNDA:0,(anonymous_3)
FNDA:0,(anonymous_4)
FNDA:0,(anonymous_5)
FNDA:0,(anonymous_6)
FNDA:0,(anonymous_7)
DA:28,0
DA:35,0
DA:38,0
DA:106,0
DA:111,0
DA:112,0
DA:113,0
DA:115,0
DA:116,0
DA:118,0
DA:119,0
DA:120,0
DA:121,0
DA:124,0
DA:125,0
DA:126,0
DA:128,0
DA:129,0
DA:130,0
DA:133,0
DA:134,0
DA:138,0
DA:224,0
DA:229,0
LF:24
LH:0
BRDA:45,0,0,0
BRDA:45,0,1,0
BRDA:47,1,0,0
BRDA:47,1,1,0
BRDA:50,2,0,0
BRDA:50,2,1,0
BRDA:51,3,0,0
BRDA:51,3,1,0
BRDA:79,4,0,0
BRDA:79,4,1,0
BRDA:80,5,0,0
BRDA:80,5,1,0
BRDA:95,6,0,0
BRDA:95,6,1,0
BRDA:97,7,0,0
BRDA:97,7,1,0
BRDA:109,8,0,0
BRDA:119,9,0,0
BRDA:119,9,1,0
BRDA:165,10,0,0
BRDA:165,10,1,0
BRF:21
BRH:0
end_of_record
TN:
SF:src\components\ui\LanguageSelectorOld.tsx
FN:30,(anonymous_0)
FN:56,(anonymous_1)
FN:66,(anonymous_2)
FN:177,(anonymous_3)
FN:190,(anonymous_4)
FN:207,(anonymous_5)
FN:238,(anonymous_6)
FN:312,(anonymous_7)
FN:339,(anonymous_8)
FN:349,(anonymous_9)
FNF:10
FNH:0
FNDA:0,(anonymous_0)
FNDA:0,(anonymous_1)
FNDA:0,(anonymous_2)
FNDA:0,(anonymous_3)
FNDA:0,(anonymous_4)
FNDA:0,(anonymous_5)
FNDA:0,(anonymous_6)
FNDA:0,(anonymous_7)
FNDA:0,(anonymous_8)
FNDA:0,(anonymous_9)
DA:13,0
DA:30,0
DA:31,0
DA:56,0
DA:63,0
DA:66,0
DA:177,0
DA:182,0
DA:183,0
DA:184,0
DA:185,0
DA:187,0
DA:190,0
DA:191,0
DA:192,0
DA:199,0
DA:207,0
DA:208,0
DA:209,0
DA:210,0
DA:213,0
DA:214,0
DA:215,0
DA:216,0
DA:218,0
DA:220,0
DA:224,0
DA:312,0
DA:340,0
DA:341,0
DA:343,0
DA:349,0
LF:32
LH:0
BRDA:30,0,0,0
BRDA:73,1,0,0
BRDA:73,1,1,0
BRDA:75,2,0,0
BRDA:75,2,1,0
BRDA:78,3,0,0
BRDA:78,3,1,0
BRDA:79,4,0,0
BRDA:79,4,1,0
BRDA:81,5,0,0
BRDA:81,5,1,0
BRDA:82,6,0,0
BRDA:82,6,1,0
BRDA:83,7,0,0
BRDA:83,7,1,0
BRDA:84,8,0,0
BRDA:84,8,1,0
BRDA:85,9,0,0
BRDA:85,9,1,0
BRDA:86,10,0,0
BRDA:86,10,1,0
BRDA:92,11,0,0
BRDA:92,11,1,0
BRDA:114,12,0,0
BRDA:114,12,1,0
BRDA:126,13,0,0
BRDA:126,13,1,0
BRDA:157,14,0,0
BRDA:157,14,1,0
BRDA:170,15,0,0
BRDA:170,15,1,0
BRDA:180,16,0,0
BRDA:191,17,0,0
BRDA:191,17,1,0
BRDA:208,18,0,0
BRDA:208,18,1,0
BRDA:253,19,0,0
BRDA:253,19,1,0
BRDA:316,20,0,0
BRDA:316,20,1,0
BRF:40
BRH:0
end_of_record
TN:
SF:src\components\ui\LoadingDots.tsx
FN:15,(anonymous_0)
FN:22,(anonymous_1)
FN:23,(anonymous_2)
FN:24,(anonymous_3)
FN:38,(anonymous_4)
FNF:5
FNH:0
FNDA:0,(anonymous_0)
FNDA:0,(anonymous_1)
FNDA:0,(anonymous_2)
FNDA:0,(anonymous_3)
FNDA:0,(anonymous_4)
DA:15,0
DA:20,0
DA:22,0
DA:23,0
DA:24,0
DA:25,0
DA:27,0
DA:29,0
DA:31,0
DA:33,0
DA:38,0
DA:41,0
LF:12
LH:0
BRDA:16,0,0,0
BRDA:18,1,0,0
BRDA:25,2,0,0
BRDA:25,2,1,0
BRDA:25,2,2,0
BRDA:25,2,3,0
BRF:6
BRH:0
end_of_record
TN:
SF:src\components\ui\RoundLanguageButton.tsx
FN:17,(anonymous_0)
FN:31,(anonymous_1)
FN:32,(anonymous_2)
FN:53,(anonymous_3)
FNF:4
FNH:0
FNDA:0,(anonymous_0)
FNDA:0,(anonymous_1)
FNDA:0,(anonymous_2)
FNDA:0,(anonymous_3)
DA:17,0
DA:21,0
DA:22,0
DA:23,0
DA:25,0
DA:26,0
DA:28,0
DA:31,0
DA:32,0
DA:53,0
LF:10
LH:0
BRDA:18,0,0,0
BRDA:19,1,0,0
BRDA:41,2,0,0
BRDA:41,2,1,0
BRF:4
BRH:0
end_of_record
TN:
SF:src\components\ui\Screen.tsx
FN:20,(anonymous_0)
FNF:1
FNH:0
FNDA:0,(anonymous_0)
DA:20,0
DA:28,0
DA:30,0
LF:3
LH:0
BRDA:23,0,0,0
BRDA:24,1,0,0
BRDA:25,2,0,0
BRDA:26,3,0,0
BRDA:36,4,0,0
BRDA:36,4,1,0
BRDA:36,5,0,0
BRDA:36,5,1,0
BRDA:37,6,0,0
BRDA:37,6,1,0
BRDA:37,7,0,0
BRDA:37,7,1,0
BRDA:38,8,0,0
BRDA:38,8,1,0
BRDA:39,9,0,0
BRDA:39,9,1,0
BRF:16
BRH:0
end_of_record
TN:
SF:src\components\ui\SimpleAnimatedBackground.tsx
FN:8,(anonymous_0)
FN:17,(anonymous_1)
FN:18,(anonymous_2)
FN:19,(anonymous_3)
FN:22,(anonymous_4)
FNF:5
FNH:0
FNDA:0,(anonymous_0)
FNDA:0,(anonymous_1)
FNDA:0,(anonymous_2)
FNDA:0,(anonymous_3)
FNDA:0,(anonymous_4)
DA:8,0
DA:11,0
DA:12,0
DA:14,0
DA:17,0
DA:18,0
DA:19,0
DA:22,0
DA:25,0
DA:53,0
LF:10
LH:0
BRDA:9,0,0,0
BRDA:29,1,0,0
BRDA:29,1,1,0
BRDA:43,2,0,0
BRDA:43,2,1,0
BRF:5
BRH:0
end_of_record
TN:
SF:src\components\ui\TabMenu.tsx
FN:24,(anonymous_0)
FN:46,(anonymous_1)
FN:122,(anonymous_2)
FN:137,(anonymous_3)
FN:147,(anonymous_4)
FNF:5
FNH:4
FNDA:0,(anonymous_0)
FNDA:5,(anonymous_1)
FNDA:13,(anonymous_2)
FNDA:13,(anonymous_3)
FNDA:1,(anonymous_4)
DA:24,1
DA:25,0
DA:27,0
DA:34,0
DA:42,0
DA:46,1
DA:53,5
DA:54,5
DA:57,5
DA:59,5
DA:122,5
DA:123,13
DA:126,8
DA:128,8
DA:135,5
DA:138,13
DA:140,13
DA:147,1
LF:18
LH:14
BRDA:25,0,0,0
BRDA:25,0,1,0
BRDA:25,0,2,0
BRDA:57,1,0,0
BRDA:57,1,1,5
BRDA:57,2,0,5
BRDA:57,2,1,0
BRDA:123,3,0,5
BRDA:123,3,1,8
BRDA:123,4,0,13
BRDA:123,4,1,8
BRDA:126,5,0,4
BRDA:126,5,1,4
BRDA:145,6,0,5
BRDA:145,6,1,8
BRDA:154,7,0,5
BRDA:154,7,1,8
BRDA:161,8,0,5
BRDA:161,8,1,8
BRF:19
BRH:14
end_of_record
TN:
SF:src\components\ui\ThemeToggle.tsx
FN:17,ThemeToggle
FN:74,ThemeToggleIcon
FNF:2
FNH:0
FNDA:0,ThemeToggle
FNDA:0,ThemeToggleIcon
DA:18,0
DA:20,0
DA:26,0
DA:32,0
DA:51,0
DA:75,0
LF:6
LH:0
BRDA:17,0,0,0
BRDA:17,1,0,0
BRDA:37,2,0,0
BRDA:37,2,1,0
BRDA:44,3,0,0
BRDA:44,3,1,0
BRDA:58,4,0,0
BRDA:58,4,1,0
BRDA:62,5,0,0
BRDA:62,5,1,0
BRDA:64,6,0,0
BRDA:64,6,1,0
BRDA:74,7,0,0
BRF:13
BRH:0
end_of_record
TN:
SF:src\components\ui\Toast.tsx
FN:30,(anonymous_0)
FN:42,(anonymous_1)
FN:59,(anonymous_2)
FN:63,(anonymous_3)
FN:69,(anonymous_4)
FN:81,(anonymous_5)
FN:86,(anonymous_6)
FNF:7
FNH:0
FNDA:0,(anonymous_0)
FNDA:0,(anonymous_1)
FNDA:0,(anonymous_2)
FNDA:0,(anonymous_3)
FNDA:0,(anonymous_4)
FNDA:0,(anonymous_5)
FNDA:0,(anonymous_6)
DA:17,0
DA:30,0
DA:38,0
DA:39,0
DA:40,0
DA:42,0
DA:43,0
DA:45,0
DA:59,0
DA:60,0
DA:63,0
DA:65,0
DA:69,0
DA:70,0
DA:82,0
DA:86,0
DA:87,0
DA:89,0
DA:95,0
DA:101,0
DA:107,0
DA:113,0
DA:121,0
DA:123,0
DA:170,0
DA:172,0
LF:26
LH:0
BRDA:35,0,0,0
BRDA:43,1,0,0
BRDA:43,1,1,0
BRDA:87,2,0,0
BRDA:87,2,1,0
BRDA:87,2,2,0
BRDA:87,2,3,0
BRDA:87,2,4,0
BRDA:157,3,0,0
BRDA:157,3,1,0
BRDA:170,4,0,0
BRDA:170,4,1,0
BRDA:193,5,0,0
BRDA:193,5,1,0
BRF:14
BRH:0
end_of_record
TN:
SF:src\components\ui\TranslationTest.tsx
FN:12,(anonymous_0)
FN:79,(anonymous_1)
FN:82,(anonymous_2)
FN:83,(anonymous_3)
FNF:4
FNH:0
FNDA:0,(anonymous_0)
FNDA:0,(anonymous_1)
FNDA:0,(anonymous_2)
FNDA:0,(anonymous_3)
DA:12,0
DA:13,0
DA:14,0
DA:15,0
DA:17,0
DA:80,0
DA:82,0
DA:83,0
LF:8
LH:0
BRDA:87,0,0,0
BRDA:87,0,1,0
BRDA:89,1,0,0
BRDA:89,1,1,0
BRDA:93,2,0,0
BRDA:93,2,1,0
BRDA:105,3,0,0
BRDA:105,3,1,0
BRF:8
BRH:0
end_of_record
TN:
SF:src\components\ui\home_button.tsx
FN:12,(anonymous_0)
FN:16,(anonymous_1)
FNF:2
FNH:0
FNDA:0,(anonymous_0)
FNDA:0,(anonymous_1)
DA:12,0
DA:13,0
DA:16,0
DA:17,0
DA:18,0
DA:20,0
DA:21,0
DA:22,0
DA:23,0
DA:24,0
DA:25,0
DA:28,0
DA:29,0
DA:30,0
DA:33,0
DA:36,0
DA:38,0
LF:17
LH:0
BRDA:12,0,0,0
BRDA:12,1,0,0
BRDA:12,2,0,0
BRDA:20,3,0,0
BRDA:20,3,1,0
BRDA:23,4,0,0
BRDA:23,4,1,0
BRDA:28,5,0,0
BRDA:28,5,1,0
BRDA:29,6,0,0
BRDA:29,6,1,0
BRDA:30,7,0,0
BRDA:30,7,1,0
BRDA:43,8,0,0
BRDA:43,8,1,0
BRF:15
BRH:0
end_of_record
TN:
SF:src\components\ui\refBookMark.tsx
FN:21,(anonymous_0)
FN:26,(anonymous_1)
FN:63,(anonymous_2)
FNF:3
FNH:0
FNDA:0,(anonymous_0)
FNDA:0,(anonymous_1)
FNDA:0,(anonymous_2)
DA:21,0
DA:22,0
DA:23,0
DA:24,0
DA:26,0
DA:28,0
DA:41,0
DA:42,0
DA:46,0
DA:59,0
DA:63,0
LF:11
LH:0
BRDA:21,0,0,0
BRDA:46,1,0,0
BRDA:46,1,1,0
BRDA:63,2,0,0
BRDA:63,2,1,0
BRDA:65,3,0,0
BRDA:65,3,1,0
BRDA:74,4,0,0
BRDA:74,4,1,0
BRF:9
BRH:0
end_of_record
TN:
SF:src\components\ui\toastNotification.tsx
FN:35,(anonymous_0)
FN:51,(anonymous_1)
FNF:2
FNH:0
FNDA:0,(anonymous_0)
FNDA:0,(anonymous_1)
DA:29,0
DA:35,0
DA:36,0
DA:37,0
DA:38,0
DA:39,0
DA:42,0
DA:51,0
DA:52,0
DA:54,0
DA:61,0
DA:69,0
DA:71,0
LF:13
LH:0
BRDA:46,0,0,0
BRDA:46,0,1,0
BRDA:46,1,0,0
BRDA:46,1,1,0
BRDA:47,2,0,0
BRDA:47,2,1,0
BRDA:47,3,0,0
BRDA:47,3,1,0
BRDA:52,4,0,0
BRDA:52,4,1,0
BRDA:69,5,0,0
BRDA:69,5,1,0
BRDA:80,6,0,0
BRDA:80,6,1,0
BRF:14
BRH:0
end_of_record
TN:
SF:src\components\ui\jobPage\jobContainerWithTitle.tsx
FN:5,(anonymous_0)
FN:48,(anonymous_1)
FNF:2
FNH:0
FNDA:0,(anonymous_0)
FNDA:0,(anonymous_1)
DA:5,0
DA:48,0
DA:49,0
DA:50,0
DA:52,0
LF:5
LH:0
BRF:0
BRH:0
end_of_record
TN:
SF:src\components\ui\jobPage\jobNoteItem.tsx
FN:6,(anonymous_0)
FN:46,(anonymous_1)
FNF:2
FNH:0
FNDA:0,(anonymous_0)
FNDA:0,(anonymous_1)
DA:6,0
DA:46,0
DA:47,0
DA:48,0
DA:50,0
DA:58,0
LF:6
LH:0
BRF:0
BRH:0
end_of_record
TN:
SF:src\components\ui\jobPage\jobPageScrollContainer.tsx
FN:5,(anonymous_0)
FN:26,(anonymous_1)
FNF:2
FNH:0
FNDA:0,(anonymous_0)
FNDA:0,(anonymous_1)
DA:5,0
DA:26,0
DA:27,0
DA:28,0
DA:30,0
LF:5
LH:0
BRF:0
BRH:0
end_of_record
TN:
SF:src\components\ui\jobPage\jobTimeLine.tsx
FN:16,(anonymous_0)
FN:40,(anonymous_1)
FN:65,(anonymous_2)
FN:80,(anonymous_3)
FN:90,(anonymous_4)
FN:100,(anonymous_5)
FN:110,(anonymous_6)
FN:430,(anonymous_7)
FN:508,(anonymous_8)
FN:541,(anonymous_9)
FNF:10
FNH:0
FNDA:0,(anonymous_0)
FNDA:0,(anonymous_1)
FNDA:0,(anonymous_2)
FNDA:0,(anonymous_3)
FNDA:0,(anonymous_4)
FNDA:0,(anonymous_5)
FNDA:0,(anonymous_6)
FNDA:0,(anonymous_7)
FNDA:0,(anonymous_8)
FNDA:0,(anonymous_9)
DA:16,0
DA:17,0
DA:18,0
DA:19,0
DA:20,0
DA:21,0
DA:24,0
DA:25,0
DA:33,0
DA:34,0
DA:35,0
DA:36,0
DA:40,0
DA:42,0
DA:49,0
DA:65,0
DA:66,0
DA:67,0
DA:74,0
DA:80,0
DA:81,0
DA:82,0
DA:83,0
DA:84,0
DA:85,0
DA:86,0
DA:90,0
DA:91,0
DA:92,0
DA:93,0
DA:94,0
DA:95,0
DA:96,0
DA:100,0
DA:101,0
DA:102,0
DA:103,0
DA:104,0
DA:105,0
DA:106,0
DA:110,0
DA:111,0
DA:112,0
DA:113,0
DA:114,0
DA:115,0
DA:116,0
DA:120,0
DA:400,0
DA:431,0
DA:432,0
DA:433,0
DA:434,0
DA:436,0
DA:509,0
DA:510,0
DA:542,0
DA:543,0
DA:544,0
DA:545,0
DA:547,0
LF:61
LH:0
BRDA:24,0,0,0
BRDA:24,0,1,0
BRDA:68,1,0,0
BRDA:68,1,1,0
BRDA:81,2,0,0
BRDA:81,2,1,0
BRDA:81,2,2,0
BRDA:81,2,3,0
BRDA:81,2,4,0
BRDA:91,3,0,0
BRDA:91,3,1,0
BRDA:91,3,2,0
BRDA:91,3,3,0
BRDA:91,3,4,0
BRDA:101,4,0,0
BRDA:101,4,1,0
BRDA:101,4,2,0
BRDA:101,4,3,0
BRDA:101,4,4,0
BRDA:111,5,0,0
BRDA:111,5,1,0
BRDA:111,5,2,0
BRDA:111,5,3,0
BRDA:111,5,4,0
BRDA:441,6,0,0
BRDA:441,6,1,0
BRDA:442,7,0,0
BRDA:442,7,1,0
BRDA:448,8,0,0
BRDA:448,8,1,0
BRDA:448,9,0,0
BRDA:448,9,1,0
BRDA:498,10,0,0
BRDA:498,10,1,0
BRDA:506,11,0,0
BRDA:506,11,1,0
BRDA:509,12,0,0
BRDA:509,12,1,0
BRDA:509,13,0,0
BRDA:509,13,1,0
BRDA:517,14,0,0
BRDA:517,14,1,0
BRDA:519,15,0,0
BRDA:519,15,1,0
BRDA:524,16,0,0
BRDA:524,16,1,0
BRDA:539,17,0,0
BRDA:539,17,1,0
BRDA:552,18,0,0
BRDA:552,18,1,0
BRDA:553,19,0,0
BRDA:553,19,1,0
BRDA:556,20,0,0
BRDA:556,20,1,0
BRDA:561,21,0,0
BRDA:561,21,1,0
BRDA:569,22,0,0
BRDA:569,22,1,0
BRDA:570,23,0,0
BRDA:570,23,1,0
BRF:60
BRH:0
end_of_record
TN:
SF:src\constants\Colors.ts
FN:169,(anonymous_0)
FNF:1
FNH:0
FNDA:0,(anonymous_0)
DA:7,0
DA:169,0
DA:171,0
DA:172,0
DA:173,0
DA:174,0
DA:175,0
DA:176,0
DA:180,0
DA:181,0
DA:185,0
DA:186,0
DA:189,0
LF:13
LH:0
BRDA:171,0,0,0
BRDA:171,0,1,0
BRDA:180,1,0,0
BRDA:180,1,1,0
BRDA:185,2,0,0
BRDA:185,2,1,0
BRF:6
BRH:0
end_of_record
TN:
SF:src\constants\ServerData.ts
FNF:0
FNH:0
DA:1,0
LF:1
LH:0
BRF:0
BRH:0
end_of_record
TN:
SF:src\constants\Styles.ts
FN:113,(anonymous_0)
FN:117,(anonymous_1)
FN:193,(anonymous_2)
FN:459,(anonymous_3)
FNF:4
FNH:0
FNDA:0,(anonymous_0)
FNDA:0,(anonymous_1)
FNDA:0,(anonymous_2)
FNDA:0,(anonymous_3)
DA:10,0
DA:13,0
DA:72,0
DA:97,0
DA:112,0
DA:113,0
DA:117,0
DA:124,0
DA:133,0
DA:156,0
DA:178,0
DA:193,0
DA:459,0
DA:460,0
DA:461,0
DA:465,0
LF:16
LH:0
BRDA:113,0,0,0
BRDA:117,1,0,0
BRF:2
BRH:0
end_of_record
TN:
SF:src\context\ModalProvider.tsx
FN:15,(anonymous_0)
FN:27,(anonymous_1)
FN:31,(anonymous_2)
FN:36,(anonymous_3)
FNF:4
FNH:0
FNDA:0,(anonymous_0)
FNDA:0,(anonymous_1)
FNDA:0,(anonymous_2)
FNDA:0,(anonymous_3)
DA:13,0
DA:15,0
DA:16,0
DA:17,0
DA:18,0
DA:20,0
DA:27,0
DA:28,0
DA:29,0
DA:31,0
DA:32,0
DA:33,0
DA:36,0
DA:37,0
DA:38,0
DA:41,0
LF:16
LH:0
BRDA:17,0,0,0
BRDA:17,0,1,0
BRDA:45,1,0,0
BRDA:45,1,1,0
BRDA:45,1,2,0
BRF:5
BRH:0
end_of_record
TN:
SF:src\context\ThemeProvider.tsx
FN:18,(anonymous_0)
FN:30,(anonymous_1)
FN:39,(anonymous_2)
FNF:3
FNH:0
FNDA:0,(anonymous_0)
FNDA:0,(anonymous_1)
FNDA:0,(anonymous_2)
DA:12,0
DA:18,0
DA:19,0
DA:20,0
DA:21,0
DA:23,0
DA:30,0
DA:31,0
DA:32,0
DA:33,0
DA:35,0
DA:39,0
DA:40,0
DA:41,0
LF:14
LH:0
BRDA:20,0,0,0
BRDA:20,0,1,0
BRDA:32,1,0,0
BRDA:32,1,1,0
BRF:4
BRH:0
end_of_record
TN:
SF:src\context\ToastProvider.tsx
FN:30,(anonymous_0)
FN:33,(anonymous_1)
FN:37,(anonymous_2)
FN:47,(anonymous_3)
FN:50,(anonymous_4)
FN:55,(anonymous_5)
FN:59,(anonymous_6)
FN:63,(anonymous_7)
FN:67,(anonymous_8)
FN:71,(anonymous_9)
FN:72,(anonymous_10)
FN:72,(anonymous_11)
FN:89,(anonymous_12)
FN:97,(anonymous_13)
FN:104,(anonymous_14)
FNF:15
FNH:0
FNDA:0,(anonymous_0)
FNDA:0,(anonymous_1)
FNDA:0,(anonymous_2)
FNDA:0,(anonymous_3)
FNDA:0,(anonymous_4)
FNDA:0,(anonymous_5)
FNDA:0,(anonymous_6)
FNDA:0,(anonymous_7)
FNDA:0,(anonymous_8)
FNDA:0,(anonymous_9)
FNDA:0,(anonymous_10)
FNDA:0,(anonymous_11)
FNDA:0,(anonymous_12)
FNDA:0,(anonymous_13)
FNDA:0,(anonymous_14)
DA:24,0
DA:30,0
DA:31,0
DA:33,0
DA:34,0
DA:37,0
DA:38,0
DA:39,0
DA:47,0
DA:50,0
DA:51,0
DA:55,0
DA:56,0
DA:59,0
DA:60,0
DA:63,0
DA:64,0
DA:67,0
DA:68,0
DA:71,0
DA:72,0
DA:75,0
DA:84,0
DA:90,0
DA:97,0
DA:104,0
DA:105,0
DA:106,0
DA:107,0
DA:109,0
LF:30
LH:0
BRDA:44,0,0,0
BRDA:44,0,1,0
BRDA:52,1,0,0
BRDA:52,1,1,0
BRDA:106,2,0,0
BRDA:106,2,1,0
BRF:6
BRH:0
end_of_record
TN:
SF:src\hooks\useCalendar-fixed.ts
FN:21,useCalendar
FN:34,(anonymous_1)
FN:35,(anonymous_2)
FN:38,(anonymous_3)
FN:40,(anonymous_4)
FN:44,(anonymous_5)
FN:62,(anonymous_6)
FN:74,(anonymous_7)
FN:93,useCalendarData
FN:102,(anonymous_9)
FN:110,(anonymous_10)
FNF:11
FNH:0
FNDA:0,useCalendar
FNDA:0,(anonymous_1)
FNDA:0,(anonymous_2)
FNDA:0,(anonymous_3)
FNDA:0,(anonymous_4)
FNDA:0,(anonymous_5)
FNDA:0,(anonymous_6)
FNDA:0,(anonymous_7)
FNDA:0,useCalendarData
FNDA:0,(anonymous_9)
FNDA:0,(anonymous_10)
DA:22,0
DA:29,0
DA:34,0
DA:35,0
DA:38,0
DA:39,0
DA:40,0
DA:42,0
DA:44,0
DA:51,0
DA:54,0
DA:56,0
DA:57,0
DA:58,0
DA:59,0
DA:62,0
DA:68,0
DA:69,0
DA:74,0
DA:75,0
DA:76,0
DA:80,0
DA:98,0
DA:99,0
DA:102,0
DA:103,0
DA:104,0
DA:105,0
DA:110,0
DA:111,0
DA:112,0
DA:116,0
LF:32
LH:0
BRDA:56,0,0,0
BRDA:56,0,1,0
BRDA:58,1,0,0
BRDA:58,1,1,0
BRDA:68,2,0,0
BRDA:68,2,1,0
BRDA:75,3,0,0
BRDA:75,3,1,0
BRDA:96,4,0,0
BRDA:103,5,0,0
BRDA:103,5,1,0
BRDA:103,6,0,0
BRDA:103,6,1,0
BRDA:111,7,0,0
BRDA:111,7,1,0
BRDA:111,8,0,0
BRDA:111,8,1,0
BRF:17
BRH:0
end_of_record
TN:
SF:src\hooks\useCalendar.ts
FN:22,useCalendar
FN:35,(anonymous_1)
FN:36,(anonymous_2)
FN:39,(anonymous_3)
FN:45,(anonymous_4)
FN:49,(anonymous_5)
FN:67,(anonymous_6)
FN:79,(anonymous_7)
FN:100,useCalendarData
FN:115,(anonymous_9)
FNF:10
FNH:0
FNDA:0,useCalendar
FNDA:0,(anonymous_1)
FNDA:0,(anonymous_2)
FNDA:0,(anonymous_3)
FNDA:0,(anonymous_4)
FNDA:0,(anonymous_5)
FNDA:0,(anonymous_6)
FNDA:0,(anonymous_7)
FNDA:0,useCalendarData
FNDA:0,(anonymous_9)
DA:23,0
DA:30,0
DA:35,0
DA:36,0
DA:39,0
DA:41,0
DA:42,0
DA:44,0
DA:45,0
DA:47,0
DA:49,0
DA:56,0
DA:59,0
DA:61,0
DA:62,0
DA:63,0
DA:64,0
DA:67,0
DA:73,0
DA:74,0
DA:79,0
DA:80,0
DA:81,0
DA:85,0
DA:105,0
DA:106,0
DA:110,0
DA:111,0
DA:115,0
DA:116,0
DA:117,0
DA:118,0
DA:122,0
LF:33
LH:0
BRDA:41,0,0,0
BRDA:41,0,1,0
BRDA:61,1,0,0
BRDA:61,1,1,0
BRDA:63,2,0,0
BRDA:63,2,1,0
BRDA:73,3,0,0
BRDA:73,3,1,0
BRDA:80,4,0,0
BRDA:80,4,1,0
BRDA:103,5,0,0
BRDA:110,6,0,0
BRDA:110,6,1,0
BRDA:110,7,0,0
BRDA:110,7,1,0
BRDA:116,8,0,0
BRDA:116,8,1,0
BRDA:116,9,0,0
BRDA:116,9,1,0
BRF:19
BRH:0
end_of_record
TN:
SF:src\hooks\useClients.ts
FN:16,(anonymous_0)
FN:21,(anonymous_1)
FN:55,(anonymous_2)
FN:59,(anonymous_3)
FN:65,(anonymous_4)
FNF:5
FNH:0
FNDA:0,(anonymous_0)
FNDA:0,(anonymous_1)
FNDA:0,(anonymous_2)
FNDA:0,(anonymous_3)
FNDA:0,(anonymous_4)
DA:16,0
DA:17,0
DA:18,0
DA:19,0
DA:21,0
DA:22,0
DA:23,0
DA:24,0
DA:27,0
DA:28,0
DA:29,0
DA:30,0
DA:31,0
DA:35,0
DA:36,0
DA:39,0
DA:40,0
DA:42,0
DA:43,0
DA:44,0
DA:45,0
DA:47,0
DA:49,0
DA:51,0
DA:55,0
DA:56,0
DA:59,0
DA:60,0
DA:64,0
DA:65,0
DA:66,0
DA:68,0
LF:32
LH:0
BRDA:28,0,0,0
BRDA:28,0,1,0
BRDA:40,1,0,0
BRDA:40,1,1,0
BRDA:42,2,0,0
BRDA:42,2,1,0
BRDA:42,3,0,0
BRDA:42,3,1,0
BRDA:44,4,0,0
BRDA:44,4,1,0
BRDA:44,5,0,0
BRDA:44,5,1,0
BRF:12
BRH:0
end_of_record
TN:
SF:src\hooks\useCommonStyles.ts
FN:9,(anonymous_0)
FNF:1
FNH:0
FNDA:0,(anonymous_0)
DA:9,0
DA:10,0
DA:11,0
DA:13,0
LF:4
LH:0
BRF:0
BRH:0
end_of_record
TN:
SF:src\hooks\useGamification.ts
FN:54,(anonymous_0)
FN:73,(anonymous_1)
FN:77,(anonymous_2)
FN:91,(anonymous_3)
FN:101,(anonymous_4)
FN:114,(anonymous_5)
FN:121,(anonymous_6)
FN:133,(anonymous_7)
FN:158,(anonymous_8)
FN:173,(anonymous_9)
FNF:10
FNH:0
FNDA:0,(anonymous_0)
FNDA:0,(anonymous_1)
FNDA:0,(anonymous_2)
FNDA:0,(anonymous_3)
FNDA:0,(anonymous_4)
FNDA:0,(anonymous_5)
FNDA:0,(anonymous_6)
FNDA:0,(anonymous_7)
FNDA:0,(anonymous_8)
FNDA:0,(anonymous_9)
DA:28,0
DA:31,0
DA:54,0
DA:55,0
DA:56,0
DA:57,0
DA:60,0
DA:73,0
DA:74,0
DA:77,0
DA:78,0
DA:79,0
DA:81,0
DA:83,0
DA:84,0
DA:85,0
DA:87,0
DA:91,0
DA:92,0
DA:94,0
DA:96,0
DA:97,0
DA:101,0
DA:102,0
DA:103,0
DA:105,0
DA:106,0
DA:107,0
DA:108,0
DA:109,0
DA:114,0
DA:115,0
DA:116,0
DA:118,0
DA:119,0
DA:120,0
DA:121,0
DA:122,0
DA:125,0
DA:133,0
DA:134,0
DA:136,0
DA:137,0
DA:139,0
DA:150,0
DA:151,0
DA:152,0
DA:155,0
DA:158,0
DA:159,0
DA:161,0
DA:162,0
DA:170,0
DA:173,0
DA:174,0
DA:176,0
DA:181,0
DA:184,0
LF:58
LH:0
BRDA:106,0,0,0
BRDA:106,0,1,0
BRDA:118,1,0,0
BRDA:118,1,1,0
BRDA:121,2,0,0
BRDA:121,2,1,0
BRDA:134,3,0,0
BRDA:134,3,1,0
BRDA:151,4,0,0
BRDA:151,4,1,0
BRDA:159,5,0,0
BRDA:159,5,1,0
BRDA:174,6,0,0
BRDA:174,6,1,0
BRF:14
BRH:0
end_of_record
TN:
SF:src\hooks\useGamificationFixed.ts
FN:51,(anonymous_0)
FN:69,(anonymous_1)
FN:82,(anonymous_2)
FN:89,(anonymous_3)
FN:101,(anonymous_4)
FN:127,(anonymous_5)
FN:142,(anonymous_6)
FNF:7
FNH:0
FNDA:0,(anonymous_0)
FNDA:0,(anonymous_1)
FNDA:0,(anonymous_2)
FNDA:0,(anonymous_3)
FNDA:0,(anonymous_4)
FNDA:0,(anonymous_5)
FNDA:0,(anonymous_6)
DA:28,0
DA:51,0
DA:53,0
DA:65,0
DA:66,0
DA:67,0
DA:69,0
DA:70,0
DA:71,0
DA:73,0
DA:74,0
DA:75,0
DA:76,0
DA:77,0
DA:82,0
DA:83,0
DA:84,0
DA:86,0
DA:87,0
DA:88,0
DA:89,0
DA:90,0
DA:93,0
DA:101,0
DA:102,0
DA:104,0
DA:105,0
DA:107,0
DA:118,0
DA:119,0
DA:120,0
DA:123,0
DA:124,0
DA:127,0
DA:128,0
DA:130,0
[...]
BRDA:262,42,0,0
BRDA:262,42,1,0
BRDA:268,43,0,0
BRDA:268,43,1,0
BRDA:268,44,0,0
BRDA:268,44,1,0
BRF:101
BRH:0
end_of_record
TN:
SF:src\services\userMockData.ts
FN:85,(anonymous_0)
FNF:1
FNH:0
FNDA:0,(anonymous_0)
DA:4,0
DA:44,0
DA:85,0
DA:86,0
LF:4
LH:0
BRDA:86,0,0,0
BRDA:86,0,1,0
BRF:2
BRH:0
end_of_record
TN:
SF:src\services\vehiclesService.ts
FN:195,fetchVehicles
FN:202,(anonymous_1)
FN:215,fetchVehicleById
FN:221,(anonymous_3)
FN:222,(anonymous_4)
FN:238,createVehicle
FN:247,(anonymous_6)
FN:272,updateVehicle
FN:284,(anonymous_8)
FN:286,(anonymous_9)
FN:309,deleteVehicle
FN:316,(anonymous_11)
FN:318,(anonymous_12)
FN:335,fetchVehicleMaintenance
FN:345,(anonymous_14)
FN:359,createMaintenanceRecord
FN:374,(anonymous_16)
FN:401,updateVehicleStatus
FN:414,assignStaffToVehicle
FNF:19
FNH:0
FNDA:0,fetchVehicles
FNDA:0,(anonymous_1)
FNDA:0,fetchVehicleById
FNDA:0,(anonymous_3)
FNDA:0,(anonymous_4)
FNDA:0,createVehicle
FNDA:0,(anonymous_6)
FNDA:0,updateVehicle
FNDA:0,(anonymous_8)
FNDA:0,(anonymous_9)
FNDA:0,deleteVehicle
FNDA:0,(anonymous_11)
FNDA:0,(anonymous_12)
FNDA:0,fetchVehicleMaintenance
FNDA:0,(anonymous_14)
FNDA:0,createMaintenanceRecord
FNDA:0,(anonymous_16)
FNDA:0,updateVehicleStatus
FNDA:0,assignStaffToVehicle
DA:10,0
DA:83,0
DA:149,0
DA:196,0
DA:202,0
DA:203,0
DA:205,0
DA:206,0
DA:216,0
DA:221,0
DA:222,0
DA:223,0
DA:224,0
DA:226,0
DA:228,0
DA:229,0
DA:239,0
DA:247,0
DA:249,0
DA:258,0
DA:259,0
DA:261,0
DA:262,0
DA:276,0
DA:284,0
DA:286,0
DA:287,0
DA:288,0
DA:291,0
DA:297,0
DA:299,0
DA:300,0
DA:310,0
DA:316,0
DA:318,0
DA:319,0
DA:320,0
DA:323,0
DA:325,0
DA:326,0
DA:338,0
DA:345,0
DA:346,0
DA:348,0
DA:349,0
DA:363,0
DA:374,0
DA:376,0
DA:383,0
DA:384,0
DA:386,0
DA:388,0
DA:390,0
DA:391,0
DA:405,0
DA:418,0
LF:56
LH:0
BRDA:223,0,0,0
BRDA:223,0,1,0
BRDA:252,1,0,0
BRDA:252,1,1,0
BRDA:253,2,0,0
BRDA:253,2,1,0
BRDA:287,3,0,0
BRDA:287,3,1,0
BRDA:319,4,0,0
BRDA:319,4,1,0
BRDA:346,5,0,0
BRDA:346,5,1,0
BRDA:383,6,0,0
BRDA:383,6,1,0
BRF:14
BRH:0
end_of_record
TN:
SF:src\services\business\businessService.ts
FN:77,(anonymous_0)
FN:106,(anonymous_1)
FN:135,(anonymous_2)
FN:168,(anonymous_3)
FN:203,(anonymous_4)
FN:229,(anonymous_5)
FNF:6
FNH:0
FNDA:0,(anonymous_0)
FNDA:0,(anonymous_1)
FNDA:0,(anonymous_2)
FNDA:0,(anonymous_3)
FNDA:0,(anonymous_4)
FNDA:0,(anonymous_5)
DA:48,0
DA:64,0
DA:77,0
DA:78,0
DA:79,0
DA:83,0
DA:84,0
DA:85,0
DA:88,0
DA:90,0
DA:91,0
DA:92,0
DA:95,0
DA:97,0
DA:98,0
DA:99,0
DA:106,0
DA:107,0
DA:108,0
DA:112,0
DA:113,0
DA:114,0
DA:117,0
DA:119,0
DA:120,0
DA:121,0
DA:124,0
DA:126,0
DA:127,0
DA:128,0
DA:135,0
DA:139,0
DA:140,0
DA:148,0
DA:149,0
DA:152,0
DA:154,0
DA:155,0
DA:158,0
DA:160,0
DA:161,0
DA:168,0
DA:171,0
DA:172,0
DA:180,0
DA:181,0
DA:184,0
DA:186,0
DA:187,0
DA:190,0
DA:192,0
DA:193,0
DA:203,0
DA:204,0
DA:205,0
DA:209,0
DA:210,0
DA:211,0
DA:214,0
DA:216,0
DA:217,0
DA:218,0
DA:221,0
DA:223,0
DA:224,0
DA:225,0
DA:229,0
DA:230,0
DA:231,0
DA:235,0
DA:236,0
DA:239,0
DA:241,0
DA:242,0
DA:245,0
DA:246,0
LF:76
LH:0
BRDA:83,0,0,0
BRDA:83,0,1,0
BRDA:90,1,0,0
BRDA:90,1,1,0
BRDA:95,2,0,0
BRDA:95,2,1,0
BRDA:112,3,0,0
BRDA:112,3,1,0
BRDA:119,4,0,0
BRDA:119,4,1,0
BRDA:119,5,0,0
BRDA:119,5,1,0
BRDA:148,6,0,0
BRDA:148,6,1,0
BRDA:154,7,0,0
BRDA:154,7,1,0
BRDA:154,8,0,0
BRDA:154,8,1,0
BRDA:180,9,0,0
BRDA:180,9,1,0
BRDA:186,10,0,0
BRDA:186,10,1,0
BRDA:186,11,0,0
BRDA:186,11,1,0
BRDA:209,12,0,0
BRDA:209,12,1,0
BRDA:216,13,0,0
BRDA:216,13,1,0
BRDA:216,14,0,0
BRDA:216,14,1,0
BRDA:235,15,0,0
BRDA:235,15,1,0
BRDA:241,16,0,0
BRDA:241,16,1,0
BRF:34
BRH:0
end_of_record
TN:
SF:src\services\business\invoicesService.ts
FN:148,(anonymous_0)
FN:149,(anonymous_1)
FN:163,(anonymous_2)
FN:182,(anonymous_3)
FN:194,(anonymous_4)
FN:220,(anonymous_5)
FN:223,(anonymous_6)
FN:311,(anonymous_7)
FN:343,(anonymous_8)
FN:353,(anonymous_9)
FN:395,(anonymous_10)
FN:419,(anonymous_11)
FN:445,(anonymous_12)
FNF:13
FNH:0
FNDA:0,(anonymous_0)
FNDA:0,(anonymous_1)
FNDA:0,(anonymous_2)
FNDA:0,(anonymous_3)
FNDA:0,(anonymous_4)
FNDA:0,(anonymous_5)
FNDA:0,(anonymous_6)
FNDA:0,(anonymous_7)
FNDA:0,(anonymous_8)
FNDA:0,(anonymous_9)
FNDA:0,(anonymous_10)
FNDA:0,(anonymous_11)
FNDA:0,(anonymous_12)
DA:9,0
DA:148,0
DA:149,0
DA:150,0
DA:151,0
DA:153,0
DA:163,0
DA:164,0
DA:165,0
DA:169,0
DA:170,0
DA:171,0
DA:174,0
DA:176,0
DA:177,0
DA:178,0
DA:182,0
DA:183,0
DA:185,0
DA:186,0
DA:187,0
DA:194,0
DA:195,0
DA:196,0
DA:200,0
DA:201,0
DA:204,0
DA:206,0
DA:207,0
DA:210,0
DA:212,0
DA:213,0
DA:220,0
DA:221,0
DA:223,0
DA:229,0
DA:232,0
DA:233,0
DA:236,0
DA:238,0
DA:239,0
DA:241,0
DA:242,0
DA:244,0
DA:245,0
DA:249,0
DA:260,0
DA:268,0
DA:269,0
DA:270,0
DA:283,0
DA:286,0
DA:288,0
DA:289,0
DA:290,0
DA:303,0
DA:306,0
DA:308,0
DA:309,0
DA:311,0
DA:315,0
DA:316,0
DA:317,0
DA:318,0
DA:319,0
DA:320,0
DA:323,0
DA:336,0
DA:343,0
DA:347,0
DA:349,0
DA:351,0
DA:352,0
DA:353,0
DA:358,0
DA:359,0
DA:361,0
DA:367,0
DA:375,0
DA:376,0
DA:379,0
DA:381,0
DA:382,0
DA:385,0
DA:387,0
DA:388,0
DA:395,0
DA:396,0
DA:397,0
DA:401,0
DA:402,0
DA:405,0
DA:407,0
DA:408,0
DA:411,0
DA:412,0
DA:419,0
DA:420,0
DA:421,0
DA:425,0
DA:426,0
DA:429,0
DA:431,0
DA:432,0
DA:435,0
DA:437,0
DA:438,0
DA:445,0
DA:446,0
DA:447,0
DA:452,0
DA:454,0
DA:455,0
LF:113
LH:0
BRDA:169,0,0,0
BRDA:169,0,1,0
BRDA:176,1,0,0
BRDA:176,1,1,0
BRDA:182,2,0,0
BRDA:182,2,1,0
BRDA:183,3,0,0
BRDA:183,3,1,0
BRDA:200,4,0,0
BRDA:200,4,1,0
BRDA:206,5,0,0
BRDA:206,5,1,0
BRDA:206,6,0,0
BRDA:206,6,1,0
BRDA:233,7,0,0
BRDA:233,7,1,0
BRDA:233,7,2,0
BRDA:233,7,3,0
BRDA:268,8,0,0
BRDA:268,8,1,0
BRDA:288,9,0,0
BRDA:288,9,1,0
BRDA:288,10,0,0
BRDA:288,10,1,0
BRDA:317,11,0,0
BRDA:317,11,1,0
BRDA:317,11,2,0
BRDA:351,12,0,0
BRDA:351,12,1,0
BRDA:351,13,0,0
BRDA:351,13,1,0
BRDA:353,14,0,0
BRDA:353,14,1,0
BRDA:358,15,0,0
BRDA:358,15,1,0
BRDA:375,16,0,0
BRDA:375,16,1,0
BRDA:381,17,0,0
BRDA:381,17,1,0
BRDA:381,18,0,0
BRDA:381,18,1,0
BRDA:401,19,0,0
BRDA:401,19,1,0
BRDA:407,20,0,0
BRDA:407,20,1,0
BRDA:425,21,0,0
BRDA:425,21,1,0
BRDA:431,22,0,0
BRDA:431,22,1,0
BRDA:431,23,0,0
BRDA:431,23,1,0
BRF:51
BRH:0
end_of_record
TN:
SF:src\services\business\staffService.ts
FN:51,(anonymous_0)
FN:58,(anonymous_1)
FN:67,(anonymous_2)
FN:77,(anonymous_3)
FN:80,(anonymous_4)
FN:96,(anonymous_5)
FN:122,(anonymous_6)
FN:128,(anonymous_7)
FN:153,(anonymous_8)
FN:156,(anonymous_9)
FN:168,(anonymous_10)
FN:175,(anonymous_11)
FN:182,(anonymous_12)
FN:191,(anonymous_13)
FN:210,(anonymous_14)
FN:223,(anonymous_15)
FN:224,(anonymous_16)
FN:231,(anonymous_17)
FN:238,(anonymous_18)
FNF:19
FNH:0
FNDA:0,(anonymous_0)
FNDA:0,(anonymous_1)
FNDA:0,(anonymous_2)
FNDA:0,(anonymous_3)
FNDA:0,(anonymous_4)
FNDA:0,(anonymous_5)
FNDA:0,(anonymous_6)
FNDA:0,(anonymous_7)
FNDA:0,(anonymous_8)
FNDA:0,(anonymous_9)
FNDA:0,(anonymous_10)
FNDA:0,(anonymous_11)
FNDA:0,(anonymous_12)
FNDA:0,(anonymous_13)
FNDA:0,(anonymous_14)
FNDA:0,(anonymous_15)
FNDA:0,(anonymous_16)
FNDA:0,(anonymous_17)
FNDA:0,(anonymous_18)
DA:45,0
DA:46,0
DA:51,0
DA:52,0
DA:58,0
DA:59,0
DA:60,0
DA:62,0
DA:63,0
DA:66,0
DA:67,0
DA:69,0
DA:70,0
DA:77,0
DA:78,0
DA:79,0
DA:80,0
DA:82,0
DA:83,0
DA:86,0
DA:88,0
DA:89,0
DA:96,0
DA:97,0
DA:98,0
DA:100,0
DA:109,0
DA:110,0
DA:112,0
DA:114,0
DA:115,0
DA:122,0
DA:126,0
DA:127,0
DA:128,0
DA:130,0
DA:131,0
DA:134,0
DA:140,0
DA:141,0
DA:143,0
DA:145,0
DA:146,0
DA:153,0
DA:154,0
DA:155,0
DA:156,0
DA:158,0
DA:160,0
DA:161,0
DA:168,0
DA:169,0
DA:175,0
DA:176,0
DA:182,0
DA:188,0
DA:189,0
DA:191,0
DA:192,0
DA:195,0
DA:196,0
DA:197,0
DA:199,0
DA:202,0
DA:203,0
DA:210,0
DA:218,0
DA:219,0
DA:221,0
DA:223,0
DA:224,0
DA:231,0
DA:232,0
DA:233,0
DA:237,0
DA:238,0
DA:239,0
DA:242,0
DA:244,0
DA:245,0
LF:80
LH:0
BRDA:62,0,0,0
BRDA:62,0,1,0
BRDA:82,1,0,0
BRDA:82,1,1,0
BRDA:130,2,0,0
BRDA:130,2,1,0
BRDA:192,3,0,0
BRDA:192,3,1,0
BRDA:195,4,0,0
BRDA:195,4,1,0
BRDA:196,5,0,0
BRDA:196,5,1,0
BRDA:197,6,0,0
BRDA:197,6,1,0
BRDA:199,7,0,0
BRDA:199,7,1,0
BRDA:199,7,2,0
BRDA:199,7,3,0
BRDA:232,8,0,0
BRDA:232,8,1,0
BRDA:233,9,0,0
BRDA:233,9,1,0
BRDA:237,10,0,0
BRDA:237,10,1,0
BRF:24
BRH:0
end_of_record
TN:
SF:src\services\business\templatesService.ts
FN:135,(anonymous_0)
FN:154,(anonymous_1)
FN:166,(anonymous_2)
FN:192,(anonymous_3)
FN:252,(anonymous_4)
FN:285,(anonymous_5)
FN:309,(anonymous_6)
FNF:7
FNH:0
FNDA:0,(anonymous_0)
FNDA:0,(anonymous_1)
FNDA:0,(anonymous_2)
FNDA:0,(anonymous_3)
FNDA:0,(anonymous_4)
FNDA:0,(anonymous_5)
FNDA:0,(anonymous_6)
DA:9,0
DA:135,0
DA:136,0
DA:137,0
DA:141,0
DA:142,0
DA:143,0
DA:146,0
DA:148,0
DA:149,0
DA:150,0
DA:154,0
DA:155,0
DA:157,0
DA:158,0
DA:159,0
DA:166,0
DA:167,0
DA:168,0
DA:172,0
DA:173,0
DA:176,0
DA:178,0
DA:179,0
DA:182,0
DA:184,0
DA:185,0
DA:192,0
DA:193,0
DA:195,0
DA:200,0
DA:208,0
DA:209,0
DA:210,0
DA:217,0
DA:220,0
DA:222,0
DA:223,0
DA:224,0
DA:231,0
DA:234,0
DA:236,0
DA:237,0
DA:238,0
DA:245,0
DA:252,0
DA:256,0
DA:257,0
DA:265,0
DA:266,0
DA:269,0
DA:271,0
DA:272,0
DA:275,0
DA:277,0
DA:278,0
DA:285,0
DA:286,0
DA:287,0
DA:291,0
DA:292,0
DA:295,0
DA:297,0
DA:298,0
DA:301,0
DA:302,0
DA:309,0
DA:310,0
DA:312,0
DA:315,0
DA:330,0
DA:332,0
DA:333,0
LF:73
LH:0
BRDA:141,0,0,0
BRDA:141,0,1,0
BRDA:148,1,0,0
BRDA:148,1,1,0
BRDA:154,2,0,0
BRDA:154,2,1,0
BRDA:155,3,0,0
BRDA:155,3,1,0
BRDA:172,4,0,0
BRDA:172,4,1,0
BRDA:178,5,0,0
BRDA:178,5,1,0
BRDA:178,6,0,0
BRDA:178,6,1,0
BRDA:208,7,0,0
BRDA:208,7,1,0
BRDA:222,8,0,0
BRDA:222,8,1,0
BRDA:222,9,0,0
BRDA:222,9,1,0
BRDA:265,10,0,0
BRDA:265,10,1,0
BRDA:271,11,0,0
BRDA:271,11,1,0
BRDA:271,12,0,0
BRDA:271,12,1,0
BRDA:291,13,0,0
BRDA:291,13,1,0
BRDA:297,14,0,0
BRDA:297,14,1,0
BRDA:316,15,0,0
BRDA:316,15,1,0
BRF:32
BRH:0
end_of_record
TN:
SF:src\services\business\vehiclesService.ts
FN:122,(anonymous_0)
FN:130,(anonymous_1)
FN:137,(anonymous_2)
FN:140,(anonymous_3)
FN:144,(anonymous_4)
FN:151,(anonymous_5)
FN:177,(anonymous_6)
FN:238,(anonymous_7)
FN:272,(anonymous_8)
FN:296,(anonymous_9)
FNF:10
FNH:0
FNDA:0,(anonymous_0)
FNDA:0,(anonymous_1)
FNDA:0,(anonymous_2)
FNDA:0,(anonymous_3)
FNDA:0,(anonymous_4)
FNDA:0,(anonymous_5)
FNDA:0,(anonymous_6)
FNDA:0,(anonymous_7)
FNDA:0,(anonymous_8)
FNDA:0,(anonymous_9)
DA:9,0
DA:122,0
DA:123,0
DA:124,0
DA:128,0
DA:129,0
DA:130,0
DA:133,0
DA:135,0
DA:136,0
DA:137,0
DA:140,0
DA:142,0
DA:143,0
DA:144,0
DA:151,0
DA:152,0
DA:153,0
DA:157,0
DA:158,0
DA:161,0
DA:163,0
DA:164,0
DA:167,0
DA:169,0
DA:170,0
DA:177,0
DA:181,0
DA:182,0
DA:190,0
DA:191,0
DA:193,0
DA:201,0
DA:204,0
DA:206,0
DA:207,0
DA:208,0
DA:216,0
DA:219,0
DA:221,0
DA:222,0
DA:223,0
DA:231,0
DA:238,0
DA:243,0
DA:244,0
DA:252,0
DA:253,0
DA:256,0
DA:258,0
DA:259,0
DA:262,0
DA:264,0
DA:265,0
DA:272,0
DA:273,0
DA:274,0
DA:278,0
DA:279,0
DA:282,0
DA:284,0
DA:285,0
DA:288,0
DA:289,0
DA:296,0
DA:300,0
DA:301,0
DA:309,0
DA:310,0
DA:313,0
DA:315,0
DA:316,0
DA:319,0
DA:321,0
DA:322,0
LF:75
LH:0
BRDA:128,0,0,0
BRDA:128,0,1,0
BRDA:135,1,0,0
BRDA:135,1,1,0
BRDA:140,2,0,0
BRDA:140,2,1,0
BRDA:157,3,0,0
BRDA:157,3,1,0
BRDA:163,4,0,0
BRDA:163,4,1,0
BRDA:163,5,0,0
BRDA:163,5,1,0
BRDA:190,6,0,0
BRDA:190,6,1,0
BRDA:206,7,0,0
BRDA:206,7,1,0
BRDA:206,8,0,0
BRDA:206,8,1,0
BRDA:252,9,0,0
BRDA:252,9,1,0
BRDA:258,10,0,0
BRDA:258,10,1,0
BRDA:258,11,0,0
BRDA:258,11,1,0
BRDA:278,12,0,0
BRDA:278,12,1,0
BRDA:284,13,0,0
BRDA:284,13,1,0
BRDA:309,14,0,0
BRDA:309,14,1,0
BRDA:315,15,0,0
BRDA:315,15,1,0
BRDA:319,16,0,0
BRDA:319,16,1,0
BRF:34
BRH:0
end_of_record
TN:
SF:src\services\calendar\loadCalendarDays.ts
FN:28,(anonymous_0)
FN:43,formatDateForApi
FN:56,validateDateRange
FN:73,(anonymous_3)
FN:185,(anonymous_4)
FN:195,(anonymous_5)
FN:204,(anonymous_6)
FNF:7
FNH:0
FNDA:0,(anonymous_0)
FNDA:0,formatDateForApi
FNDA:0,validateDateRange
FNDA:0,(anonymous_3)
FNDA:0,(anonymous_4)
FNDA:0,(anonymous_5)
FNDA:0,(anonymous_6)
DA:33,0
DA:34,0
DA:44,0
DA:45,0
DA:46,0
DA:48,0
DA:57,0
DA:58,0
DA:61,0
DA:62,0
DA:63,0
DA:73,0
DA:78,0
DA:80,0
DA:82,0
DA:83,0
DA:86,0
DA:88,0
DA:91,0
DA:92,0
DA:94,0
DA:95,0
DA:99,0
DA:104,0
DA:105,0
DA:109,0
DA:119,0
DA:120,0
DA:121,0
DA:128,0
DA:131,0
DA:132,0
DA:138,0
DA:139,0
DA:142,0
DA:143,0
DA:146,0
DA:150,0
DA:151,0
DA:155,0
DA:156,0
DA:164,0
DA:165,0
DA:173,0
DA:174,0
DA:181,0
DA:186,0
DA:187,0
DA:188,0
DA:189,0
DA:196,0
DA:197,0
DA:198,0
DA:205,0
DA:206,0
DA:207,0
DA:209,0
DA:210,0
DA:212,0
LF:59
LH:0
BRDA:57,0,0,0
BRDA:57,0,1,0
BRDA:62,1,0,0
BRDA:62,1,1,0
BRDA:82,2,0,0
BRDA:82,2,1,0
BRDA:94,3,0,0
BRDA:94,3,1,0
BRDA:104,4,0,0
BRDA:104,4,1,0
BRDA:104,5,0,0
BRDA:104,5,1,0
BRDA:119,6,0,0
BRDA:119,6,1,0
BRDA:131,7,0,0
BRDA:131,7,1,0
BRDA:133,8,0,0
BRDA:133,8,1,0
BRDA:138,9,0,0
BRDA:138,9,1,0
BRDA:142,10,0,0
BRDA:142,10,1,0
BRDA:150,11,0,0
BRDA:150,11,1,0
BRDA:155,12,0,0
BRDA:155,12,1,0
BRDA:155,13,0,0
BRDA:155,13,1,0
BRDA:164,14,0,0
BRDA:164,14,1,0
BRDA:173,15,0,0
BRDA:173,15,1,0
BRDA:204,16,0,0
BRDA:204,17,0,0
BRF:34
BRH:0
end_of_record
TN:
SF:src\services\calendar\loadCalendarDays_Old.tsx
FN:4,(anonymous_0)
FNF:1
FNH:0
FNDA:0,(anonymous_0)
DA:4,0
DA:5,0
DA:7,0
DA:8,0
DA:11,0
DA:12,0
DA:14,0
DA:16,0
DA:28,0
DA:29,0
DA:32,0
DA:33,0
DA:34,0
DA:37,0
DA:39,0
DA:41,0
DA:42,0
LF:17
LH:0
BRDA:28,0,0,0
BRDA:28,0,1,0
BRDA:33,1,0,0
BRDA:33,1,1,0
BRDA:34,2,0,0
BRDA:34,2,1,0
BRF:6
BRH:0
end_of_record
TN:
SF:src\types\staff.ts
FNF:0
FNH:0
LF:0
LH:0
BRF:0
BRH:0
end_of_record
TN:
SF:src\utils\auth.ts
FN:8,login
FN:25,(anonymous_1)
FN:56,getAuthHeaders
FN:69,isLoggedIn
FN:74,refreshToken
FN:146,clearSession
FN:154,authenticatedFetch
FNF:7
FNH:0
FNDA:0,login
FNDA:0,(anonymous_1)
FNDA:0,getAuthHeaders
FNDA:0,isLoggedIn
FNDA:0,refreshToken
FNDA:0,clearSession
FNDA:0,authenticatedFetch
DA:6,0
DA:9,0
DA:11,0
DA:13,0
DA:24,0
DA:25,0
DA:26,0
DA:28,0
DA:29,0
DA:30,0
DA:31,0
DA:32,0
DA:33,0
DA:34,0
DA:37,0
DA:40,0
DA:41,0
DA:43,0
DA:45,0
DA:47,0
DA:49,0
DA:50,0
DA:53,0
DA:57,0
DA:59,0
DA:60,0
DA:61,0
DA:62,0
DA:64,0
DA:65,0
DA:70,0
DA:71,0
DA:75,0
DA:76,0
DA:78,0
DA:79,0
DA:80,0
DA:82,0
DA:83,0
DA:84,0
DA:87,0
DA:88,0
DA:90,0
DA:101,0
DA:103,0
DA:104,0
DA:105,0
DA:106,0
DA:109,0
DA:110,0
DA:111,0
DA:116,0
DA:118,0
DA:120,0
DA:121,0
DA:122,0
DA:123,0
DA:126,0
DA:128,0
DA:129,0
DA:131,0
DA:132,0
DA:133,0
DA:136,0
DA:137,0
DA:140,0
DA:141,0
DA:142,0
DA:147,0
DA:148,0
DA:155,0
DA:156,0
DA:157,0
DA:160,0
DA:161,0
DA:163,0
DA:172,0
DA:173,0
DA:174,0
DA:177,0
DA:178,0
DA:179,0
DA:181,0
DA:182,0
DA:184,0
DA:185,0
DA:186,0
DA:189,0
DA:190,0
DA:191,0
DA:197,0
DA:198,0
DA:199,0
DA:201,0
DA:203,0
DA:204,0
DA:205,0
DA:206,0
DA:210,0
DA:211,0
DA:212,0
DA:213,0
DA:217,0
DA:218,0
LF:104
LH:0
BRDA:11,0,0,0
BRDA:11,0,1,0
BRDA:24,1,0,0
BRDA:24,1,1,0
BRDA:29,2,0,0
BRDA:29,2,1,0
BRDA:30,3,0,0
BRDA:30,3,1,0
BRDA:31,4,0,0
BRDA:31,4,1,0
BRDA:33,5,0,0
BRDA:33,5,1,0
BRDA:45,6,0,0
BRDA:45,6,1,0
BRDA:45,7,0,0
BRDA:45,7,1,0
BRDA:49,8,0,0
BRDA:49,8,1,0
BRDA:59,9,0,0
BRDA:59,9,1,0
BRDA:82,10,0,0
BRDA:82,10,1,0
BRDA:103,11,0,0
BRDA:103,11,1,0
BRDA:120,12,0,0
BRDA:120,12,1,0
BRDA:120,13,0,0
BRDA:120,13,1,0
BRDA:131,14,0,0
BRDA:131,14,1,0
BRDA:154,15,0,0
BRDA:177,16,0,0
BRDA:177,16,1,0
BRDA:184,17,0,0
BRDA:184,17,1,0
BRDA:201,18,0,0
BRDA:201,18,1,0
BRF:37
BRH:0
end_of_record
TN:
SF:src\utils\businessUtils.ts
FN:6,(anonymous_0)
FN:12,(anonymous_1)
FN:17,(anonymous_2)
FNF:3
FNH:3
FNDA:7,(anonymous_0)
FNDA:6,(anonymous_1)
FNDA:8,(anonymous_2)
DA:6,1
DA:7,7
DA:8,7
DA:12,1
DA:13,6
DA:17,1
DA:18,8
DA:19,7
LF:8
LH:8
BRDA:18,0,0,1
BRDA:18,0,1,7
BRF:2
BRH:2
end_of_record
TN:
SF:src\utils\checkAuth.tsx
FN:28,(anonymous_0)
FN:65,(anonymous_1)
FN:69,(anonymous_2)
FN:93,(anonymous_3)
FNF:4
FNH:0
FNDA:0,(anonymous_0)
FNDA:0,(anonymous_1)
FNDA:0,(anonymous_2)
FNDA:0,(anonymous_3)
DA:28,0
DA:32,0
DA:33,0
DA:35,0
DA:51,0
DA:65,0
DA:69,0
DA:70,0
DA:73,0
DA:74,0
DA:78,0
DA:79,0
DA:83,0
DA:93,0
DA:97,0
LF:15
LH:0
BRDA:30,0,0,0
BRDA:35,1,0,0
BRDA:35,1,1,0
BRDA:53,2,0,0
BRDA:53,2,1,0
BRDA:54,3,0,0
BRDA:54,3,1,0
BRDA:67,4,0,0
BRDA:73,5,0,0
BRDA:73,5,1,0
BRDA:78,6,0,0
BRDA:78,6,1,0
BRDA:95,7,0,0
BRF:13
BRH:0
end_of_record
TN:
SF:src\utils\dateUtils.ts
FN:15,getCalendarDateRange
FN:32,getMonthDateRange
FN:42,getYearDateRange
FN:52,formatDisplayDate
FN:63,isSameDay
FN:72,getDaysBetween
FNF:6
FNH:3
FNDA:0,getCalendarDateRange
FNDA:0,getMonthDateRange
FNDA:0,getYearDateRange
FNDA:1,formatDisplayDate
FNDA:2,isSameDay
FNDA:2,getDaysBetween
DA:16,0
DA:17,0
DA:18,0
DA:19,0
DA:21,0
DA:22,0
DA:23,0
DA:24,0
DA:26,0
DA:33,0
DA:34,0
DA:36,0
DA:43,0
DA:44,0
DA:46,0
DA:53,1
DA:64,2
DA:73,2
DA:74,2
LF:19
LH:4
BRDA:64,0,0,2
BRDA:64,0,1,2
BRDA:64,0,2,2
BRF:3
BRH:3
end_of_record
TN:
SF:src\utils\device.ts
FN:15,getOrCreateLocalDeviceKey
FN:20,(anonymous_1)
FN:27,collectDevicePayload
FNF:3
FNH:0
FNDA:0,getOrCreateLocalDeviceKey
FNDA:0,(anonymous_1)
FNDA:0,collectDevicePayload
DA:9,0
DA:16,0
DA:17,0
DA:19,0
DA:20,0
DA:22,0
DA:24,0
DA:28,0
DA:30,0
DA:32,0
DA:40,0
DA:46,0
DA:50,0
DA:52,0
LF:14
LH:0
BRDA:17,0,0,0
BRDA:17,0,1,0
BRDA:46,1,0,0
BRDA:46,1,1,0
BRDA:46,1,2,0
BRDA:50,2,0,0
BRDA:50,2,1,0
BRDA:50,3,0,0
BRDA:50,3,1,0
BRDA:50,4,0,0
BRDA:50,4,1,0
BRDA:50,5,0,0
BRDA:50,5,1,0
BRF:13
BRH:0
end_of_record
TN:
SF:src\utils\jobStepsUtils.ts
FN:18,(anonymous_0)
FN:74,(anonymous_1)
FN:89,(anonymous_2)
FN:104,(anonymous_3)
FN:111,(anonymous_4)
FN:113,(anonymous_5)
FN:120,(anonymous_6)
FN:128,(anonymous_7)
FN:130,(anonymous_8)
FNF:9
FNH:0
FNDA:0,(anonymous_0)
FNDA:0,(anonymous_1)
FNDA:0,(anonymous_2)
FNDA:0,(anonymous_3)
FNDA:0,(anonymous_4)
FNDA:0,(anonymous_5)
FNDA:0,(anonymous_6)
FNDA:0,(anonymous_7)
FNDA:0,(anonymous_8)
DA:18,0
DA:19,0
DA:20,0
DA:22,0
DA:74,0
DA:75,0
DA:76,0
DA:78,0
DA:79,0
DA:83,0
DA:89,0
DA:90,0
DA:91,0
DA:93,0
DA:94,0
DA:95,0
DA:98,0
DA:104,0
DA:105,0
DA:111,0
DA:112,0
DA:113,0
DA:114,0
DA:120,0
DA:121,0
DA:122,0
DA:128,0
DA:129,0
DA:130,0
LF:29
LH:0
BRDA:19,0,0,0
BRDA:19,0,1,0
BRDA:19,0,2,0
BRDA:28,1,0,0
BRDA:28,1,1,0
BRDA:36,2,0,0
BRDA:36,2,1,0
BRDA:37,3,0,0
BRDA:37,3,1,0
BRDA:37,4,0,0
BRDA:37,4,1,0
BRDA:46,5,0,0
BRDA:46,5,1,0
BRDA:46,6,0,0
BRDA:46,6,1,0
BRDA:54,7,0,0
BRDA:54,7,1,0
BRDA:55,8,0,0
BRDA:55,8,1,0
BRDA:55,9,0,0
BRDA:55,9,1,0
BRDA:64,10,0,0
BRDA:64,10,1,0
BRDA:64,11,0,0
BRDA:64,11,1,0
BRDA:75,12,0,0
BRDA:75,12,1,0
BRDA:75,12,2,0
BRDA:78,13,0,0
BRDA:78,13,1,0
BRDA:79,14,0,0
BRDA:79,14,1,0
BRDA:90,15,0,0
BRDA:90,15,1,0
BRDA:90,15,2,0
BRDA:93,16,0,0
BRDA:93,16,1,0
BRDA:94,17,0,0
BRDA:94,17,1,0
BRDA:105,18,0,0
BRDA:105,18,1,0
BRDA:105,18,2,0
BRDA:114,19,0,0
BRDA:114,19,1,0
BRDA:122,20,0,0
BRDA:122,20,1,0
BRDA:122,20,2,0
BRDA:130,21,0,0
BRDA:130,21,1,0
BRF:49
BRH:0
end_of_record
TN:
SF:src\utils\profileTest.ts
FN:40,calculateXPPercentage
FNF:1
FNH:0
FNDA:0,calculateXPPercentage
DA:5,0
DA:8,0
DA:9,0
DA:10,0
DA:11,0
DA:12,0
DA:13,0
DA:14,0
DA:15,0
DA:16,0
DA:19,0
DA:20,0
DA:21,0
DA:22,0
DA:23,0
DA:24,0
DA:25,0
DA:26,0
DA:27,0
DA:28,0
DA:29,0
DA:32,0
DA:33,0
DA:34,0
DA:35,0
DA:36,0
DA:39,0
DA:41,0
DA:44,0
DA:45,0
DA:47,0
LF:31
LH:0
BRDA:15,0,0,0
BRDA:15,0,1,0
BRDA:16,1,0,0
BRDA:16,1,1,0
BRDA:26,2,0,0
BRDA:26,2,1,0
BRDA:27,3,0,0
BRDA:27,3,1,0
BRDA:35,4,0,0
BRDA:35,4,1,0
BRDA:36,5,0,0
BRDA:36,5,1,0
BRDA:44,6,0,0
BRDA:44,6,1,0
BRDA:44,7,0,0
BRDA:44,7,1,0
BRDA:45,8,0,0
BRDA:45,8,1,0
BRDA:45,9,0,0
BRDA:45,9,1,0
BRF:20
BRH:0
end_of_record
TN:
SF:src\utils\session.ts
FN:9,clearLocalSession
FN:16,fetchMe
FN:20,(anonymous_2)
FN:31,ensureSession
FN:66,(anonymous_4)
FN:88,fetchWithAuth
FN:95,(anonymous_6)
FNF:7
FNH:0
FNDA:0,clearLocalSession
FNDA:0,fetchMe
FNDA:0,(anonymous_2)
FNDA:0,ensureSession
FNDA:0,(anonymous_4)
FNDA:0,fetchWithAuth
FNDA:0,(anonymous_6)
DA:6,0
DA:10,0
DA:11,0
DA:12,0
DA:17,0
DA:19,0
DA:20,0
DA:21,0
DA:22,0
DA:25,0
DA:26,0
DA:34,0
DA:41,0
DA:42,0
DA:44,0
DA:46,0
DA:47,0
DA:48,0
DA:49,0
DA:52,0
DA:54,0
DA:61,0
DA:62,0
DA:63,0
DA:64,0
DA:65,0
DA:66,0
DA:67,0
DA:75,0
DA:77,0
DA:90,0
DA:93,0
DA:94,0
DA:95,0
DA:96,0
DA:97,0
DA:101,0
DA:103,0
DA:106,0
DA:107,0
DA:110,0
DA:111,0
DA:115,0
DA:116,0
LF:44
LH:0
BRDA:21,0,0,0
BRDA:21,0,1,0
BRDA:41,1,0,0
BRDA:41,1,1,0
BRDA:44,2,0,0
BRDA:44,2,1,0
BRDA:48,3,0,0
BRDA:48,3,1,0
BRDA:48,4,0,0
BRDA:48,4,1,0
BRDA:48,4,2,0
BRDA:61,5,0,0
BRDA:61,5,1,0
BRDA:61,6,0,0
BRDA:61,6,1,0
BRDA:65,7,0,0
BRDA:65,7,1,0
BRDA:88,8,0,0
BRDA:90,9,0,0
BRDA:90,9,1,0
BRDA:93,10,0,0
BRDA:93,10,1,0
BRDA:96,11,0,0
BRDA:96,11,1,0
BRDA:103,12,0,0
BRDA:103,12,1,0
BRDA:115,13,0,0
BRDA:115,13,1,0
BRF:28
BRH:0
end_of_record
